<?xml version="1.0" encoding="UTF-8"?>
<testsuites name="TS001 - Edit Profile with verification" time="64" tests="0" failures="3" errors="1">
   <testsuite name="TS001 - Edit Profile with verification" tests="0" failures="3" errors="1" time="64" timestamp="2018-08-02 09:29:30" hostname="kl.chan - KaiLoon0917.mk.macrokiosk.com" id="Test Suites/Profile/TS001 - Edit Profile with verification">
      <properties>
         <property name="deviceName" value=""/>
         <property name="devicePlatform" value=""/>
         <property name="logFolder" value="C:\\Users\\kl.chan\\Katalon Studio\\boldtag\\Reports\\Profile\\TS001 - Edit Profile with verification\\20180802_092928"/>
         <property name="logFiles" value="C:\\Users\\kl.chan\\Katalon Studio\\boldtag\\Reports\\Profile\\TS001 - Edit Profile with verification\\20180802_092928\\execution0.log"/>
         <property name="attachments" value="C:\\Users\\kl.chan\\Katalon Studio\\boldtag\\Reports\\Profile\\TS001 - Edit Profile with verification\\20180802_092928\\1533173429179.png, C:\\Users\\kl.chan\\Katalon Studio\\boldtag\\Reports\\Profile\\TS001 - Edit Profile with verification\\20180802_092928\\1533173433943.png"/>
         <property name="hostName" value="kl.chan - KaiLoon0917.mk.macrokiosk.com"/>
         <property name="os" value="Windows 10 64bit"/>
         <property name="katalonVersion" value="5.5.0.1"/>
         <property name="browser" value="Chrome 67.0.3396.99"/>
         <property name="hostAddress" value="192.168.2.78"/>
         <property name="sessionId" value="11ee4f0480a1adcc9b95f5f1b49a9329"/>
         <property name="seleniumVersion" value="3.7.1"/>
         <property name="proxyInformation" value="ProxyInformation{proxyOption=NO_PROXY, proxyServerType=HTTP, password=, proxyServerAddress=, proxyServerPort=0}"/>
         <property name="platform" value="Windows 10"/>
      </properties>
      <testcase name="Test Cases/Client Portal/Profile/TC002 - Edit Profile with verification" classname="Test Cases/Client Portal/Profile/TC002 - Edit Profile with verification" status="FAILED">
         <failure type="FAILED" message="Unable to verify match between actual text 'Profile updated.' and expected text 'No record found.' using regular expression (Root cause: Actual text 'Profile updated.' and expected text 'No record found.' are not matched using regular expression)"/>
         <system-out><![CDATA[2018-08-02 09:29:31 - [TEST_CASE][FAILED] - Test Cases/Client Portal/Profile/TC002 - Edit Profile with verification: Test Cases/Client Portal/Profile/TC002 - Edit Profile with verification FAILED because (of) Unable to verify match between actual text 'Profile updated.' and expected text 'No record found.' using regular expression (Root cause: Actual text 'Profile updated.' and expected text 'No record found.' are not matched using regular expression)

2018-08-02 09:29:31 - [TEST_STEP][PASSED] - callTestCase: Call Test Case 'Test Cases/Client Portal/Profile/Sub Test Case/search profile' successfully

2018-08-02 09:29:31 - [TEST_CASE][PASSED] - Test Cases/Client Portal/Profile/Sub Test Case/search profile: Test Cases/Client Portal/Profile/Sub Test Case/search profile

2018-08-02 09:29:32 - [TEST_STEP][PASSED] - Statement - If (loginAction == false): Call Test Case 'Test Cases/Client Portal/Login/Verify Login Success' successfully

2018-08-02 09:29:32 - [TEST_STEP][PASSED] - callTestCase: Call Test Case 'Test Cases/Client Portal/Login/Verify Login Success' successfully

2018-08-02 09:29:32 - [TEST_CASE][PASSED] - Test Cases/Client Portal/Login/Verify Login Success: Test Cases/Client Portal/Login/Verify Login Success

2018-08-02 09:29:32 - [TEST_STEP][PASSED] - callTestCase: Call Test Case 'Test Cases/Client Portal/Login/Sub Test Case/Login Action' successfully

2018-08-02 09:29:32 - [TEST_CASE][PASSED] - Test Cases/Client Portal/Login/Sub Test Case/Login Action: Test Cases/Client Portal/Login/Sub Test Case/Login Action

2018-08-02 09:29:32 - [TEST_STEP][PASSED] - openBrowser: Browser is opened with url: 'sit.boldtag.net/login.html'

2018-08-02 09:29:44 - [MESSAGE][PASSED] - Browser is opened with url: 'sit.boldtag.net/login.html'

2018-08-02 09:29:44 - [TEST_STEP][PASSED] - maximizeWindow: Current window maximized

2018-08-02 09:29:45 - [MESSAGE][PASSED] - Current window maximized

2018-08-02 09:29:45 - [TEST_STEP][PASSED] - setText: Text 'cwspreflat' is set on object 'Object Repository/Client Portal/Login/Fields and Actions/input_username'

2018-08-02 09:29:45 - [MESSAGE][PASSED] - Text 'cwspreflat' is set on object 'Object Repository/Client Portal/Login/Fields and Actions/input_username'

2018-08-02 09:29:45 - [TEST_STEP][PASSED] - setText: Text 'P@55word' is set on object 'Object Repository/Client Portal/Login/Fields and Actions/input_password'

2018-08-02 09:29:46 - [MESSAGE][PASSED] - Text 'P@55word' is set on object 'Object Repository/Client Portal/Login/Fields and Actions/input_password'

2018-08-02 09:29:46 - [TEST_STEP][PASSED] - click: Object: 'Object Repository/Client Portal/Login/Fields and Actions/button_LOGIN' is clicked on

2018-08-02 09:29:46 - [MESSAGE][PASSED] - Object: 'Object Repository/Client Portal/Login/Fields and Actions/button_LOGIN' is clicked on

2018-08-02 09:29:46 - [TEST_STEP][PASSED] - Statement - loginAction = true: null

2018-08-02 09:29:46 - [MESSAGE][PASSED] - Call Test Case 'Test Cases/Client Portal/Login/Sub Test Case/Login Action' successfully

2018-08-02 09:29:46 - [TEST_STEP][PASSED] - Statement - userAccess = false: null

2018-08-02 09:29:46 - [TEST_STEP][PASSED] - Statement - If (com.kms.katalon.core.webui.keyword.WebUiBuiltInKeywords.waitForElementVisible(com.kms.katalon.core.testobject.ObjectRepository.findTestObject(Client Portal/a.Common/button_End tour), 5)): Web element with id: 'Object Repository/Client Portal/a.Common/button_End tour' located by 'By.xpath: //button[(text() = 'End tour' or . = 'End tour')]' is not present after '5' second(s)

2018-08-02 09:29:47 - [MESSAGE][PASSED] - Object 'Object Repository/Client Portal/a.Common/button_End tour' is visible

2018-08-02 09:29:47 - [TEST_STEP][PASSED] - click: Object: 'Object Repository/Client Portal/a.Common/button_End tour' is clicked on

2018-08-02 09:29:47 - [MESSAGE][PASSED] - Object: 'Object Repository/Client Portal/a.Common/button_End tour' is clicked on

2018-08-02 09:29:47 - [TEST_STEP][PASSED] - waitForElementNotPresent: Web element with id: 'Object Repository/Client Portal/a.Common/button_End tour' located by 'By.xpath: //button[(text() = 'End tour' or . = 'End tour')]' is not present after '5' second(s)

2018-08-02 09:29:48 - [MESSAGE][PASSED] - Web element with id: 'Object Repository/Client Portal/a.Common/button_End tour' located by 'By.xpath: //button[(text() = 'End tour' or . = 'End tour')]' is not present after '5' second(s)

2018-08-02 09:29:48 - [TEST_STEP][PASSED] - Statement - If (com.kms.katalon.core.webui.keyword.WebUiBuiltInKeywords.waitForElementVisible(com.kms.katalon.core.testobject.ObjectRepository.findTestObject(Client Portal/a.Common/sidebar_username), 5)): null

2018-08-02 09:29:48 - [MESSAGE][PASSED] - Object 'Object Repository/Client Portal/a.Common/sidebar_username' is visible

2018-08-02 09:29:48 - [TEST_STEP][PASSED] - Statement - verifyusername1 = com.kms.katalon.core.webui.keyword.WebUiBuiltInKeywords.getText(com.kms.katalon.core.testobject.ObjectRepository.findTestObject(Client Portal/a.Common/sidebar_username)): Text of object 'Object Repository/Client Portal/a.Common/sidebar_username' is: 'cwspreflat'

2018-08-02 09:29:48 - [MESSAGE][PASSED] - Text of object 'Object Repository/Client Portal/a.Common/sidebar_username' is: 'cwspreflat'

2018-08-02 09:29:48 - [TEST_STEP][PASSED] - verifyMatch: Actual text 'cwspreflat' and expected text 'cwspreflat' are matched  using regular expression

2018-08-02 09:29:48 - [MESSAGE][PASSED] - Actual text 'cwspreflat' and expected text 'cwspreflat' are matched  using regular expression

2018-08-02 09:29:48 - [TEST_STEP][PASSED] - Statement - userAccess = true: null

2018-08-02 09:29:48 - [TEST_STEP][PASSED] - Statement - If (com.kms.katalon.core.webui.keyword.WebUiBuiltInKeywords.waitForElementVisible(com.kms.katalon.core.testobject.ObjectRepository.findTestObject(Client Portal/a.Common/topbar_username), 5)): null

2018-08-02 09:29:48 - [MESSAGE][PASSED] - Object 'Object Repository/Client Portal/a.Common/topbar_username' is visible

2018-08-02 09:29:48 - [TEST_STEP][PASSED] - Statement - verifyusername2 = com.kms.katalon.core.webui.keyword.WebUiBuiltInKeywords.getText(com.kms.katalon.core.testobject.ObjectRepository.findTestObject(Client Portal/a.Common/topbar_username)): Text of object 'Object Repository/Client Portal/a.Common/topbar_username' is: 'cwspreflat'

2018-08-02 09:29:48 - [MESSAGE][PASSED] - Text of object 'Object Repository/Client Portal/a.Common/topbar_username' is: 'cwspreflat'

2018-08-02 09:29:48 - [TEST_STEP][PASSED] - verifyMatch: Actual text 'cwspreflat' and expected text 'cwspreflat' are matched  using regular expression

2018-08-02 09:29:48 - [MESSAGE][PASSED] - Actual text 'cwspreflat' and expected text 'cwspreflat' are matched  using regular expression

2018-08-02 09:29:48 - [TEST_STEP][PASSED] - Statement - userAccess = true: null

2018-08-02 09:29:48 - [TEST_STEP][PASSED] - Statement - If (userAccess == false): null

2018-08-02 09:29:48 - [MESSAGE][PASSED] - Call Test Case 'Test Cases/Client Portal/Login/Verify Login Success' successfully

2018-08-02 09:29:48 - [TEST_STEP][PASSED] - Statement - If (moduleAccess == false): Call Test Case 'Test Cases/Client Portal/Module Access/Acess Profile Screen' successfully

2018-08-02 09:29:48 - [TEST_STEP][PASSED] - callTestCase: Call Test Case 'Test Cases/Client Portal/Module Access/Acess Profile Screen' successfully

2018-08-02 09:29:48 - [TEST_CASE][PASSED] - Test Cases/Client Portal/Module Access/Acess Profile Screen: Test Cases/Client Portal/Module Access/Acess Profile Screen

2018-08-02 09:29:49 - [TEST_STEP][PASSED] - click: Object: 'Object Repository/Client Portal/Module Access/sidebar_link_profile' is clicked on

2018-08-02 09:29:49 - [MESSAGE][PASSED] - Object: 'Object Repository/Client Portal/Module Access/sidebar_link_profile' is clicked on

2018-08-02 09:29:49 - [TEST_STEP][PASSED] - Statement - moduleAccess = true: null

2018-08-02 09:29:49 - [MESSAGE][PASSED] - Call Test Case 'Test Cases/Client Portal/Module Access/Acess Profile Screen' successfully

2018-08-02 09:29:49 - [TEST_STEP][PASSED] - Statement - If (filterSearch.toLowerCase() == "true"): null

2018-08-02 09:29:49 - [TEST_STEP][PASSED] - Statement - Else: Delayed 2 second(s)

2018-08-02 09:29:49 - [TEST_STEP][PASSED] - delay: Delayed 2 second(s)

2018-08-02 09:29:51 - [MESSAGE][PASSED] - Delayed 2 second(s)

2018-08-02 09:29:51 - [TEST_STEP][PASSED] - Statement - verifyRecord = true: null

2018-08-02 09:29:51 - [TEST_STEP][PASSED] - Statement - If (com.kms.katalon.core.webui.keyword.WebUiBuiltInKeywords.waitForElementVisible(com.kms.katalon.core.testobject.ObjectRepository.findTestObject(Client Portal/a.Common/popout_msg), 2)): Object 'Object Repository/Client Portal/a.Common/popout_msg' is not visible after 2 second(s)

2018-08-02 09:29:53 - [MESSAGE][WARNING] - Object 'Object Repository/Client Portal/a.Common/popout_msg' is not visible after 2 second(s)

2018-08-02 09:29:53 - [TEST_STEP][PASSED] - Statement - If (verifyRecord == true): null

2018-08-02 09:29:53 - [TEST_STEP][PASSED] - Statement - numPagesMsg = com.kms.katalon.core.webui.keyword.WebUiBuiltInKeywords.getText(com.kms.katalon.core.testobject.ObjectRepository.findTestObject(Client Portal/Profile/totalRecords)): Text of object 'Object Repository/Client Portal/Profile/totalRecords' is: 'Showing 1 to 10 of 111 entries'

2018-08-02 09:29:53 - [MESSAGE][PASSED] - Text of object 'Object Repository/Client Portal/Profile/totalRecords' is: 'Showing 1 to 10 of 111 entries'

2018-08-02 09:29:53 - [TEST_STEP][PASSED] - Statement - splitMsg = numPagesMsg.split("of"): null

2018-08-02 09:29:53 - [TEST_STEP][PASSED] - Statement - splitMsg2 = splitMsg[1].split("entries"): null

2018-08-02 09:29:53 - [TEST_STEP][PASSED] - Statement - totalPages = 0: null

2018-08-02 09:29:53 - [TEST_STEP][PASSED] - Statement - totalAmt = splitMsg2[0].toInteger(): null

2018-08-02 09:29:53 - [TEST_STEP][PASSED] - Statement - If (totalAmt != ""): null

2018-08-02 09:29:53 - [TEST_STEP][PASSED] - Statement - totalPages = totalAmt / 10 + 1: null

2018-08-02 09:29:53 - [TEST_STEP][PASSED] - Statement - totalPages = java.lang.Integer.parseInt(java.lang.String.valueOf(totalPages).split("\.")[0]): null

2018-08-02 09:29:53 - [TEST_STEP][PASSED] - Statement - driver = com.kms.katalon.core.webui.driver.DriverFactory.getWebDriver(): null

2018-08-02 09:29:53 - [TEST_STEP][PASSED] - Statement - Table = driver.findElement(org.openqa.selenium.By.xpath("//table/tbody")): null

2018-08-02 09:29:53 - [TEST_STEP][PASSED] - Statement - rows_table = Table.findElements(org.openqa.selenium.By.tagName("tr")): null

2018-08-02 09:29:53 - [TEST_STEP][PASSED] - Statement - rows_count = rows_table.size(): null

2018-08-02 09:29:53 - [TEST_STEP][PASSED] - Statement - println(rows_count): null

2018-08-02 09:29:53 - [TEST_STEP][PASSED] - Statement - If (totalAmt != ""): null

2018-08-02 09:29:53 - [TEST_STEP][PASSED] - Statement - For ([pageNum = 1, pageNum <= totalPages, (pageNum++)]): null

2018-08-02 09:29:53 - [TEST_STEP][PASSED] - Statement - For ([row = 0, row < rows_count, (row++)]): null

2018-08-02 09:29:53 - [TEST_STEP][PASSED] - Statement - Columns_row = rows_table.get(row).findElements(org.openqa.selenium.By.tagName("td")): null

2018-08-02 09:29:53 - [TEST_STEP][PASSED] - Statement - columns_count = Columns_row.size(): null

2018-08-02 09:29:53 - [TEST_STEP][PASSED] - Statement - For ([column = 0, column < columns_count, (column++)]): null

2018-08-02 09:29:53 - [TEST_STEP][PASSED] - Statement - celltext = Columns_row.get(column).getText(): null

2018-08-02 09:29:53 - [TEST_STEP][PASSED] - Statement - If (celltext == profileName): null

2018-08-02 09:29:53 - [TEST_STEP][PASSED] - Statement - celltext = Columns_row.get(column).getText(): null

2018-08-02 09:29:53 - [TEST_STEP][PASSED] - Statement - If (celltext == profileName): null

2018-08-02 09:29:53 - [TEST_STEP][PASSED] - Statement - celltext = Columns_row.get(column).getText(): null

2018-08-02 09:29:53 - [TEST_STEP][PASSED] - Statement - If (celltext == profileName): null

2018-08-02 09:29:53 - [TEST_STEP][PASSED] - Statement - celltext = Columns_row.get(column).getText(): null

2018-08-02 09:29:53 - [TEST_STEP][PASSED] - Statement - If (celltext == profileName): null

2018-08-02 09:29:53 - [TEST_STEP][PASSED] - Statement - Columns_row = rows_table.get(row).findElements(org.openqa.selenium.By.tagName("td")): null

2018-08-02 09:29:53 - [TEST_STEP][PASSED] - Statement - columns_count = Columns_row.size(): null

2018-08-02 09:29:53 - [TEST_STEP][PASSED] - Statement - For ([column = 0, column < columns_count, (column++)]): null

2018-08-02 09:29:53 - [TEST_STEP][PASSED] - Statement - celltext = Columns_row.get(column).getText(): null

2018-08-02 09:29:53 - [TEST_STEP][PASSED] - Statement - If (celltext == profileName): null

2018-08-02 09:29:53 - [TEST_STEP][PASSED] - Statement - celltext = Columns_row.get(column).getText(): null

2018-08-02 09:29:53 - [TEST_STEP][PASSED] - Statement - If (celltext == profileName): null

2018-08-02 09:29:53 - [TEST_STEP][PASSED] - Statement - celltext = Columns_row.get(column).getText(): null

2018-08-02 09:29:53 - [TEST_STEP][PASSED] - Statement - If (celltext == profileName): null

2018-08-02 09:29:53 - [TEST_STEP][PASSED] - Statement - celltext = Columns_row.get(column).getText(): null

2018-08-02 09:29:53 - [TEST_STEP][PASSED] - Statement - If (celltext == profileName): null

2018-08-02 09:29:53 - [TEST_STEP][PASSED] - Statement - Columns_row = rows_table.get(row).findElements(org.openqa.selenium.By.tagName("td")): null

2018-08-02 09:29:53 - [TEST_STEP][PASSED] - Statement - columns_count = Columns_row.size(): null

2018-08-02 09:29:53 - [TEST_STEP][PASSED] - Statement - For ([column = 0, column < columns_count, (column++)]): null

2018-08-02 09:29:53 - [TEST_STEP][PASSED] - Statement - celltext = Columns_row.get(column).getText(): null

2018-08-02 09:29:53 - [TEST_STEP][PASSED] - Statement - If (celltext == profileName): null

2018-08-02 09:29:53 - [TEST_STEP][PASSED] - Statement - celltext = Columns_row.get(column).getText(): null

2018-08-02 09:29:53 - [TEST_STEP][PASSED] - Statement - If (celltext == profileName): null

2018-08-02 09:29:53 - [TEST_STEP][PASSED] - Statement - celltext = Columns_row.get(column).getText(): null

2018-08-02 09:29:53 - [TEST_STEP][PASSED] - Statement - If (celltext == profileName): null

2018-08-02 09:29:53 - [TEST_STEP][PASSED] - Statement - celltext = Columns_row.get(column).getText(): null

2018-08-02 09:29:53 - [TEST_STEP][PASSED] - Statement - If (celltext == profileName): null

2018-08-02 09:29:53 - [TEST_STEP][PASSED] - Statement - Columns_row = rows_table.get(row).findElements(org.openqa.selenium.By.tagName("td")): null

2018-08-02 09:29:53 - [TEST_STEP][PASSED] - Statement - columns_count = Columns_row.size(): null

2018-08-02 09:29:53 - [TEST_STEP][PASSED] - Statement - For ([column = 0, column < columns_count, (column++)]): null

2018-08-02 09:29:53 - [TEST_STEP][PASSED] - Statement - celltext = Columns_row.get(column).getText(): null

2018-08-02 09:29:53 - [TEST_STEP][PASSED] - Statement - If (celltext == profileName): null

2018-08-02 09:29:53 - [TEST_STEP][PASSED] - Statement - celltext = Columns_row.get(column).getText(): null

2018-08-02 09:29:53 - [TEST_STEP][PASSED] - Statement - If (celltext == profileName): null

2018-08-02 09:29:53 - [TEST_STEP][PASSED] - Statement - celltext = Columns_row.get(column).getText(): null

2018-08-02 09:29:53 - [TEST_STEP][PASSED] - Statement - If (celltext == profileName): null

2018-08-02 09:29:53 - [TEST_STEP][PASSED] - Statement - celltext = Columns_row.get(column).getText(): null

2018-08-02 09:29:53 - [TEST_STEP][PASSED] - Statement - If (celltext == profileName): null

2018-08-02 09:29:53 - [TEST_STEP][PASSED] - Statement - Columns_row = rows_table.get(row).findElements(org.openqa.selenium.By.tagName("td")): null

2018-08-02 09:29:53 - [TEST_STEP][PASSED] - Statement - columns_count = Columns_row.size(): null

2018-08-02 09:29:54 - [TEST_STEP][PASSED] - Statement - For ([column = 0, column < columns_count, (column++)]): null

2018-08-02 09:29:54 - [TEST_STEP][PASSED] - Statement - celltext = Columns_row.get(column).getText(): null

2018-08-02 09:29:54 - [TEST_STEP][PASSED] - Statement - If (celltext == profileName): null

2018-08-02 09:29:54 - [TEST_STEP][PASSED] - Statement - celltext = Columns_row.get(column).getText(): null

2018-08-02 09:29:54 - [TEST_STEP][PASSED] - Statement - If (celltext == profileName): null

2018-08-02 09:29:54 - [TEST_STEP][PASSED] - Statement - celltext = Columns_row.get(column).getText(): null

2018-08-02 09:29:54 - [TEST_STEP][PASSED] - Statement - If (celltext == profileName): null

2018-08-02 09:29:54 - [TEST_STEP][PASSED] - Statement - celltext = Columns_row.get(column).getText(): null

2018-08-02 09:29:54 - [TEST_STEP][PASSED] - Statement - If (celltext == profileName): null

2018-08-02 09:29:54 - [TEST_STEP][PASSED] - Statement - Columns_row = rows_table.get(row).findElements(org.openqa.selenium.By.tagName("td")): null

2018-08-02 09:29:54 - [TEST_STEP][PASSED] - Statement - columns_count = Columns_row.size(): null

2018-08-02 09:29:54 - [TEST_STEP][PASSED] - Statement - For ([column = 0, column < columns_count, (column++)]): null

2018-08-02 09:29:54 - [TEST_STEP][PASSED] - Statement - celltext = Columns_row.get(column).getText(): null

2018-08-02 09:29:54 - [TEST_STEP][PASSED] - Statement - If (celltext == profileName): null

2018-08-02 09:29:54 - [TEST_STEP][PASSED] - Statement - celltext = Columns_row.get(column).getText(): null

2018-08-02 09:29:54 - [TEST_STEP][PASSED] - Statement - If (celltext == profileName): null

2018-08-02 09:29:54 - [TEST_STEP][PASSED] - Statement - celltext = Columns_row.get(column).getText(): null

2018-08-02 09:29:54 - [TEST_STEP][PASSED] - Statement - If (celltext == profileName): null

2018-08-02 09:29:54 - [TEST_STEP][PASSED] - Statement - celltext = Columns_row.get(column).getText(): null

2018-08-02 09:29:54 - [TEST_STEP][PASSED] - Statement - If (celltext == profileName): null

2018-08-02 09:29:54 - [TEST_STEP][PASSED] - Statement - Columns_row = rows_table.get(row).findElements(org.openqa.selenium.By.tagName("td")): null

2018-08-02 09:29:54 - [TEST_STEP][PASSED] - Statement - columns_count = Columns_row.size(): null

2018-08-02 09:29:54 - [TEST_STEP][PASSED] - Statement - For ([column = 0, column < columns_count, (column++)]): null

2018-08-02 09:29:54 - [TEST_STEP][PASSED] - Statement - celltext = Columns_row.get(column).getText(): null

2018-08-02 09:29:54 - [TEST_STEP][PASSED] - Statement - If (celltext == profileName): null

2018-08-02 09:29:54 - [TEST_STEP][PASSED] - Statement - celltext = Columns_row.get(column).getText(): null

2018-08-02 09:29:54 - [TEST_STEP][PASSED] - Statement - If (celltext == profileName): null

2018-08-02 09:29:54 - [TEST_STEP][PASSED] - Statement - celltext = Columns_row.get(column).getText(): null

2018-08-02 09:29:54 - [TEST_STEP][PASSED] - Statement - If (celltext == profileName): null

2018-08-02 09:29:54 - [TEST_STEP][PASSED] - Statement - celltext = Columns_row.get(column).getText(): null

2018-08-02 09:29:54 - [TEST_STEP][PASSED] - Statement - If (celltext == profileName): null

2018-08-02 09:29:54 - [TEST_STEP][PASSED] - Statement - Columns_row = rows_table.get(row).findElements(org.openqa.selenium.By.tagName("td")): null

2018-08-02 09:29:54 - [TEST_STEP][PASSED] - Statement - columns_count = Columns_row.size(): null

2018-08-02 09:29:54 - [TEST_STEP][PASSED] - Statement - For ([column = 0, column < columns_count, (column++)]): null

2018-08-02 09:29:54 - [TEST_STEP][PASSED] - Statement - celltext = Columns_row.get(column).getText(): null

2018-08-02 09:29:54 - [TEST_STEP][PASSED] - Statement - If (celltext == profileName): null

2018-08-02 09:29:54 - [TEST_STEP][PASSED] - Statement - celltext = Columns_row.get(column).getText(): null

2018-08-02 09:29:54 - [TEST_STEP][PASSED] - Statement - If (celltext == profileName): null

2018-08-02 09:29:54 - [TEST_STEP][PASSED] - Statement - celltext = Columns_row.get(column).getText(): null

2018-08-02 09:29:54 - [TEST_STEP][PASSED] - Statement - If (celltext == profileName): null

2018-08-02 09:29:54 - [TEST_STEP][PASSED] - Statement - celltext = Columns_row.get(column).getText(): null

2018-08-02 09:29:54 - [TEST_STEP][PASSED] - Statement - If (celltext == profileName): null

2018-08-02 09:29:54 - [TEST_STEP][PASSED] - Statement - Columns_row = rows_table.get(row).findElements(org.openqa.selenium.By.tagName("td")): null

2018-08-02 09:29:54 - [TEST_STEP][PASSED] - Statement - columns_count = Columns_row.size(): null

2018-08-02 09:29:54 - [TEST_STEP][PASSED] - Statement - For ([column = 0, column < columns_count, (column++)]): null

2018-08-02 09:29:54 - [TEST_STEP][PASSED] - Statement - celltext = Columns_row.get(column).getText(): null

2018-08-02 09:29:54 - [TEST_STEP][PASSED] - Statement - If (celltext == profileName): null

2018-08-02 09:29:54 - [TEST_STEP][PASSED] - Statement - celltext = Columns_row.get(column).getText(): null

2018-08-02 09:29:54 - [TEST_STEP][PASSED] - Statement - If (celltext == profileName): null

2018-08-02 09:29:54 - [TEST_STEP][PASSED] - Statement - celltext = Columns_row.get(column).getText(): null

2018-08-02 09:29:54 - [TEST_STEP][PASSED] - Statement - If (celltext == profileName): null

2018-08-02 09:29:54 - [TEST_STEP][PASSED] - Statement - celltext = Columns_row.get(column).getText(): null

2018-08-02 09:29:54 - [TEST_STEP][PASSED] - Statement - If (celltext == profileName): null

2018-08-02 09:29:54 - [TEST_STEP][PASSED] - Statement - Columns_row = rows_table.get(row).findElements(org.openqa.selenium.By.tagName("td")): null

2018-08-02 09:29:54 - [TEST_STEP][PASSED] - Statement - columns_count = Columns_row.size(): null

2018-08-02 09:29:54 - [TEST_STEP][PASSED] - Statement - For ([column = 0, column < columns_count, (column++)]): null

2018-08-02 09:29:54 - [TEST_STEP][PASSED] - Statement - celltext = Columns_row.get(column).getText(): null

2018-08-02 09:29:54 - [TEST_STEP][PASSED] - Statement - If (celltext == profileName): null

2018-08-02 09:29:54 - [TEST_STEP][PASSED] - Statement - celltext = Columns_row.get(column).getText(): null

2018-08-02 09:29:54 - [TEST_STEP][PASSED] - Statement - If (celltext == profileName): null

2018-08-02 09:29:54 - [TEST_STEP][PASSED] - Statement - celltext = Columns_row.get(column).getText(): null

2018-08-02 09:29:54 - [TEST_STEP][PASSED] - Statement - If (celltext == profileName): null

2018-08-02 09:29:54 - [TEST_STEP][PASSED] - Statement - celltext = Columns_row.get(column).getText(): null

2018-08-02 09:29:54 - [TEST_STEP][PASSED] - Statement - If (celltext == profileName): null

2018-08-02 09:29:54 - [TEST_STEP][PASSED] - click: Object: 'Object Repository/Client Portal/Profile/button_Next' is clicked on

2018-08-02 09:29:54 - [MESSAGE][PASSED] - Object: 'Object Repository/Client Portal/Profile/button_Next' is clicked on

2018-08-02 09:29:54 - [TEST_STEP][PASSED] - verifyElementNotPresent: Web element with id: 'Object Repository/Client Portal/Profile/icon_refresh' located by 'By.xpath: id("wrapper")/div[@class="content-page"]/div[@class="content"]/div[@class="ng-scope"]/div[@class="ng-scope"]/div[@class="row"]/form[@class="form-horizontal ng-valid ng-valid-maxlength ng-dirty ng-valid-parse"]/div[@class="col-sm-12"]/div[@class="text-center"]/i[@class="fa fa-refresh fa-spin fa-3x fa-fw"][count(. | //i[@class = 'fa fa-refresh fa-spin fa-3x fa-fw']) = count(//i[@class = 'fa fa-refresh fa-spin fa-3x fa-fw'])]' is not present after '5' second(s)

2018-08-02 09:29:55 - [MESSAGE][PASSED] - Web element with id: 'Object Repository/Client Portal/Profile/icon_refresh' located by 'By.xpath: id("wrapper")/div[@class="content-page"]/div[@class="content"]/div[@class="ng-scope"]/div[@class="ng-scope"]/div[@class="row"]/form[@class="form-horizontal ng-valid ng-valid-maxlength ng-dirty ng-valid-parse"]/div[@class="col-sm-12"]/div[@class="text-center"]/i[@class="fa fa-refresh fa-spin fa-3x fa-fw"][count(. | //i[@class = 'fa fa-refresh fa-spin fa-3x fa-fw']) = count(//i[@class = 'fa fa-refresh fa-spin fa-3x fa-fw'])]' is not present after '5' second(s)

2018-08-02 09:29:55 - [TEST_STEP][PASSED] - Statement - For ([row = 0, row < rows_count, (row++)]): null

2018-08-02 09:29:55 - [TEST_STEP][PASSED] - Statement - Columns_row = rows_table.get(row).findElements(org.openqa.selenium.By.tagName("td")): null

2018-08-02 09:29:55 - [TEST_STEP][PASSED] - Statement - columns_count = Columns_row.size(): null

2018-08-02 09:29:55 - [TEST_STEP][PASSED] - Statement - For ([column = 0, column < columns_count, (column++)]): null

2018-08-02 09:29:55 - [TEST_STEP][PASSED] - Statement - celltext = Columns_row.get(column).getText(): null

2018-08-02 09:29:55 - [TEST_STEP][PASSED] - Statement - If (celltext == profileName): null

2018-08-02 09:29:55 - [TEST_STEP][PASSED] - Statement - celltext = Columns_row.get(column).getText(): null

2018-08-02 09:29:55 - [TEST_STEP][PASSED] - Statement - If (celltext == profileName): null

2018-08-02 09:29:55 - [TEST_STEP][PASSED] - Statement - celltext = Columns_row.get(column).getText(): null

2018-08-02 09:29:55 - [TEST_STEP][PASSED] - Statement - If (celltext == profileName): null

2018-08-02 09:29:55 - [TEST_STEP][PASSED] - Statement - celltext = Columns_row.get(column).getText(): null

2018-08-02 09:29:55 - [TEST_STEP][PASSED] - Statement - If (celltext == profileName): null

2018-08-02 09:29:55 - [TEST_STEP][PASSED] - Statement - Columns_row = rows_table.get(row).findElements(org.openqa.selenium.By.tagName("td")): null

2018-08-02 09:29:55 - [TEST_STEP][PASSED] - Statement - columns_count = Columns_row.size(): null

2018-08-02 09:29:55 - [TEST_STEP][PASSED] - Statement - For ([column = 0, column < columns_count, (column++)]): null

2018-08-02 09:29:55 - [TEST_STEP][PASSED] - Statement - celltext = Columns_row.get(column).getText(): null

2018-08-02 09:29:55 - [TEST_STEP][PASSED] - Statement - If (celltext == profileName): null

2018-08-02 09:29:55 - [TEST_STEP][PASSED] - Statement - celltext = Columns_row.get(column).getText(): null

2018-08-02 09:29:55 - [TEST_STEP][PASSED] - Statement - If (celltext == profileName): null

2018-08-02 09:29:55 - [TEST_STEP][PASSED] - Statement - celltext = Columns_row.get(column).getText(): null

2018-08-02 09:29:55 - [TEST_STEP][PASSED] - Statement - If (celltext == profileName): null

2018-08-02 09:29:55 - [TEST_STEP][PASSED] - Statement - celltext = Columns_row.get(column).getText(): null

2018-08-02 09:29:55 - [TEST_STEP][PASSED] - Statement - If (celltext == profileName): null

2018-08-02 09:29:55 - [TEST_STEP][PASSED] - Statement - Columns_row = rows_table.get(row).findElements(org.openqa.selenium.By.tagName("td")): null

2018-08-02 09:29:55 - [TEST_STEP][PASSED] - Statement - columns_count = Columns_row.size(): null

2018-08-02 09:29:55 - [TEST_STEP][PASSED] - Statement - For ([column = 0, column < columns_count, (column++)]): null

2018-08-02 09:29:55 - [TEST_STEP][PASSED] - Statement - celltext = Columns_row.get(column).getText(): null

2018-08-02 09:29:55 - [TEST_STEP][PASSED] - Statement - If (celltext == profileName): null

2018-08-02 09:29:55 - [TEST_STEP][PASSED] - Statement - celltext = Columns_row.get(column).getText(): null

2018-08-02 09:29:55 - [TEST_STEP][PASSED] - Statement - If (celltext == profileName): null

2018-08-02 09:29:55 - [TEST_STEP][PASSED] - Statement - celltext = Columns_row.get(column).getText(): null

2018-08-02 09:29:55 - [TEST_STEP][PASSED] - Statement - If (celltext == profileName): null

2018-08-02 09:29:55 - [TEST_STEP][PASSED] - Statement - celltext = Columns_row.get(column).getText(): null

2018-08-02 09:29:55 - [TEST_STEP][PASSED] - Statement - If (celltext == profileName): null

2018-08-02 09:29:55 - [TEST_STEP][PASSED] - Statement - Columns_row = rows_table.get(row).findElements(org.openqa.selenium.By.tagName("td")): null

2018-08-02 09:29:55 - [TEST_STEP][PASSED] - Statement - columns_count = Columns_row.size(): null

2018-08-02 09:29:55 - [TEST_STEP][PASSED] - Statement - For ([column = 0, column < columns_count, (column++)]): null

2018-08-02 09:29:55 - [TEST_STEP][PASSED] - Statement - celltext = Columns_row.get(column).getText(): null

2018-08-02 09:29:55 - [TEST_STEP][PASSED] - Statement - If (celltext == profileName): null

2018-08-02 09:29:55 - [TEST_STEP][PASSED] - Statement - celltext = Columns_row.get(column).getText(): null

2018-08-02 09:29:55 - [TEST_STEP][PASSED] - Statement - If (celltext == profileName): null

2018-08-02 09:29:55 - [TEST_STEP][PASSED] - Statement - celltext = Columns_row.get(column).getText(): null

2018-08-02 09:29:55 - [TEST_STEP][PASSED] - Statement - If (celltext == profileName): null

2018-08-02 09:29:55 - [TEST_STEP][PASSED] - Statement - celltext = Columns_row.get(column).getText(): null

2018-08-02 09:29:55 - [TEST_STEP][PASSED] - Statement - If (celltext == profileName): null

2018-08-02 09:29:55 - [TEST_STEP][PASSED] - Statement - Columns_row = rows_table.get(row).findElements(org.openqa.selenium.By.tagName("td")): null

2018-08-02 09:29:55 - [TEST_STEP][PASSED] - Statement - columns_count = Columns_row.size(): null

2018-08-02 09:29:55 - [TEST_STEP][PASSED] - Statement - For ([column = 0, column < columns_count, (column++)]): null

2018-08-02 09:29:55 - [TEST_STEP][PASSED] - Statement - celltext = Columns_row.get(column).getText(): null

2018-08-02 09:29:55 - [TEST_STEP][PASSED] - Statement - If (celltext == profileName): null

2018-08-02 09:29:55 - [TEST_STEP][PASSED] - Statement - celltext = Columns_row.get(column).getText(): null

2018-08-02 09:29:55 - [TEST_STEP][PASSED] - Statement - If (celltext == profileName): null

2018-08-02 09:29:55 - [TEST_STEP][PASSED] - Statement - celltext = Columns_row.get(column).getText(): null

2018-08-02 09:29:55 - [TEST_STEP][PASSED] - Statement - If (celltext == profileName): null

2018-08-02 09:29:55 - [TEST_STEP][PASSED] - Statement - celltext = Columns_row.get(column).getText(): null

2018-08-02 09:29:55 - [TEST_STEP][PASSED] - Statement - If (celltext == profileName): null

2018-08-02 09:29:55 - [TEST_STEP][PASSED] - Statement - Columns_row = rows_table.get(row).findElements(org.openqa.selenium.By.tagName("td")): null

2018-08-02 09:29:55 - [TEST_STEP][PASSED] - Statement - columns_count = Columns_row.size(): null

2018-08-02 09:29:55 - [TEST_STEP][PASSED] - Statement - For ([column = 0, column < columns_count, (column++)]): null

2018-08-02 09:29:55 - [TEST_STEP][PASSED] - Statement - celltext = Columns_row.get(column).getText(): null

2018-08-02 09:29:55 - [TEST_STEP][PASSED] - Statement - If (celltext == profileName): null

2018-08-02 09:29:55 - [TEST_STEP][PASSED] - Statement - celltext = Columns_row.get(column).getText(): null

2018-08-02 09:29:56 - [TEST_STEP][PASSED] - Statement - If (celltext == profileName): null

2018-08-02 09:29:56 - [TEST_STEP][PASSED] - Statement - celltext = Columns_row.get(column).getText(): null

2018-08-02 09:29:56 - [TEST_STEP][PASSED] - Statement - If (celltext == profileName): null

2018-08-02 09:29:56 - [TEST_STEP][PASSED] - Statement - celltext = Columns_row.get(column).getText(): null

2018-08-02 09:29:56 - [TEST_STEP][PASSED] - Statement - If (celltext == profileName): null

2018-08-02 09:29:56 - [TEST_STEP][PASSED] - Statement - Columns_row = rows_table.get(row).findElements(org.openqa.selenium.By.tagName("td")): null

2018-08-02 09:29:56 - [TEST_STEP][PASSED] - Statement - columns_count = Columns_row.size(): null

2018-08-02 09:29:56 - [TEST_STEP][PASSED] - Statement - For ([column = 0, column < columns_count, (column++)]): null

2018-08-02 09:29:56 - [TEST_STEP][PASSED] - Statement - celltext = Columns_row.get(column).getText(): null

2018-08-02 09:29:56 - [TEST_STEP][PASSED] - Statement - If (celltext == profileName): null

2018-08-02 09:29:56 - [TEST_STEP][PASSED] - Statement - celltext = Columns_row.get(column).getText(): null

2018-08-02 09:29:56 - [TEST_STEP][PASSED] - Statement - If (celltext == profileName): null

2018-08-02 09:29:56 - [TEST_STEP][PASSED] - Statement - celltext = Columns_row.get(column).getText(): null

2018-08-02 09:29:56 - [TEST_STEP][PASSED] - Statement - If (celltext == profileName): null

2018-08-02 09:29:56 - [TEST_STEP][PASSED] - Statement - celltext = Columns_row.get(column).getText(): null

2018-08-02 09:29:56 - [TEST_STEP][PASSED] - Statement - If (celltext == profileName): null

2018-08-02 09:29:56 - [TEST_STEP][PASSED] - Statement - Columns_row = rows_table.get(row).findElements(org.openqa.selenium.By.tagName("td")): null

2018-08-02 09:29:56 - [TEST_STEP][PASSED] - Statement - columns_count = Columns_row.size(): null

2018-08-02 09:29:56 - [TEST_STEP][PASSED] - Statement - For ([column = 0, column < columns_count, (column++)]): null

2018-08-02 09:29:56 - [TEST_STEP][PASSED] - Statement - celltext = Columns_row.get(column).getText(): null

2018-08-02 09:29:56 - [TEST_STEP][PASSED] - Statement - If (celltext == profileName): null

2018-08-02 09:29:56 - [TEST_STEP][PASSED] - Statement - celltext = Columns_row.get(column).getText(): null

2018-08-02 09:29:56 - [TEST_STEP][PASSED] - Statement - If (celltext == profileName): null

2018-08-02 09:29:56 - [TEST_STEP][PASSED] - Statement - celltext = Columns_row.get(column).getText(): null

2018-08-02 09:29:56 - [TEST_STEP][PASSED] - Statement - If (celltext == profileName): null

2018-08-02 09:29:56 - [TEST_STEP][PASSED] - Statement - celltext = Columns_row.get(column).getText(): null

2018-08-02 09:29:56 - [TEST_STEP][PASSED] - Statement - If (celltext == profileName): null

2018-08-02 09:29:56 - [TEST_STEP][PASSED] - Statement - Columns_row = rows_table.get(row).findElements(org.openqa.selenium.By.tagName("td")): null

2018-08-02 09:29:56 - [TEST_STEP][PASSED] - Statement - columns_count = Columns_row.size(): null

2018-08-02 09:29:56 - [TEST_STEP][PASSED] - Statement - For ([column = 0, column < columns_count, (column++)]): null

2018-08-02 09:29:56 - [TEST_STEP][PASSED] - Statement - celltext = Columns_row.get(column).getText(): null

2018-08-02 09:29:56 - [TEST_STEP][PASSED] - Statement - If (celltext == profileName): null

2018-08-02 09:29:56 - [TEST_STEP][PASSED] - Statement - celltext = Columns_row.get(column).getText(): null

2018-08-02 09:29:56 - [TEST_STEP][PASSED] - Statement - If (celltext == profileName): null

2018-08-02 09:29:56 - [TEST_STEP][PASSED] - Statement - celltext = Columns_row.get(column).getText(): null

2018-08-02 09:29:56 - [TEST_STEP][PASSED] - Statement - If (celltext == profileName): null

2018-08-02 09:29:56 - [TEST_STEP][PASSED] - Statement - celltext = Columns_row.get(column).getText(): null

2018-08-02 09:29:56 - [TEST_STEP][PASSED] - Statement - If (celltext == profileName): null

2018-08-02 09:29:56 - [TEST_STEP][PASSED] - Statement - Columns_row = rows_table.get(row).findElements(org.openqa.selenium.By.tagName("td")): null

2018-08-02 09:29:56 - [TEST_STEP][PASSED] - Statement - columns_count = Columns_row.size(): null

2018-08-02 09:29:56 - [TEST_STEP][PASSED] - Statement - For ([column = 0, column < columns_count, (column++)]): null

2018-08-02 09:29:56 - [TEST_STEP][PASSED] - Statement - celltext = Columns_row.get(column).getText(): null

2018-08-02 09:29:56 - [TEST_STEP][PASSED] - Statement - If (celltext == profileName): null

2018-08-02 09:29:56 - [TEST_STEP][PASSED] - Statement - celltext = Columns_row.get(column).getText(): null

2018-08-02 09:29:56 - [TEST_STEP][PASSED] - Statement - If (celltext == profileName): null

2018-08-02 09:29:56 - [TEST_STEP][PASSED] - Statement - celltext = Columns_row.get(column).getText(): null

2018-08-02 09:29:56 - [TEST_STEP][PASSED] - Statement - If (celltext == profileName): null

2018-08-02 09:29:56 - [TEST_STEP][PASSED] - Statement - celltext = Columns_row.get(column).getText(): null

2018-08-02 09:29:56 - [TEST_STEP][PASSED] - Statement - If (celltext == profileName): null

2018-08-02 09:29:56 - [TEST_STEP][PASSED] - click: Object: 'Object Repository/Client Portal/Profile/button_Next' is clicked on

2018-08-02 09:29:56 - [MESSAGE][PASSED] - Object: 'Object Repository/Client Portal/Profile/button_Next' is clicked on

2018-08-02 09:29:56 - [TEST_STEP][PASSED] - verifyElementNotPresent: Web element with id: 'Object Repository/Client Portal/Profile/icon_refresh' located by 'By.xpath: id("wrapper")/div[@class="content-page"]/div[@class="content"]/div[@class="ng-scope"]/div[@class="ng-scope"]/div[@class="row"]/form[@class="form-horizontal ng-valid ng-valid-maxlength ng-dirty ng-valid-parse"]/div[@class="col-sm-12"]/div[@class="text-center"]/i[@class="fa fa-refresh fa-spin fa-3x fa-fw"][count(. | //i[@class = 'fa fa-refresh fa-spin fa-3x fa-fw']) = count(//i[@class = 'fa fa-refresh fa-spin fa-3x fa-fw'])]' is not present after '5' second(s)

2018-08-02 09:29:56 - [MESSAGE][PASSED] - Web element with id: 'Object Repository/Client Portal/Profile/icon_refresh' located by 'By.xpath: id("wrapper")/div[@class="content-page"]/div[@class="content"]/div[@class="ng-scope"]/div[@class="ng-scope"]/div[@class="row"]/form[@class="form-horizontal ng-valid ng-valid-maxlength ng-dirty ng-valid-parse"]/div[@class="col-sm-12"]/div[@class="text-center"]/i[@class="fa fa-refresh fa-spin fa-3x fa-fw"][count(. | //i[@class = 'fa fa-refresh fa-spin fa-3x fa-fw']) = count(//i[@class = 'fa fa-refresh fa-spin fa-3x fa-fw'])]' is not present after '5' second(s)

2018-08-02 09:29:56 - [TEST_STEP][PASSED] - Statement - For ([row = 0, row < rows_count, (row++)]): null

2018-08-02 09:29:56 - [TEST_STEP][PASSED] - Statement - Columns_row = rows_table.get(row).findElements(org.openqa.selenium.By.tagName("td")): null

2018-08-02 09:29:56 - [TEST_STEP][PASSED] - Statement - columns_count = Columns_row.size(): null

2018-08-02 09:29:56 - [TEST_STEP][PASSED] - Statement - For ([column = 0, column < columns_count, (column++)]): null

2018-08-02 09:29:56 - [TEST_STEP][PASSED] - Statement - celltext = Columns_row.get(column).getText(): null

2018-08-02 09:29:56 - [TEST_STEP][PASSED] - Statement - If (celltext == profileName): null

2018-08-02 09:29:56 - [TEST_STEP][PASSED] - Statement - celltext = Columns_row.get(column).getText(): null

2018-08-02 09:29:56 - [TEST_STEP][PASSED] - Statement - If (celltext == profileName): null

2018-08-02 09:29:56 - [TEST_STEP][PASSED] - Statement - celltext = Columns_row.get(column).getText(): null

2018-08-02 09:29:56 - [TEST_STEP][PASSED] - Statement - If (celltext == profileName): null

2018-08-02 09:29:56 - [TEST_STEP][PASSED] - Statement - celltext = Columns_row.get(column).getText(): null

2018-08-02 09:29:56 - [TEST_STEP][PASSED] - Statement - If (celltext == profileName): null

2018-08-02 09:29:56 - [TEST_STEP][PASSED] - Statement - Columns_row = rows_table.get(row).findElements(org.openqa.selenium.By.tagName("td")): null

2018-08-02 09:29:56 - [TEST_STEP][PASSED] - Statement - columns_count = Columns_row.size(): null

2018-08-02 09:29:56 - [TEST_STEP][PASSED] - Statement - For ([column = 0, column < columns_count, (column++)]): null

2018-08-02 09:29:56 - [TEST_STEP][PASSED] - Statement - celltext = Columns_row.get(column).getText(): null

2018-08-02 09:29:56 - [TEST_STEP][PASSED] - Statement - If (celltext == profileName): null

2018-08-02 09:29:56 - [TEST_STEP][PASSED] - Statement - celltext = Columns_row.get(column).getText(): null

2018-08-02 09:29:56 - [TEST_STEP][PASSED] - Statement - If (celltext == profileName): null

2018-08-02 09:29:56 - [TEST_STEP][PASSED] - Statement - celltext = Columns_row.get(column).getText(): null

2018-08-02 09:29:56 - [TEST_STEP][PASSED] - Statement - If (celltext == profileName): null

2018-08-02 09:29:56 - [TEST_STEP][PASSED] - Statement - celltext = Columns_row.get(column).getText(): null

2018-08-02 09:29:56 - [TEST_STEP][PASSED] - Statement - If (celltext == profileName): null

2018-08-02 09:29:56 - [TEST_STEP][PASSED] - Statement - Columns_row = rows_table.get(row).findElements(org.openqa.selenium.By.tagName("td")): null

2018-08-02 09:29:56 - [TEST_STEP][PASSED] - Statement - columns_count = Columns_row.size(): null

2018-08-02 09:29:56 - [TEST_STEP][PASSED] - Statement - For ([column = 0, column < columns_count, (column++)]): null

2018-08-02 09:29:56 - [TEST_STEP][PASSED] - Statement - celltext = Columns_row.get(column).getText(): null

2018-08-02 09:29:57 - [TEST_STEP][PASSED] - Statement - If (celltext == profileName): null

2018-08-02 09:29:57 - [TEST_STEP][PASSED] - Statement - celltext = Columns_row.get(column).getText(): null

2018-08-02 09:29:57 - [TEST_STEP][PASSED] - Statement - If (celltext == profileName): null

2018-08-02 09:29:57 - [TEST_STEP][PASSED] - Statement - celltext = Columns_row.get(column).getText(): null

2018-08-02 09:29:57 - [TEST_STEP][PASSED] - Statement - If (celltext == profileName): null

2018-08-02 09:29:57 - [TEST_STEP][PASSED] - Statement - celltext = Columns_row.get(column).getText(): null

2018-08-02 09:29:57 - [TEST_STEP][PASSED] - Statement - If (celltext == profileName): null

2018-08-02 09:29:57 - [TEST_STEP][PASSED] - Statement - Columns_row = rows_table.get(row).findElements(org.openqa.selenium.By.tagName("td")): null

2018-08-02 09:29:57 - [TEST_STEP][PASSED] - Statement - columns_count = Columns_row.size(): null

2018-08-02 09:29:57 - [TEST_STEP][PASSED] - Statement - For ([column = 0, column < columns_count, (column++)]): null

2018-08-02 09:29:57 - [TEST_STEP][PASSED] - Statement - celltext = Columns_row.get(column).getText(): null

2018-08-02 09:29:57 - [TEST_STEP][PASSED] - Statement - If (celltext == profileName): null

2018-08-02 09:29:57 - [TEST_STEP][PASSED] - Statement - celltext = Columns_row.get(column).getText(): null

2018-08-02 09:29:57 - [TEST_STEP][PASSED] - Statement - If (celltext == profileName): null

2018-08-02 09:29:57 - [TEST_STEP][PASSED] - Statement - celltext = Columns_row.get(column).getText(): null

2018-08-02 09:29:57 - [TEST_STEP][PASSED] - Statement - If (celltext == profileName): null

2018-08-02 09:29:57 - [TEST_STEP][PASSED] - Statement - celltext = Columns_row.get(column).getText(): null

2018-08-02 09:29:57 - [TEST_STEP][PASSED] - Statement - If (celltext == profileName): null

2018-08-02 09:29:57 - [TEST_STEP][PASSED] - Statement - Columns_row = rows_table.get(row).findElements(org.openqa.selenium.By.tagName("td")): null

2018-08-02 09:29:57 - [TEST_STEP][PASSED] - Statement - columns_count = Columns_row.size(): null

2018-08-02 09:29:57 - [TEST_STEP][PASSED] - Statement - For ([column = 0, column < columns_count, (column++)]): null

2018-08-02 09:29:57 - [TEST_STEP][PASSED] - Statement - celltext = Columns_row.get(column).getText(): null

2018-08-02 09:29:57 - [TEST_STEP][PASSED] - Statement - If (celltext == profileName): null

2018-08-02 09:29:57 - [TEST_STEP][PASSED] - Statement - celltext = Columns_row.get(column).getText(): null

2018-08-02 09:29:57 - [TEST_STEP][PASSED] - Statement - If (celltext == profileName): null

2018-08-02 09:29:57 - [TEST_STEP][PASSED] - Statement - celltext = Columns_row.get(column).getText(): null

2018-08-02 09:29:57 - [TEST_STEP][PASSED] - Statement - If (celltext == profileName): null

2018-08-02 09:29:57 - [TEST_STEP][PASSED] - Statement - celltext = Columns_row.get(column).getText(): null

2018-08-02 09:29:57 - [TEST_STEP][PASSED] - Statement - If (celltext == profileName): null

2018-08-02 09:29:57 - [TEST_STEP][PASSED] - Statement - Columns_row = rows_table.get(row).findElements(org.openqa.selenium.By.tagName("td")): null

2018-08-02 09:29:57 - [TEST_STEP][PASSED] - Statement - columns_count = Columns_row.size(): null

2018-08-02 09:29:57 - [TEST_STEP][PASSED] - Statement - For ([column = 0, column < columns_count, (column++)]): null

2018-08-02 09:29:57 - [TEST_STEP][PASSED] - Statement - celltext = Columns_row.get(column).getText(): null

2018-08-02 09:29:57 - [TEST_STEP][PASSED] - Statement - If (celltext == profileName): null

2018-08-02 09:29:57 - [TEST_STEP][PASSED] - Statement - celltext = Columns_row.get(column).getText(): null

2018-08-02 09:29:57 - [TEST_STEP][PASSED] - Statement - If (celltext == profileName): null

2018-08-02 09:29:57 - [TEST_STEP][PASSED] - Statement - celltext = Columns_row.get(column).getText(): null

2018-08-02 09:29:57 - [TEST_STEP][PASSED] - Statement - If (celltext == profileName): null

2018-08-02 09:29:57 - [TEST_STEP][PASSED] - Statement - celltext = Columns_row.get(column).getText(): null

2018-08-02 09:29:57 - [TEST_STEP][PASSED] - Statement - If (celltext == profileName): null

2018-08-02 09:29:57 - [TEST_STEP][PASSED] - Statement - Columns_row = rows_table.get(row).findElements(org.openqa.selenium.By.tagName("td")): null

2018-08-02 09:29:57 - [TEST_STEP][PASSED] - Statement - columns_count = Columns_row.size(): null

2018-08-02 09:29:57 - [TEST_STEP][PASSED] - Statement - For ([column = 0, column < columns_count, (column++)]): null

2018-08-02 09:29:57 - [TEST_STEP][PASSED] - Statement - celltext = Columns_row.get(column).getText(): null

2018-08-02 09:29:57 - [TEST_STEP][PASSED] - Statement - If (celltext == profileName): null

2018-08-02 09:29:57 - [TEST_STEP][PASSED] - Statement - celltext = Columns_row.get(column).getText(): null

2018-08-02 09:29:57 - [TEST_STEP][PASSED] - Statement - If (celltext == profileName): null

2018-08-02 09:29:57 - [TEST_STEP][PASSED] - Statement - celltext = Columns_row.get(column).getText(): null

2018-08-02 09:29:57 - [TEST_STEP][PASSED] - Statement - If (celltext == profileName): null

2018-08-02 09:29:57 - [TEST_STEP][PASSED] - Statement - celltext = Columns_row.get(column).getText(): null

2018-08-02 09:29:57 - [TEST_STEP][PASSED] - Statement - If (celltext == profileName): null

2018-08-02 09:29:57 - [TEST_STEP][PASSED] - Statement - Columns_row = rows_table.get(row).findElements(org.openqa.selenium.By.tagName("td")): null

2018-08-02 09:29:57 - [TEST_STEP][PASSED] - Statement - columns_count = Columns_row.size(): null

2018-08-02 09:29:57 - [TEST_STEP][PASSED] - Statement - For ([column = 0, column < columns_count, (column++)]): null

2018-08-02 09:29:57 - [TEST_STEP][PASSED] - Statement - celltext = Columns_row.get(column).getText(): null

2018-08-02 09:29:57 - [TEST_STEP][PASSED] - Statement - If (celltext == profileName): null

2018-08-02 09:29:57 - [TEST_STEP][PASSED] - Statement - celltext = Columns_row.get(column).getText(): null

2018-08-02 09:29:57 - [TEST_STEP][PASSED] - Statement - If (celltext == profileName): null

2018-08-02 09:29:57 - [TEST_STEP][PASSED] - Statement - celltext = Columns_row.get(column).getText(): null

2018-08-02 09:29:57 - [TEST_STEP][PASSED] - Statement - If (celltext == profileName): null

2018-08-02 09:29:57 - [TEST_STEP][PASSED] - Statement - celltext = Columns_row.get(column).getText(): null

2018-08-02 09:29:57 - [TEST_STEP][PASSED] - Statement - If (celltext == profileName): null

2018-08-02 09:29:57 - [TEST_STEP][PASSED] - Statement - Columns_row = rows_table.get(row).findElements(org.openqa.selenium.By.tagName("td")): null

2018-08-02 09:29:57 - [TEST_STEP][PASSED] - Statement - columns_count = Columns_row.size(): null

2018-08-02 09:29:57 - [TEST_STEP][PASSED] - Statement - For ([column = 0, column < columns_count, (column++)]): null

2018-08-02 09:29:57 - [TEST_STEP][PASSED] - Statement - celltext = Columns_row.get(column).getText(): null

2018-08-02 09:29:57 - [TEST_STEP][PASSED] - Statement - If (celltext == profileName): null

2018-08-02 09:29:57 - [TEST_STEP][PASSED] - Statement - celltext = Columns_row.get(column).getText(): null

2018-08-02 09:29:57 - [TEST_STEP][PASSED] - Statement - If (celltext == profileName): null

2018-08-02 09:29:57 - [TEST_STEP][PASSED] - Statement - celltext = Columns_row.get(column).getText(): null

2018-08-02 09:29:57 - [TEST_STEP][PASSED] - Statement - If (celltext == profileName): null

2018-08-02 09:29:57 - [TEST_STEP][PASSED] - Statement - celltext = Columns_row.get(column).getText(): null

2018-08-02 09:29:57 - [TEST_STEP][PASSED] - Statement - If (celltext == profileName): null

2018-08-02 09:29:57 - [TEST_STEP][PASSED] - Statement - Columns_row = rows_table.get(row).findElements(org.openqa.selenium.By.tagName("td")): null

2018-08-02 09:29:57 - [TEST_STEP][PASSED] - Statement - columns_count = Columns_row.size(): null

2018-08-02 09:29:57 - [TEST_STEP][PASSED] - Statement - For ([column = 0, column < columns_count, (column++)]): null

2018-08-02 09:29:57 - [TEST_STEP][PASSED] - Statement - celltext = Columns_row.get(column).getText(): null

2018-08-02 09:29:57 - [TEST_STEP][PASSED] - Statement - If (celltext == profileName): null

2018-08-02 09:29:57 - [TEST_STEP][PASSED] - Statement - celltext = Columns_row.get(column).getText(): null

2018-08-02 09:29:57 - [TEST_STEP][PASSED] - Statement - If (celltext == profileName): null

2018-08-02 09:29:57 - [TEST_STEP][PASSED] - Statement - celltext = Columns_row.get(column).getText(): null

2018-08-02 09:29:57 - [TEST_STEP][PASSED] - Statement - If (celltext == profileName): null

2018-08-02 09:29:57 - [TEST_STEP][PASSED] - Statement - celltext = Columns_row.get(column).getText(): null

2018-08-02 09:29:57 - [TEST_STEP][PASSED] - Statement - If (celltext == profileName): null

2018-08-02 09:29:57 - [TEST_STEP][PASSED] - click: Object: 'Object Repository/Client Portal/Profile/button_Next' is clicked on

2018-08-02 09:29:57 - [MESSAGE][PASSED] - Object: 'Object Repository/Client Portal/Profile/button_Next' is clicked on

2018-08-02 09:29:57 - [TEST_STEP][PASSED] - verifyElementNotPresent: Web element with id: 'Object Repository/Client Portal/Profile/icon_refresh' located by 'By.xpath: id("wrapper")/div[@class="content-page"]/div[@class="content"]/div[@class="ng-scope"]/div[@class="ng-scope"]/div[@class="row"]/form[@class="form-horizontal ng-valid ng-valid-maxlength ng-dirty ng-valid-parse"]/div[@class="col-sm-12"]/div[@class="text-center"]/i[@class="fa fa-refresh fa-spin fa-3x fa-fw"][count(. | //i[@class = 'fa fa-refresh fa-spin fa-3x fa-fw']) = count(//i[@class = 'fa fa-refresh fa-spin fa-3x fa-fw'])]' is not present after '5' second(s)

2018-08-02 09:29:58 - [MESSAGE][PASSED] - Web element with id: 'Object Repository/Client Portal/Profile/icon_refresh' located by 'By.xpath: id("wrapper")/div[@class="content-page"]/div[@class="content"]/div[@class="ng-scope"]/div[@class="ng-scope"]/div[@class="row"]/form[@class="form-horizontal ng-valid ng-valid-maxlength ng-dirty ng-valid-parse"]/div[@class="col-sm-12"]/div[@class="text-center"]/i[@class="fa fa-refresh fa-spin fa-3x fa-fw"][count(. | //i[@class = 'fa fa-refresh fa-spin fa-3x fa-fw']) = count(//i[@class = 'fa fa-refresh fa-spin fa-3x fa-fw'])]' is not present after '5' second(s)

2018-08-02 09:29:58 - [TEST_STEP][PASSED] - Statement - For ([row = 0, row < rows_count, (row++)]): null

2018-08-02 09:29:58 - [TEST_STEP][PASSED] - Statement - Columns_row = rows_table.get(row).findElements(org.openqa.selenium.By.tagName("td")): null

2018-08-02 09:29:58 - [TEST_STEP][PASSED] - Statement - columns_count = Columns_row.size(): null

2018-08-02 09:29:58 - [TEST_STEP][PASSED] - Statement - For ([column = 0, column < columns_count, (column++)]): null

2018-08-02 09:29:58 - [TEST_STEP][PASSED] - Statement - celltext = Columns_row.get(column).getText(): null

2018-08-02 09:29:58 - [TEST_STEP][PASSED] - Statement - If (celltext == profileName): null

2018-08-02 09:29:58 - [TEST_STEP][PASSED] - Statement - celltext = Columns_row.get(column).getText(): null

2018-08-02 09:29:58 - [TEST_STEP][PASSED] - Statement - If (celltext == profileName): null

2018-08-02 09:29:58 - [TEST_STEP][PASSED] - Statement - celltext = Columns_row.get(column).getText(): null

2018-08-02 09:29:58 - [TEST_STEP][PASSED] - Statement - If (celltext == profileName): null

2018-08-02 09:29:58 - [TEST_STEP][PASSED] - Statement - celltext = Columns_row.get(column).getText(): null

2018-08-02 09:29:58 - [TEST_STEP][PASSED] - Statement - If (celltext == profileName): null

2018-08-02 09:29:58 - [TEST_STEP][PASSED] - Statement - Columns_row = rows_table.get(row).findElements(org.openqa.selenium.By.tagName("td")): null

2018-08-02 09:29:58 - [TEST_STEP][PASSED] - Statement - columns_count = Columns_row.size(): null

2018-08-02 09:29:58 - [TEST_STEP][PASSED] - Statement - For ([column = 0, column < columns_count, (column++)]): null

2018-08-02 09:29:58 - [TEST_STEP][PASSED] - Statement - celltext = Columns_row.get(column).getText(): null

2018-08-02 09:29:58 - [TEST_STEP][PASSED] - Statement - If (celltext == profileName): null

2018-08-02 09:29:58 - [TEST_STEP][PASSED] - Statement - celltext = Columns_row.get(column).getText(): null

2018-08-02 09:29:58 - [TEST_STEP][PASSED] - Statement - If (celltext == profileName): null

2018-08-02 09:29:58 - [TEST_STEP][PASSED] - Statement - celltext = Columns_row.get(column).getText(): null

2018-08-02 09:29:58 - [TEST_STEP][PASSED] - Statement - If (celltext == profileName): null

2018-08-02 09:29:58 - [TEST_STEP][PASSED] - Statement - celltext = Columns_row.get(column).getText(): null

2018-08-02 09:29:58 - [TEST_STEP][PASSED] - Statement - If (celltext == profileName): null

2018-08-02 09:29:58 - [TEST_STEP][PASSED] - Statement - Columns_row = rows_table.get(row).findElements(org.openqa.selenium.By.tagName("td")): null

2018-08-02 09:29:58 - [TEST_STEP][PASSED] - Statement - columns_count = Columns_row.size(): null

2018-08-02 09:29:58 - [TEST_STEP][PASSED] - Statement - For ([column = 0, column < columns_count, (column++)]): null

2018-08-02 09:29:58 - [TEST_STEP][PASSED] - Statement - celltext = Columns_row.get(column).getText(): null

2018-08-02 09:29:58 - [TEST_STEP][PASSED] - Statement - If (celltext == profileName): null

2018-08-02 09:29:58 - [TEST_STEP][PASSED] - Statement - celltext = Columns_row.get(column).getText(): null

2018-08-02 09:29:58 - [TEST_STEP][PASSED] - Statement - If (celltext == profileName): null

2018-08-02 09:29:58 - [TEST_STEP][PASSED] - Statement - celltext = Columns_row.get(column).getText(): null

2018-08-02 09:29:58 - [TEST_STEP][PASSED] - Statement - If (celltext == profileName): null

2018-08-02 09:29:58 - [TEST_STEP][PASSED] - Statement - celltext = Columns_row.get(column).getText(): null

2018-08-02 09:29:58 - [TEST_STEP][PASSED] - Statement - If (celltext == profileName): null

2018-08-02 09:29:58 - [TEST_STEP][PASSED] - Statement - Columns_row = rows_table.get(row).findElements(org.openqa.selenium.By.tagName("td")): null

2018-08-02 09:29:58 - [TEST_STEP][PASSED] - Statement - columns_count = Columns_row.size(): null

2018-08-02 09:29:58 - [TEST_STEP][PASSED] - Statement - For ([column = 0, column < columns_count, (column++)]): null

2018-08-02 09:29:58 - [TEST_STEP][PASSED] - Statement - celltext = Columns_row.get(column).getText(): null

2018-08-02 09:29:58 - [TEST_STEP][PASSED] - Statement - If (celltext == profileName): null

2018-08-02 09:29:58 - [TEST_STEP][PASSED] - Statement - celltext = Columns_row.get(column).getText(): null

2018-08-02 09:29:58 - [TEST_STEP][PASSED] - Statement - If (celltext == profileName): null

2018-08-02 09:29:58 - [TEST_STEP][PASSED] - Statement - celltext = Columns_row.get(column).getText(): null

2018-08-02 09:29:58 - [TEST_STEP][PASSED] - Statement - If (celltext == profileName): null

2018-08-02 09:29:58 - [TEST_STEP][PASSED] - Statement - celltext = Columns_row.get(column).getText(): null

2018-08-02 09:29:58 - [TEST_STEP][PASSED] - Statement - If (celltext == profileName): null

2018-08-02 09:29:58 - [TEST_STEP][PASSED] - Statement - Columns_row = rows_table.get(row).findElements(org.openqa.selenium.By.tagName("td")): null

2018-08-02 09:29:58 - [TEST_STEP][PASSED] - Statement - columns_count = Columns_row.size(): null

2018-08-02 09:29:58 - [TEST_STEP][PASSED] - Statement - For ([column = 0, column < columns_count, (column++)]): null

2018-08-02 09:29:58 - [TEST_STEP][PASSED] - Statement - celltext = Columns_row.get(column).getText(): null

2018-08-02 09:29:58 - [TEST_STEP][PASSED] - Statement - If (celltext == profileName): null

2018-08-02 09:29:58 - [TEST_STEP][PASSED] - Statement - celltext = Columns_row.get(column).getText(): null

2018-08-02 09:29:58 - [TEST_STEP][PASSED] - Statement - If (celltext == profileName): null

2018-08-02 09:29:58 - [TEST_STEP][PASSED] - Statement - celltext = Columns_row.get(column).getText(): null

2018-08-02 09:29:58 - [TEST_STEP][PASSED] - Statement - If (celltext == profileName): null

2018-08-02 09:29:58 - [TEST_STEP][PASSED] - Statement - celltext = Columns_row.get(column).getText(): null

2018-08-02 09:29:58 - [TEST_STEP][PASSED] - Statement - If (celltext == profileName): null

2018-08-02 09:29:58 - [TEST_STEP][PASSED] - Statement - Columns_row = rows_table.get(row).findElements(org.openqa.selenium.By.tagName("td")): null

2018-08-02 09:29:58 - [TEST_STEP][PASSED] - Statement - columns_count = Columns_row.size(): null

2018-08-02 09:29:58 - [TEST_STEP][PASSED] - Statement - For ([column = 0, column < columns_count, (column++)]): null

2018-08-02 09:29:58 - [TEST_STEP][PASSED] - Statement - celltext = Columns_row.get(column).getText(): null

2018-08-02 09:29:58 - [TEST_STEP][PASSED] - Statement - If (celltext == profileName): null

2018-08-02 09:29:58 - [TEST_STEP][PASSED] - Statement - celltext = Columns_row.get(column).getText(): null

2018-08-02 09:29:58 - [TEST_STEP][PASSED] - Statement - If (celltext == profileName): null

2018-08-02 09:29:58 - [TEST_STEP][PASSED] - Statement - celltext = Columns_row.get(column).getText(): null

2018-08-02 09:29:58 - [TEST_STEP][PASSED] - Statement - If (celltext == profileName): null

2018-08-02 09:29:58 - [TEST_STEP][PASSED] - Statement - celltext = Columns_row.get(column).getText(): null

2018-08-02 09:29:58 - [TEST_STEP][PASSED] - Statement - If (celltext == profileName): null

2018-08-02 09:29:58 - [TEST_STEP][PASSED] - Statement - Columns_row = rows_table.get(row).findElements(org.openqa.selenium.By.tagName("td")): null

2018-08-02 09:29:58 - [TEST_STEP][PASSED] - Statement - columns_count = Columns_row.size(): null

2018-08-02 09:29:58 - [TEST_STEP][PASSED] - Statement - For ([column = 0, column < columns_count, (column++)]): null

2018-08-02 09:29:58 - [TEST_STEP][PASSED] - Statement - celltext = Columns_row.get(column).getText(): null

2018-08-02 09:29:58 - [TEST_STEP][PASSED] - Statement - If (celltext == profileName): null

2018-08-02 09:29:58 - [TEST_STEP][PASSED] - Statement - celltext = Columns_row.get(column).getText(): null

2018-08-02 09:29:58 - [TEST_STEP][PASSED] - Statement - If (celltext == profileName): null

2018-08-02 09:29:58 - [TEST_STEP][PASSED] - Statement - celltext = Columns_row.get(column).getText(): null

2018-08-02 09:29:58 - [TEST_STEP][PASSED] - Statement - If (celltext == profileName): null

2018-08-02 09:29:58 - [TEST_STEP][PASSED] - Statement - celltext = Columns_row.get(column).getText(): null

2018-08-02 09:29:58 - [TEST_STEP][PASSED] - Statement - If (celltext == profileName): null

2018-08-02 09:29:58 - [TEST_STEP][PASSED] - Statement - Columns_row = rows_table.get(row).findElements(org.openqa.selenium.By.tagName("td")): null

2018-08-02 09:29:58 - [TEST_STEP][PASSED] - Statement - columns_count = Columns_row.size(): null

2018-08-02 09:29:58 - [TEST_STEP][PASSED] - Statement - For ([column = 0, column < columns_count, (column++)]): null

2018-08-02 09:29:58 - [TEST_STEP][PASSED] - Statement - celltext = Columns_row.get(column).getText(): null

2018-08-02 09:29:58 - [TEST_STEP][PASSED] - Statement - If (celltext == profileName): null

2018-08-02 09:29:58 - [TEST_STEP][PASSED] - Statement - celltext = Columns_row.get(column).getText(): null

2018-08-02 09:29:58 - [TEST_STEP][PASSED] - Statement - If (celltext == profileName): null

2018-08-02 09:29:58 - [TEST_STEP][PASSED] - Statement - celltext = Columns_row.get(column).getText(): null

2018-08-02 09:29:58 - [TEST_STEP][PASSED] - Statement - If (celltext == profileName): null

2018-08-02 09:29:58 - [TEST_STEP][PASSED] - Statement - celltext = Columns_row.get(column).getText(): null

2018-08-02 09:29:58 - [TEST_STEP][PASSED] - Statement - If (celltext == profileName): null

2018-08-02 09:29:58 - [TEST_STEP][PASSED] - Statement - Columns_row = rows_table.get(row).findElements(org.openqa.selenium.By.tagName("td")): null

2018-08-02 09:29:58 - [TEST_STEP][PASSED] - Statement - columns_count = Columns_row.size(): null

2018-08-02 09:29:58 - [TEST_STEP][PASSED] - Statement - For ([column = 0, column < columns_count, (column++)]): null

2018-08-02 09:29:58 - [TEST_STEP][PASSED] - Statement - celltext = Columns_row.get(column).getText(): null

2018-08-02 09:29:58 - [TEST_STEP][PASSED] - Statement - If (celltext == profileName): null

2018-08-02 09:29:58 - [TEST_STEP][PASSED] - Statement - celltext = Columns_row.get(column).getText(): null

2018-08-02 09:29:58 - [TEST_STEP][PASSED] - Statement - If (celltext == profileName): null

2018-08-02 09:29:58 - [TEST_STEP][PASSED] - Statement - celltext = Columns_row.get(column).getText(): null

2018-08-02 09:29:58 - [TEST_STEP][PASSED] - Statement - If (celltext == profileName): null

2018-08-02 09:29:58 - [TEST_STEP][PASSED] - Statement - celltext = Columns_row.get(column).getText(): null

2018-08-02 09:29:58 - [TEST_STEP][PASSED] - Statement - If (celltext == profileName): null

2018-08-02 09:29:58 - [TEST_STEP][PASSED] - Statement - Columns_row = rows_table.get(row).findElements(org.openqa.selenium.By.tagName("td")): null

2018-08-02 09:29:58 - [TEST_STEP][PASSED] - Statement - columns_count = Columns_row.size(): null

2018-08-02 09:29:58 - [TEST_STEP][PASSED] - Statement - For ([column = 0, column < columns_count, (column++)]): null

2018-08-02 09:29:58 - [TEST_STEP][PASSED] - Statement - celltext = Columns_row.get(column).getText(): null

2018-08-02 09:29:58 - [TEST_STEP][PASSED] - Statement - If (celltext == profileName): null

2018-08-02 09:29:58 - [TEST_STEP][PASSED] - Statement - celltext = Columns_row.get(column).getText(): null

2018-08-02 09:29:58 - [TEST_STEP][PASSED] - Statement - If (celltext == profileName): null

2018-08-02 09:29:58 - [TEST_STEP][PASSED] - Statement - celltext = Columns_row.get(column).getText(): null

2018-08-02 09:29:58 - [TEST_STEP][PASSED] - Statement - If (celltext == profileName): null

2018-08-02 09:29:58 - [TEST_STEP][PASSED] - Statement - celltext = Columns_row.get(column).getText(): null

2018-08-02 09:29:58 - [TEST_STEP][PASSED] - Statement - If (celltext == profileName): null

2018-08-02 09:29:58 - [TEST_STEP][PASSED] - click: Object: 'Object Repository/Client Portal/Profile/button_Next' is clicked on

2018-08-02 09:29:59 - [MESSAGE][PASSED] - Object: 'Object Repository/Client Portal/Profile/button_Next' is clicked on

2018-08-02 09:29:59 - [TEST_STEP][PASSED] - verifyElementNotPresent: Web element with id: 'Object Repository/Client Portal/Profile/icon_refresh' located by 'By.xpath: id("wrapper")/div[@class="content-page"]/div[@class="content"]/div[@class="ng-scope"]/div[@class="ng-scope"]/div[@class="row"]/form[@class="form-horizontal ng-valid ng-valid-maxlength ng-dirty ng-valid-parse"]/div[@class="col-sm-12"]/div[@class="text-center"]/i[@class="fa fa-refresh fa-spin fa-3x fa-fw"][count(. | //i[@class = 'fa fa-refresh fa-spin fa-3x fa-fw']) = count(//i[@class = 'fa fa-refresh fa-spin fa-3x fa-fw'])]' is not present after '5' second(s)

2018-08-02 09:29:59 - [MESSAGE][PASSED] - Web element with id: 'Object Repository/Client Portal/Profile/icon_refresh' located by 'By.xpath: id("wrapper")/div[@class="content-page"]/div[@class="content"]/div[@class="ng-scope"]/div[@class="ng-scope"]/div[@class="row"]/form[@class="form-horizontal ng-valid ng-valid-maxlength ng-dirty ng-valid-parse"]/div[@class="col-sm-12"]/div[@class="text-center"]/i[@class="fa fa-refresh fa-spin fa-3x fa-fw"][count(. | //i[@class = 'fa fa-refresh fa-spin fa-3x fa-fw']) = count(//i[@class = 'fa fa-refresh fa-spin fa-3x fa-fw'])]' is not present after '5' second(s)

2018-08-02 09:29:59 - [TEST_STEP][PASSED] - Statement - For ([row = 0, row < rows_count, (row++)]): null

2018-08-02 09:29:59 - [TEST_STEP][PASSED] - Statement - Columns_row = rows_table.get(row).findElements(org.openqa.selenium.By.tagName("td")): null

2018-08-02 09:29:59 - [TEST_STEP][PASSED] - Statement - columns_count = Columns_row.size(): null

2018-08-02 09:29:59 - [TEST_STEP][PASSED] - Statement - For ([column = 0, column < columns_count, (column++)]): null

2018-08-02 09:29:59 - [TEST_STEP][PASSED] - Statement - celltext = Columns_row.get(column).getText(): null

2018-08-02 09:29:59 - [TEST_STEP][PASSED] - Statement - If (celltext == profileName): null

2018-08-02 09:29:59 - [TEST_STEP][PASSED] - Statement - celltext = Columns_row.get(column).getText(): null

2018-08-02 09:29:59 - [TEST_STEP][PASSED] - Statement - If (celltext == profileName): null

2018-08-02 09:29:59 - [TEST_STEP][PASSED] - Statement - celltext = Columns_row.get(column).getText(): null

2018-08-02 09:29:59 - [TEST_STEP][PASSED] - Statement - If (celltext == profileName): null

2018-08-02 09:29:59 - [TEST_STEP][PASSED] - Statement - celltext = Columns_row.get(column).getText(): null

2018-08-02 09:29:59 - [TEST_STEP][PASSED] - Statement - If (celltext == profileName): null

2018-08-02 09:29:59 - [TEST_STEP][PASSED] - Statement - Columns_row = rows_table.get(row).findElements(org.openqa.selenium.By.tagName("td")): null

2018-08-02 09:29:59 - [TEST_STEP][PASSED] - Statement - columns_count = Columns_row.size(): null

2018-08-02 09:29:59 - [TEST_STEP][PASSED] - Statement - For ([column = 0, column < columns_count, (column++)]): null

2018-08-02 09:29:59 - [TEST_STEP][PASSED] - Statement - celltext = Columns_row.get(column).getText(): null

2018-08-02 09:29:59 - [TEST_STEP][PASSED] - Statement - If (celltext == profileName): null

2018-08-02 09:29:59 - [TEST_STEP][PASSED] - Statement - celltext = Columns_row.get(column).getText(): null

2018-08-02 09:29:59 - [TEST_STEP][PASSED] - Statement - If (celltext == profileName): null

2018-08-02 09:29:59 - [TEST_STEP][PASSED] - Statement - celltext = Columns_row.get(column).getText(): null

2018-08-02 09:29:59 - [TEST_STEP][PASSED] - Statement - If (celltext == profileName): null

2018-08-02 09:29:59 - [TEST_STEP][PASSED] - Statement - celltext = Columns_row.get(column).getText(): null

2018-08-02 09:29:59 - [TEST_STEP][PASSED] - Statement - If (celltext == profileName): null

2018-08-02 09:29:59 - [TEST_STEP][PASSED] - Statement - Columns_row = rows_table.get(row).findElements(org.openqa.selenium.By.tagName("td")): null

2018-08-02 09:29:59 - [TEST_STEP][PASSED] - Statement - columns_count = Columns_row.size(): null

2018-08-02 09:29:59 - [TEST_STEP][PASSED] - Statement - For ([column = 0, column < columns_count, (column++)]): null

2018-08-02 09:29:59 - [TEST_STEP][PASSED] - Statement - celltext = Columns_row.get(column).getText(): null

2018-08-02 09:29:59 - [TEST_STEP][PASSED] - Statement - If (celltext == profileName): null

2018-08-02 09:29:59 - [TEST_STEP][PASSED] - Statement - celltext = Columns_row.get(column).getText(): null

2018-08-02 09:29:59 - [TEST_STEP][PASSED] - Statement - If (celltext == profileName): null

2018-08-02 09:29:59 - [TEST_STEP][PASSED] - Statement - celltext = Columns_row.get(column).getText(): null

2018-08-02 09:29:59 - [TEST_STEP][PASSED] - Statement - If (celltext == profileName): null

2018-08-02 09:29:59 - [TEST_STEP][PASSED] - Statement - celltext = Columns_row.get(column).getText(): null

2018-08-02 09:29:59 - [TEST_STEP][PASSED] - Statement - If (celltext == profileName): null

2018-08-02 09:29:59 - [TEST_STEP][PASSED] - Statement - Columns_row = rows_table.get(row).findElements(org.openqa.selenium.By.tagName("td")): null

2018-08-02 09:29:59 - [TEST_STEP][PASSED] - Statement - columns_count = Columns_row.size(): null

2018-08-02 09:29:59 - [TEST_STEP][PASSED] - Statement - For ([column = 0, column < columns_count, (column++)]): null

2018-08-02 09:29:59 - [TEST_STEP][PASSED] - Statement - celltext = Columns_row.get(column).getText(): null

2018-08-02 09:29:59 - [TEST_STEP][PASSED] - Statement - If (celltext == profileName): null

2018-08-02 09:29:59 - [TEST_STEP][PASSED] - Statement - celltext = Columns_row.get(column).getText(): null

2018-08-02 09:29:59 - [TEST_STEP][PASSED] - Statement - If (celltext == profileName): null

2018-08-02 09:29:59 - [TEST_STEP][PASSED] - Statement - celltext = Columns_row.get(column).getText(): null

2018-08-02 09:29:59 - [TEST_STEP][PASSED] - Statement - If (celltext == profileName): null

2018-08-02 09:29:59 - [TEST_STEP][PASSED] - Statement - celltext = Columns_row.get(column).getText(): null

2018-08-02 09:29:59 - [TEST_STEP][PASSED] - Statement - If (celltext == profileName): null

2018-08-02 09:29:59 - [TEST_STEP][PASSED] - Statement - Columns_row = rows_table.get(row).findElements(org.openqa.selenium.By.tagName("td")): null

2018-08-02 09:29:59 - [TEST_STEP][PASSED] - Statement - columns_count = Columns_row.size(): null

2018-08-02 09:29:59 - [TEST_STEP][PASSED] - Statement - For ([column = 0, column < columns_count, (column++)]): null

2018-08-02 09:29:59 - [TEST_STEP][PASSED] - Statement - celltext = Columns_row.get(column).getText(): null

2018-08-02 09:29:59 - [TEST_STEP][PASSED] - Statement - If (celltext == profileName): null

2018-08-02 09:29:59 - [TEST_STEP][PASSED] - Statement - celltext = Columns_row.get(column).getText(): null

2018-08-02 09:29:59 - [TEST_STEP][PASSED] - Statement - If (celltext == profileName): null

2018-08-02 09:29:59 - [TEST_STEP][PASSED] - Statement - celltext = Columns_row.get(column).getText(): null

2018-08-02 09:29:59 - [TEST_STEP][PASSED] - Statement - If (celltext == profileName): null

2018-08-02 09:29:59 - [TEST_STEP][PASSED] - Statement - celltext = Columns_row.get(column).getText(): null

2018-08-02 09:29:59 - [TEST_STEP][PASSED] - Statement - If (celltext == profileName): null

2018-08-02 09:29:59 - [TEST_STEP][PASSED] - Statement - Columns_row = rows_table.get(row).findElements(org.openqa.selenium.By.tagName("td")): null

2018-08-02 09:29:59 - [TEST_STEP][PASSED] - Statement - columns_count = Columns_row.size(): null

2018-08-02 09:29:59 - [TEST_STEP][PASSED] - Statement - For ([column = 0, column < columns_count, (column++)]): null

2018-08-02 09:29:59 - [TEST_STEP][PASSED] - Statement - celltext = Columns_row.get(column).getText(): null

2018-08-02 09:29:59 - [TEST_STEP][PASSED] - Statement - If (celltext == profileName): null

2018-08-02 09:29:59 - [TEST_STEP][PASSED] - Statement - celltext = Columns_row.get(column).getText(): null

2018-08-02 09:29:59 - [TEST_STEP][PASSED] - Statement - If (celltext == profileName): null

2018-08-02 09:29:59 - [TEST_STEP][PASSED] - Statement - celltext = Columns_row.get(column).getText(): null

2018-08-02 09:29:59 - [TEST_STEP][PASSED] - Statement - If (celltext == profileName): null

2018-08-02 09:29:59 - [TEST_STEP][PASSED] - Statement - celltext = Columns_row.get(column).getText(): null

2018-08-02 09:29:59 - [TEST_STEP][PASSED] - Statement - If (celltext == profileName): null

2018-08-02 09:29:59 - [TEST_STEP][PASSED] - Statement - Columns_row = rows_table.get(row).findElements(org.openqa.selenium.By.tagName("td")): null

2018-08-02 09:29:59 - [TEST_STEP][PASSED] - Statement - columns_count = Columns_row.size(): null

2018-08-02 09:29:59 - [TEST_STEP][PASSED] - Statement - For ([column = 0, column < columns_count, (column++)]): null

2018-08-02 09:29:59 - [TEST_STEP][PASSED] - Statement - celltext = Columns_row.get(column).getText(): null

2018-08-02 09:29:59 - [TEST_STEP][PASSED] - Statement - If (celltext == profileName): null

2018-08-02 09:29:59 - [TEST_STEP][PASSED] - Statement - celltext = Columns_row.get(column).getText(): null

2018-08-02 09:29:59 - [TEST_STEP][PASSED] - Statement - If (celltext == profileName): null

2018-08-02 09:29:59 - [TEST_STEP][PASSED] - Statement - celltext = Columns_row.get(column).getText(): null

2018-08-02 09:29:59 - [TEST_STEP][PASSED] - Statement - If (celltext == profileName): null

2018-08-02 09:29:59 - [TEST_STEP][PASSED] - Statement - celltext = Columns_row.get(column).getText(): null

2018-08-02 09:29:59 - [TEST_STEP][PASSED] - Statement - If (celltext == profileName): null

2018-08-02 09:29:59 - [TEST_STEP][PASSED] - Statement - Columns_row = rows_table.get(row).findElements(org.openqa.selenium.By.tagName("td")): null

2018-08-02 09:29:59 - [TEST_STEP][PASSED] - Statement - columns_count = Columns_row.size(): null

2018-08-02 09:29:59 - [TEST_STEP][PASSED] - Statement - For ([column = 0, column < columns_count, (column++)]): null

2018-08-02 09:29:59 - [TEST_STEP][PASSED] - Statement - celltext = Columns_row.get(column).getText(): null

2018-08-02 09:29:59 - [TEST_STEP][PASSED] - Statement - If (celltext == profileName): null

2018-08-02 09:29:59 - [TEST_STEP][PASSED] - Statement - celltext = Columns_row.get(column).getText(): null

2018-08-02 09:29:59 - [TEST_STEP][PASSED] - Statement - If (celltext == profileName): null

2018-08-02 09:29:59 - [TEST_STEP][PASSED] - Statement - celltext = Columns_row.get(column).getText(): null

2018-08-02 09:29:59 - [TEST_STEP][PASSED] - Statement - If (celltext == profileName): null

2018-08-02 09:29:59 - [TEST_STEP][PASSED] - Statement - celltext = Columns_row.get(column).getText(): null

2018-08-02 09:29:59 - [TEST_STEP][PASSED] - Statement - If (celltext == profileName): null

2018-08-02 09:29:59 - [TEST_STEP][PASSED] - Statement - Columns_row = rows_table.get(row).findElements(org.openqa.selenium.By.tagName("td")): null

2018-08-02 09:29:59 - [TEST_STEP][PASSED] - Statement - columns_count = Columns_row.size(): null

2018-08-02 09:29:59 - [TEST_STEP][PASSED] - Statement - For ([column = 0, column < columns_count, (column++)]): null

2018-08-02 09:29:59 - [TEST_STEP][PASSED] - Statement - celltext = Columns_row.get(column).getText(): null

2018-08-02 09:29:59 - [TEST_STEP][PASSED] - Statement - If (celltext == profileName): null

2018-08-02 09:29:59 - [TEST_STEP][PASSED] - Statement - celltext = Columns_row.get(column).getText(): null

2018-08-02 09:29:59 - [TEST_STEP][PASSED] - Statement - If (celltext == profileName): null

2018-08-02 09:29:59 - [TEST_STEP][PASSED] - Statement - celltext = Columns_row.get(column).getText(): null

2018-08-02 09:30:00 - [TEST_STEP][PASSED] - Statement - If (celltext == profileName): null

2018-08-02 09:30:00 - [TEST_STEP][PASSED] - Statement - celltext = Columns_row.get(column).getText(): null

2018-08-02 09:30:00 - [TEST_STEP][PASSED] - Statement - If (celltext == profileName): null

2018-08-02 09:30:00 - [TEST_STEP][PASSED] - Statement - Columns_row = rows_table.get(row).findElements(org.openqa.selenium.By.tagName("td")): null

2018-08-02 09:30:00 - [TEST_STEP][PASSED] - Statement - columns_count = Columns_row.size(): null

2018-08-02 09:30:00 - [TEST_STEP][PASSED] - Statement - For ([column = 0, column < columns_count, (column++)]): null

2018-08-02 09:30:00 - [TEST_STEP][PASSED] - Statement - celltext = Columns_row.get(column).getText(): null

2018-08-02 09:30:00 - [TEST_STEP][PASSED] - Statement - If (celltext == profileName): null

2018-08-02 09:30:00 - [TEST_STEP][PASSED] - Statement - celltext = Columns_row.get(column).getText(): null

2018-08-02 09:30:00 - [TEST_STEP][PASSED] - Statement - If (celltext == profileName): null

2018-08-02 09:30:00 - [TEST_STEP][PASSED] - Statement - celltext = Columns_row.get(column).getText(): null

2018-08-02 09:30:00 - [TEST_STEP][PASSED] - Statement - If (celltext == profileName): null

2018-08-02 09:30:00 - [TEST_STEP][PASSED] - Statement - celltext = Columns_row.get(column).getText(): null

2018-08-02 09:30:00 - [TEST_STEP][PASSED] - Statement - If (celltext == profileName): null

2018-08-02 09:30:00 - [TEST_STEP][PASSED] - click: Object: 'Object Repository/Client Portal/Profile/button_Next' is clicked on

2018-08-02 09:30:00 - [MESSAGE][PASSED] - Object: 'Object Repository/Client Portal/Profile/button_Next' is clicked on

2018-08-02 09:30:00 - [TEST_STEP][PASSED] - verifyElementNotPresent: Web element with id: 'Object Repository/Client Portal/Profile/icon_refresh' located by 'By.xpath: id("wrapper")/div[@class="content-page"]/div[@class="content"]/div[@class="ng-scope"]/div[@class="ng-scope"]/div[@class="row"]/form[@class="form-horizontal ng-valid ng-valid-maxlength ng-dirty ng-valid-parse"]/div[@class="col-sm-12"]/div[@class="text-center"]/i[@class="fa fa-refresh fa-spin fa-3x fa-fw"][count(. | //i[@class = 'fa fa-refresh fa-spin fa-3x fa-fw']) = count(//i[@class = 'fa fa-refresh fa-spin fa-3x fa-fw'])]' is not present after '5' second(s)

2018-08-02 09:30:00 - [MESSAGE][PASSED] - Web element with id: 'Object Repository/Client Portal/Profile/icon_refresh' located by 'By.xpath: id("wrapper")/div[@class="content-page"]/div[@class="content"]/div[@class="ng-scope"]/div[@class="ng-scope"]/div[@class="row"]/form[@class="form-horizontal ng-valid ng-valid-maxlength ng-dirty ng-valid-parse"]/div[@class="col-sm-12"]/div[@class="text-center"]/i[@class="fa fa-refresh fa-spin fa-3x fa-fw"][count(. | //i[@class = 'fa fa-refresh fa-spin fa-3x fa-fw']) = count(//i[@class = 'fa fa-refresh fa-spin fa-3x fa-fw'])]' is not present after '5' second(s)

2018-08-02 09:30:00 - [TEST_STEP][PASSED] - Statement - For ([row = 0, row < rows_count, (row++)]): null

2018-08-02 09:30:00 - [TEST_STEP][PASSED] - Statement - Columns_row = rows_table.get(row).findElements(org.openqa.selenium.By.tagName("td")): null

2018-08-02 09:30:00 - [TEST_STEP][PASSED] - Statement - columns_count = Columns_row.size(): null

2018-08-02 09:30:00 - [TEST_STEP][PASSED] - Statement - For ([column = 0, column < columns_count, (column++)]): null

2018-08-02 09:30:00 - [TEST_STEP][PASSED] - Statement - celltext = Columns_row.get(column).getText(): null

2018-08-02 09:30:00 - [TEST_STEP][PASSED] - Statement - If (celltext == profileName): null

2018-08-02 09:30:00 - [TEST_STEP][PASSED] - Statement - celltext = Columns_row.get(column).getText(): null

2018-08-02 09:30:00 - [TEST_STEP][PASSED] - Statement - If (celltext == profileName): null

2018-08-02 09:30:00 - [TEST_STEP][PASSED] - Statement - celltext = Columns_row.get(column).getText(): null

2018-08-02 09:30:00 - [TEST_STEP][PASSED] - Statement - If (celltext == profileName): null

2018-08-02 09:30:00 - [TEST_STEP][PASSED] - Statement - celltext = Columns_row.get(column).getText(): null

2018-08-02 09:30:00 - [TEST_STEP][PASSED] - Statement - If (celltext == profileName): null

2018-08-02 09:30:00 - [TEST_STEP][PASSED] - Statement - Columns_row = rows_table.get(row).findElements(org.openqa.selenium.By.tagName("td")): null

2018-08-02 09:30:00 - [TEST_STEP][PASSED] - Statement - columns_count = Columns_row.size(): null

2018-08-02 09:30:00 - [TEST_STEP][PASSED] - Statement - For ([column = 0, column < columns_count, (column++)]): null

2018-08-02 09:30:00 - [TEST_STEP][PASSED] - Statement - celltext = Columns_row.get(column).getText(): null

2018-08-02 09:30:00 - [TEST_STEP][PASSED] - Statement - If (celltext == profileName): null

2018-08-02 09:30:00 - [TEST_STEP][PASSED] - Statement - celltext = Columns_row.get(column).getText(): null

2018-08-02 09:30:00 - [TEST_STEP][PASSED] - Statement - If (celltext == profileName): null

2018-08-02 09:30:00 - [TEST_STEP][PASSED] - Statement - celltext = Columns_row.get(column).getText(): null

2018-08-02 09:30:00 - [TEST_STEP][PASSED] - Statement - If (celltext == profileName): null

2018-08-02 09:30:00 - [TEST_STEP][PASSED] - Statement - celltext = Columns_row.get(column).getText(): null

2018-08-02 09:30:00 - [TEST_STEP][PASSED] - Statement - If (celltext == profileName): null

2018-08-02 09:30:00 - [TEST_STEP][PASSED] - Statement - Columns_row = rows_table.get(row).findElements(org.openqa.selenium.By.tagName("td")): null

2018-08-02 09:30:00 - [TEST_STEP][PASSED] - Statement - columns_count = Columns_row.size(): null

2018-08-02 09:30:00 - [TEST_STEP][PASSED] - Statement - For ([column = 0, column < columns_count, (column++)]): null

2018-08-02 09:30:00 - [TEST_STEP][PASSED] - Statement - celltext = Columns_row.get(column).getText(): null

2018-08-02 09:30:00 - [TEST_STEP][PASSED] - Statement - If (celltext == profileName): null

2018-08-02 09:30:00 - [TEST_STEP][PASSED] - Statement - celltext = Columns_row.get(column).getText(): null

2018-08-02 09:30:00 - [TEST_STEP][PASSED] - Statement - If (celltext == profileName): null

2018-08-02 09:30:00 - [TEST_STEP][PASSED] - Statement - celltext = Columns_row.get(column).getText(): null

2018-08-02 09:30:00 - [TEST_STEP][PASSED] - Statement - If (celltext == profileName): null

2018-08-02 09:30:00 - [TEST_STEP][PASSED] - Statement - celltext = Columns_row.get(column).getText(): null

2018-08-02 09:30:00 - [TEST_STEP][PASSED] - Statement - If (celltext == profileName): null

2018-08-02 09:30:00 - [TEST_STEP][PASSED] - Statement - Columns_row = rows_table.get(row).findElements(org.openqa.selenium.By.tagName("td")): null

2018-08-02 09:30:00 - [TEST_STEP][PASSED] - Statement - columns_count = Columns_row.size(): null

2018-08-02 09:30:00 - [TEST_STEP][PASSED] - Statement - For ([column = 0, column < columns_count, (column++)]): null

2018-08-02 09:30:00 - [TEST_STEP][PASSED] - Statement - celltext = Columns_row.get(column).getText(): null

2018-08-02 09:30:00 - [TEST_STEP][PASSED] - Statement - If (celltext == profileName): null

2018-08-02 09:30:00 - [TEST_STEP][PASSED] - Statement - celltext = Columns_row.get(column).getText(): null

2018-08-02 09:30:00 - [TEST_STEP][PASSED] - Statement - If (celltext == profileName): null

2018-08-02 09:30:00 - [TEST_STEP][PASSED] - Statement - celltext = Columns_row.get(column).getText(): null

2018-08-02 09:30:00 - [TEST_STEP][PASSED] - Statement - If (celltext == profileName): null

2018-08-02 09:30:00 - [TEST_STEP][PASSED] - Statement - celltext = Columns_row.get(column).getText(): null

2018-08-02 09:30:00 - [TEST_STEP][PASSED] - Statement - If (celltext == profileName): null

2018-08-02 09:30:00 - [TEST_STEP][PASSED] - Statement - Columns_row = rows_table.get(row).findElements(org.openqa.selenium.By.tagName("td")): null

2018-08-02 09:30:00 - [TEST_STEP][PASSED] - Statement - columns_count = Columns_row.size(): null

2018-08-02 09:30:00 - [TEST_STEP][PASSED] - Statement - For ([column = 0, column < columns_count, (column++)]): null

2018-08-02 09:30:00 - [TEST_STEP][PASSED] - Statement - celltext = Columns_row.get(column).getText(): null

2018-08-02 09:30:00 - [TEST_STEP][PASSED] - Statement - If (celltext == profileName): null

2018-08-02 09:30:00 - [TEST_STEP][PASSED] - Statement - celltext = Columns_row.get(column).getText(): null

2018-08-02 09:30:00 - [TEST_STEP][PASSED] - Statement - If (celltext == profileName): null

2018-08-02 09:30:00 - [TEST_STEP][PASSED] - Statement - celltext = Columns_row.get(column).getText(): null

2018-08-02 09:30:00 - [TEST_STEP][PASSED] - Statement - If (celltext == profileName): null

2018-08-02 09:30:00 - [TEST_STEP][PASSED] - Statement - celltext = Columns_row.get(column).getText(): null

2018-08-02 09:30:00 - [TEST_STEP][PASSED] - Statement - If (celltext == profileName): null

2018-08-02 09:30:00 - [TEST_STEP][PASSED] - Statement - Columns_row = rows_table.get(row).findElements(org.openqa.selenium.By.tagName("td")): null

2018-08-02 09:30:00 - [TEST_STEP][PASSED] - Statement - columns_count = Columns_row.size(): null

2018-08-02 09:30:00 - [TEST_STEP][PASSED] - Statement - For ([column = 0, column < columns_count, (column++)]): null

2018-08-02 09:30:00 - [TEST_STEP][PASSED] - Statement - celltext = Columns_row.get(column).getText(): null

2018-08-02 09:30:00 - [TEST_STEP][PASSED] - Statement - If (celltext == profileName): null

2018-08-02 09:30:00 - [TEST_STEP][PASSED] - Statement - celltext = Columns_row.get(column).getText(): null

2018-08-02 09:30:00 - [TEST_STEP][PASSED] - Statement - If (celltext == profileName): null

2018-08-02 09:30:00 - [TEST_STEP][PASSED] - Statement - celltext = Columns_row.get(column).getText(): null

2018-08-02 09:30:00 - [TEST_STEP][PASSED] - Statement - If (celltext == profileName): null

2018-08-02 09:30:00 - [TEST_STEP][PASSED] - Statement - celltext = Columns_row.get(column).getText(): null

2018-08-02 09:30:01 - [TEST_STEP][PASSED] - Statement - If (celltext == profileName): null

2018-08-02 09:30:01 - [TEST_STEP][PASSED] - Statement - Columns_row = rows_table.get(row).findElements(org.openqa.selenium.By.tagName("td")): null

2018-08-02 09:30:01 - [TEST_STEP][PASSED] - Statement - columns_count = Columns_row.size(): null

2018-08-02 09:30:01 - [TEST_STEP][PASSED] - Statement - For ([column = 0, column < columns_count, (column++)]): null

2018-08-02 09:30:01 - [TEST_STEP][PASSED] - Statement - celltext = Columns_row.get(column).getText(): null

2018-08-02 09:30:01 - [TEST_STEP][PASSED] - Statement - If (celltext == profileName): null

2018-08-02 09:30:01 - [TEST_STEP][PASSED] - Statement - celltext = Columns_row.get(column).getText(): null

2018-08-02 09:30:01 - [TEST_STEP][PASSED] - Statement - If (celltext == profileName): null

2018-08-02 09:30:01 - [TEST_STEP][PASSED] - Statement - celltext = Columns_row.get(column).getText(): null

2018-08-02 09:30:01 - [TEST_STEP][PASSED] - Statement - If (celltext == profileName): null

2018-08-02 09:30:01 - [TEST_STEP][PASSED] - Statement - celltext = Columns_row.get(column).getText(): null

2018-08-02 09:30:01 - [TEST_STEP][PASSED] - Statement - If (celltext == profileName): null

2018-08-02 09:30:01 - [TEST_STEP][PASSED] - Statement - Columns_row = rows_table.get(row).findElements(org.openqa.selenium.By.tagName("td")): null

2018-08-02 09:30:01 - [TEST_STEP][PASSED] - Statement - columns_count = Columns_row.size(): null

2018-08-02 09:30:01 - [TEST_STEP][PASSED] - Statement - For ([column = 0, column < columns_count, (column++)]): null

2018-08-02 09:30:01 - [TEST_STEP][PASSED] - Statement - celltext = Columns_row.get(column).getText(): null

2018-08-02 09:30:01 - [TEST_STEP][PASSED] - Statement - If (celltext == profileName): null

2018-08-02 09:30:01 - [TEST_STEP][PASSED] - Statement - celltext = Columns_row.get(column).getText(): null

2018-08-02 09:30:01 - [TEST_STEP][PASSED] - Statement - If (celltext == profileName): null

2018-08-02 09:30:01 - [TEST_STEP][PASSED] - Statement - celltext = Columns_row.get(column).getText(): null

2018-08-02 09:30:01 - [TEST_STEP][PASSED] - Statement - If (celltext == profileName): null

2018-08-02 09:30:01 - [TEST_STEP][PASSED] - Statement - celltext = Columns_row.get(column).getText(): null

2018-08-02 09:30:01 - [TEST_STEP][PASSED] - Statement - If (celltext == profileName): null

2018-08-02 09:30:01 - [TEST_STEP][PASSED] - Statement - Columns_row = rows_table.get(row).findElements(org.openqa.selenium.By.tagName("td")): null

2018-08-02 09:30:01 - [TEST_STEP][PASSED] - Statement - columns_count = Columns_row.size(): null

2018-08-02 09:30:01 - [TEST_STEP][PASSED] - Statement - For ([column = 0, column < columns_count, (column++)]): null

2018-08-02 09:30:01 - [TEST_STEP][PASSED] - Statement - celltext = Columns_row.get(column).getText(): null

2018-08-02 09:30:01 - [TEST_STEP][PASSED] - Statement - If (celltext == profileName): null

2018-08-02 09:30:01 - [TEST_STEP][PASSED] - Statement - celltext = Columns_row.get(column).getText(): null

2018-08-02 09:30:01 - [TEST_STEP][PASSED] - Statement - If (celltext == profileName): null

2018-08-02 09:30:01 - [TEST_STEP][PASSED] - Statement - celltext = Columns_row.get(column).getText(): null

2018-08-02 09:30:01 - [TEST_STEP][PASSED] - Statement - If (celltext == profileName): null

2018-08-02 09:30:01 - [TEST_STEP][PASSED] - Statement - celltext = Columns_row.get(column).getText(): null

2018-08-02 09:30:01 - [TEST_STEP][PASSED] - Statement - If (celltext == profileName): null

2018-08-02 09:30:01 - [TEST_STEP][PASSED] - Statement - Columns_row = rows_table.get(row).findElements(org.openqa.selenium.By.tagName("td")): null

2018-08-02 09:30:01 - [TEST_STEP][PASSED] - Statement - columns_count = Columns_row.size(): null

2018-08-02 09:30:01 - [TEST_STEP][PASSED] - Statement - For ([column = 0, column < columns_count, (column++)]): null

2018-08-02 09:30:01 - [TEST_STEP][PASSED] - Statement - celltext = Columns_row.get(column).getText(): null

2018-08-02 09:30:01 - [TEST_STEP][PASSED] - Statement - If (celltext == profileName): null

2018-08-02 09:30:01 - [TEST_STEP][PASSED] - Statement - celltext = Columns_row.get(column).getText(): null

2018-08-02 09:30:01 - [TEST_STEP][PASSED] - Statement - If (celltext == profileName): null

2018-08-02 09:30:01 - [TEST_STEP][PASSED] - Statement - celltext = Columns_row.get(column).getText(): null

2018-08-02 09:30:01 - [TEST_STEP][PASSED] - Statement - If (celltext == profileName): null

2018-08-02 09:30:01 - [TEST_STEP][PASSED] - Statement - celltext = Columns_row.get(column).getText(): null

2018-08-02 09:30:01 - [TEST_STEP][PASSED] - Statement - If (celltext == profileName): null

2018-08-02 09:30:01 - [TEST_STEP][PASSED] - click: Object: 'Object Repository/Client Portal/Profile/button_Next' is clicked on

2018-08-02 09:30:01 - [MESSAGE][PASSED] - Object: 'Object Repository/Client Portal/Profile/button_Next' is clicked on

2018-08-02 09:30:01 - [TEST_STEP][PASSED] - verifyElementNotPresent: Web element with id: 'Object Repository/Client Portal/Profile/icon_refresh' located by 'By.xpath: id("wrapper")/div[@class="content-page"]/div[@class="content"]/div[@class="ng-scope"]/div[@class="ng-scope"]/div[@class="row"]/form[@class="form-horizontal ng-valid ng-valid-maxlength ng-dirty ng-valid-parse"]/div[@class="col-sm-12"]/div[@class="text-center"]/i[@class="fa fa-refresh fa-spin fa-3x fa-fw"][count(. | //i[@class = 'fa fa-refresh fa-spin fa-3x fa-fw']) = count(//i[@class = 'fa fa-refresh fa-spin fa-3x fa-fw'])]' is not present after '5' second(s)

2018-08-02 09:30:01 - [MESSAGE][PASSED] - Web element with id: 'Object Repository/Client Portal/Profile/icon_refresh' located by 'By.xpath: id("wrapper")/div[@class="content-page"]/div[@class="content"]/div[@class="ng-scope"]/div[@class="ng-scope"]/div[@class="row"]/form[@class="form-horizontal ng-valid ng-valid-maxlength ng-dirty ng-valid-parse"]/div[@class="col-sm-12"]/div[@class="text-center"]/i[@class="fa fa-refresh fa-spin fa-3x fa-fw"][count(. | //i[@class = 'fa fa-refresh fa-spin fa-3x fa-fw']) = count(//i[@class = 'fa fa-refresh fa-spin fa-3x fa-fw'])]' is not present after '5' second(s)

2018-08-02 09:30:01 - [TEST_STEP][PASSED] - Statement - For ([row = 0, row < rows_count, (row++)]): null

2018-08-02 09:30:01 - [TEST_STEP][PASSED] - Statement - Columns_row = rows_table.get(row).findElements(org.openqa.selenium.By.tagName("td")): null

2018-08-02 09:30:01 - [TEST_STEP][PASSED] - Statement - columns_count = Columns_row.size(): null

2018-08-02 09:30:01 - [TEST_STEP][PASSED] - Statement - For ([column = 0, column < columns_count, (column++)]): null

2018-08-02 09:30:01 - [TEST_STEP][PASSED] - Statement - celltext = Columns_row.get(column).getText(): null

2018-08-02 09:30:01 - [TEST_STEP][PASSED] - Statement - If (celltext == profileName): null

2018-08-02 09:30:01 - [TEST_STEP][PASSED] - Statement - celltext = Columns_row.get(column).getText(): null

2018-08-02 09:30:01 - [TEST_STEP][PASSED] - Statement - If (celltext == profileName): null

2018-08-02 09:30:01 - [TEST_STEP][PASSED] - Statement - celltext = Columns_row.get(column).getText(): null

2018-08-02 09:30:01 - [TEST_STEP][PASSED] - Statement - If (celltext == profileName): null

2018-08-02 09:30:01 - [TEST_STEP][PASSED] - Statement - celltext = Columns_row.get(column).getText(): null

2018-08-02 09:30:01 - [TEST_STEP][PASSED] - Statement - If (celltext == profileName): null

2018-08-02 09:30:01 - [TEST_STEP][PASSED] - Statement - Columns_row = rows_table.get(row).findElements(org.openqa.selenium.By.tagName("td")): null

2018-08-02 09:30:01 - [TEST_STEP][PASSED] - Statement - columns_count = Columns_row.size(): null

2018-08-02 09:30:01 - [TEST_STEP][PASSED] - Statement - For ([column = 0, column < columns_count, (column++)]): null

2018-08-02 09:30:01 - [TEST_STEP][PASSED] - Statement - celltext = Columns_row.get(column).getText(): null

2018-08-02 09:30:01 - [TEST_STEP][PASSED] - Statement - If (celltext == profileName): null

2018-08-02 09:30:01 - [TEST_STEP][PASSED] - Statement - celltext = Columns_row.get(column).getText(): null

2018-08-02 09:30:01 - [TEST_STEP][PASSED] - Statement - If (celltext == profileName): null

2018-08-02 09:30:01 - [TEST_STEP][PASSED] - Statement - celltext = Columns_row.get(column).getText(): null

2018-08-02 09:30:01 - [TEST_STEP][PASSED] - Statement - If (celltext == profileName): null

2018-08-02 09:30:01 - [TEST_STEP][PASSED] - Statement - celltext = Columns_row.get(column).getText(): null

2018-08-02 09:30:01 - [TEST_STEP][PASSED] - Statement - If (celltext == profileName): null

2018-08-02 09:30:01 - [TEST_STEP][PASSED] - Statement - Columns_row = rows_table.get(row).findElements(org.openqa.selenium.By.tagName("td")): null

2018-08-02 09:30:01 - [TEST_STEP][PASSED] - Statement - columns_count = Columns_row.size(): null

2018-08-02 09:30:01 - [TEST_STEP][PASSED] - Statement - For ([column = 0, column < columns_count, (column++)]): null

2018-08-02 09:30:01 - [TEST_STEP][PASSED] - Statement - celltext = Columns_row.get(column).getText(): null

2018-08-02 09:30:01 - [TEST_STEP][PASSED] - Statement - If (celltext == profileName): null

2018-08-02 09:30:01 - [TEST_STEP][PASSED] - Statement - celltext = Columns_row.get(column).getText(): null

2018-08-02 09:30:01 - [TEST_STEP][PASSED] - Statement - If (celltext == profileName): null

2018-08-02 09:30:01 - [TEST_STEP][PASSED] - Statement - celltext = Columns_row.get(column).getText(): null

2018-08-02 09:30:01 - [TEST_STEP][PASSED] - Statement - If (celltext == profileName): null

2018-08-02 09:30:01 - [TEST_STEP][PASSED] - Statement - celltext = Columns_row.get(column).getText(): null

2018-08-02 09:30:01 - [TEST_STEP][PASSED] - Statement - If (celltext == profileName): null

2018-08-02 09:30:01 - [TEST_STEP][PASSED] - Statement - Columns_row = rows_table.get(row).findElements(org.openqa.selenium.By.tagName("td")): null

2018-08-02 09:30:01 - [TEST_STEP][PASSED] - Statement - columns_count = Columns_row.size(): null

2018-08-02 09:30:01 - [TEST_STEP][PASSED] - Statement - For ([column = 0, column < columns_count, (column++)]): null

2018-08-02 09:30:01 - [TEST_STEP][PASSED] - Statement - celltext = Columns_row.get(column).getText(): null

2018-08-02 09:30:01 - [TEST_STEP][PASSED] - Statement - If (celltext == profileName): null

2018-08-02 09:30:01 - [TEST_STEP][PASSED] - Statement - celltext = Columns_row.get(column).getText(): null

2018-08-02 09:30:01 - [TEST_STEP][PASSED] - Statement - If (celltext == profileName): null

2018-08-02 09:30:01 - [TEST_STEP][PASSED] - Statement - celltext = Columns_row.get(column).getText(): null

2018-08-02 09:30:02 - [TEST_STEP][PASSED] - Statement - If (celltext == profileName): null

2018-08-02 09:30:02 - [TEST_STEP][PASSED] - Statement - celltext = Columns_row.get(column).getText(): null

2018-08-02 09:30:02 - [TEST_STEP][PASSED] - Statement - If (celltext == profileName): null

2018-08-02 09:30:02 - [TEST_STEP][PASSED] - Statement - Columns_row = rows_table.get(row).findElements(org.openqa.selenium.By.tagName("td")): null

2018-08-02 09:30:02 - [TEST_STEP][PASSED] - Statement - columns_count = Columns_row.size(): null

2018-08-02 09:30:02 - [TEST_STEP][PASSED] - Statement - For ([column = 0, column < columns_count, (column++)]): null

2018-08-02 09:30:02 - [TEST_STEP][PASSED] - Statement - celltext = Columns_row.get(column).getText(): null

2018-08-02 09:30:02 - [TEST_STEP][PASSED] - Statement - If (celltext == profileName): null

2018-08-02 09:30:02 - [TEST_STEP][PASSED] - Statement - celltext = Columns_row.get(column).getText(): null

2018-08-02 09:30:02 - [TEST_STEP][PASSED] - Statement - If (celltext == profileName): null

2018-08-02 09:30:02 - [TEST_STEP][PASSED] - Statement - celltext = Columns_row.get(column).getText(): null

2018-08-02 09:30:02 - [TEST_STEP][PASSED] - Statement - If (celltext == profileName): null

2018-08-02 09:30:02 - [TEST_STEP][PASSED] - Statement - celltext = Columns_row.get(column).getText(): null

2018-08-02 09:30:02 - [TEST_STEP][PASSED] - Statement - If (celltext == profileName): null

2018-08-02 09:30:02 - [TEST_STEP][PASSED] - Statement - Columns_row = rows_table.get(row).findElements(org.openqa.selenium.By.tagName("td")): null

2018-08-02 09:30:02 - [TEST_STEP][PASSED] - Statement - columns_count = Columns_row.size(): null

2018-08-02 09:30:02 - [TEST_STEP][PASSED] - Statement - For ([column = 0, column < columns_count, (column++)]): null

2018-08-02 09:30:02 - [TEST_STEP][PASSED] - Statement - celltext = Columns_row.get(column).getText(): null

2018-08-02 09:30:02 - [TEST_STEP][PASSED] - Statement - If (celltext == profileName): null

2018-08-02 09:30:02 - [TEST_STEP][PASSED] - Statement - celltext = Columns_row.get(column).getText(): null

2018-08-02 09:30:02 - [TEST_STEP][PASSED] - Statement - If (celltext == profileName): null

2018-08-02 09:30:02 - [TEST_STEP][PASSED] - Statement - celltext = Columns_row.get(column).getText(): null

2018-08-02 09:30:02 - [TEST_STEP][PASSED] - Statement - If (celltext == profileName): null

2018-08-02 09:30:02 - [TEST_STEP][PASSED] - Statement - celltext = Columns_row.get(column).getText(): null

2018-08-02 09:30:02 - [TEST_STEP][PASSED] - Statement - If (celltext == profileName): null

2018-08-02 09:30:02 - [TEST_STEP][PASSED] - Statement - Columns_row = rows_table.get(row).findElements(org.openqa.selenium.By.tagName("td")): null

2018-08-02 09:30:02 - [TEST_STEP][PASSED] - Statement - columns_count = Columns_row.size(): null

2018-08-02 09:30:02 - [TEST_STEP][PASSED] - Statement - For ([column = 0, column < columns_count, (column++)]): null

2018-08-02 09:30:02 - [TEST_STEP][PASSED] - Statement - celltext = Columns_row.get(column).getText(): null

2018-08-02 09:30:02 - [TEST_STEP][PASSED] - Statement - If (celltext == profileName): null

2018-08-02 09:30:02 - [TEST_STEP][PASSED] - Statement - celltext = Columns_row.get(column).getText(): null

2018-08-02 09:30:02 - [TEST_STEP][PASSED] - Statement - If (celltext == profileName): null

2018-08-02 09:30:02 - [TEST_STEP][PASSED] - Statement - celltext = Columns_row.get(column).getText(): null

2018-08-02 09:30:02 - [TEST_STEP][PASSED] - Statement - If (celltext == profileName): null

2018-08-02 09:30:02 - [TEST_STEP][PASSED] - Statement - celltext = Columns_row.get(column).getText(): null

2018-08-02 09:30:02 - [TEST_STEP][PASSED] - Statement - If (celltext == profileName): null

2018-08-02 09:30:02 - [TEST_STEP][PASSED] - Statement - Columns_row = rows_table.get(row).findElements(org.openqa.selenium.By.tagName("td")): null

2018-08-02 09:30:02 - [TEST_STEP][PASSED] - Statement - columns_count = Columns_row.size(): null

2018-08-02 09:30:02 - [TEST_STEP][PASSED] - Statement - For ([column = 0, column < columns_count, (column++)]): null

2018-08-02 09:30:02 - [TEST_STEP][PASSED] - Statement - celltext = Columns_row.get(column).getText(): null

2018-08-02 09:30:02 - [TEST_STEP][PASSED] - Statement - If (celltext == profileName): null

2018-08-02 09:30:02 - [TEST_STEP][PASSED] - Statement - celltext = Columns_row.get(column).getText(): null

2018-08-02 09:30:02 - [TEST_STEP][PASSED] - Statement - If (celltext == profileName): null

2018-08-02 09:30:02 - [TEST_STEP][PASSED] - Statement - celltext = Columns_row.get(column).getText(): null

2018-08-02 09:30:02 - [TEST_STEP][PASSED] - Statement - If (celltext == profileName): null

2018-08-02 09:30:02 - [TEST_STEP][PASSED] - Statement - celltext = Columns_row.get(column).getText(): null

2018-08-02 09:30:02 - [TEST_STEP][PASSED] - Statement - If (celltext == profileName): null

2018-08-02 09:30:02 - [TEST_STEP][PASSED] - Statement - Columns_row = rows_table.get(row).findElements(org.openqa.selenium.By.tagName("td")): null

2018-08-02 09:30:02 - [TEST_STEP][PASSED] - Statement - columns_count = Columns_row.size(): null

2018-08-02 09:30:02 - [TEST_STEP][PASSED] - Statement - For ([column = 0, column < columns_count, (column++)]): null

2018-08-02 09:30:02 - [TEST_STEP][PASSED] - Statement - celltext = Columns_row.get(column).getText(): null

2018-08-02 09:30:02 - [TEST_STEP][PASSED] - Statement - If (celltext == profileName): null

2018-08-02 09:30:02 - [TEST_STEP][PASSED] - Statement - celltext = Columns_row.get(column).getText(): null

2018-08-02 09:30:02 - [TEST_STEP][PASSED] - Statement - If (celltext == profileName): null

2018-08-02 09:30:02 - [TEST_STEP][PASSED] - Statement - celltext = Columns_row.get(column).getText(): null

2018-08-02 09:30:02 - [TEST_STEP][PASSED] - Statement - If (celltext == profileName): null

2018-08-02 09:30:02 - [TEST_STEP][PASSED] - Statement - celltext = Columns_row.get(column).getText(): null

2018-08-02 09:30:02 - [TEST_STEP][PASSED] - Statement - If (celltext == profileName): null

2018-08-02 09:30:02 - [TEST_STEP][PASSED] - Statement - Columns_row = rows_table.get(row).findElements(org.openqa.selenium.By.tagName("td")): null

2018-08-02 09:30:02 - [TEST_STEP][PASSED] - Statement - columns_count = Columns_row.size(): null

2018-08-02 09:30:02 - [TEST_STEP][PASSED] - Statement - For ([column = 0, column < columns_count, (column++)]): null

2018-08-02 09:30:02 - [TEST_STEP][PASSED] - Statement - celltext = Columns_row.get(column).getText(): null

2018-08-02 09:30:02 - [TEST_STEP][PASSED] - Statement - If (celltext == profileName): null

2018-08-02 09:30:02 - [TEST_STEP][PASSED] - Statement - celltext = Columns_row.get(column).getText(): null

2018-08-02 09:30:02 - [TEST_STEP][PASSED] - Statement - If (celltext == profileName): null

2018-08-02 09:30:02 - [TEST_STEP][PASSED] - Statement - celltext = Columns_row.get(column).getText(): null

2018-08-02 09:30:02 - [TEST_STEP][PASSED] - Statement - If (celltext == profileName): null

2018-08-02 09:30:02 - [TEST_STEP][PASSED] - Statement - celltext = Columns_row.get(column).getText(): null

2018-08-02 09:30:02 - [TEST_STEP][PASSED] - Statement - If (celltext == profileName): null

2018-08-02 09:30:02 - [TEST_STEP][PASSED] - click: Object: 'Object Repository/Client Portal/Profile/button_Next' is clicked on

2018-08-02 09:30:02 - [MESSAGE][PASSED] - Object: 'Object Repository/Client Portal/Profile/button_Next' is clicked on

2018-08-02 09:30:02 - [TEST_STEP][PASSED] - verifyElementNotPresent: Web element with id: 'Object Repository/Client Portal/Profile/icon_refresh' located by 'By.xpath: id("wrapper")/div[@class="content-page"]/div[@class="content"]/div[@class="ng-scope"]/div[@class="ng-scope"]/div[@class="row"]/form[@class="form-horizontal ng-valid ng-valid-maxlength ng-dirty ng-valid-parse"]/div[@class="col-sm-12"]/div[@class="text-center"]/i[@class="fa fa-refresh fa-spin fa-3x fa-fw"][count(. | //i[@class = 'fa fa-refresh fa-spin fa-3x fa-fw']) = count(//i[@class = 'fa fa-refresh fa-spin fa-3x fa-fw'])]' is not present after '5' second(s)

2018-08-02 09:30:03 - [MESSAGE][PASSED] - Web element with id: 'Object Repository/Client Portal/Profile/icon_refresh' located by 'By.xpath: id("wrapper")/div[@class="content-page"]/div[@class="content"]/div[@class="ng-scope"]/div[@class="ng-scope"]/div[@class="row"]/form[@class="form-horizontal ng-valid ng-valid-maxlength ng-dirty ng-valid-parse"]/div[@class="col-sm-12"]/div[@class="text-center"]/i[@class="fa fa-refresh fa-spin fa-3x fa-fw"][count(. | //i[@class = 'fa fa-refresh fa-spin fa-3x fa-fw']) = count(//i[@class = 'fa fa-refresh fa-spin fa-3x fa-fw'])]' is not present after '5' second(s)

2018-08-02 09:30:03 - [TEST_STEP][PASSED] - Statement - For ([row = 0, row < rows_count, (row++)]): null

2018-08-02 09:30:03 - [TEST_STEP][PASSED] - Statement - Columns_row = rows_table.get(row).findElements(org.openqa.selenium.By.tagName("td")): null

2018-08-02 09:30:03 - [TEST_STEP][PASSED] - Statement - columns_count = Columns_row.size(): null

2018-08-02 09:30:03 - [TEST_STEP][PASSED] - Statement - For ([column = 0, column < columns_count, (column++)]): null

2018-08-02 09:30:03 - [TEST_STEP][PASSED] - Statement - celltext = Columns_row.get(column).getText(): null

2018-08-02 09:30:03 - [TEST_STEP][PASSED] - Statement - If (celltext == profileName): null

2018-08-02 09:30:03 - [TEST_STEP][PASSED] - Statement - celltext = Columns_row.get(column).getText(): null

2018-08-02 09:30:03 - [TEST_STEP][PASSED] - Statement - If (celltext == profileName): null

2018-08-02 09:30:03 - [TEST_STEP][PASSED] - Statement - celltext = Columns_row.get(column).getText(): null

2018-08-02 09:30:03 - [TEST_STEP][PASSED] - Statement - If (celltext == profileName): null

2018-08-02 09:30:03 - [TEST_STEP][PASSED] - Statement - celltext = Columns_row.get(column).getText(): null

2018-08-02 09:30:03 - [TEST_STEP][PASSED] - Statement - If (celltext == profileName): null

2018-08-02 09:30:03 - [TEST_STEP][PASSED] - Statement - Columns_row = rows_table.get(row).findElements(org.openqa.selenium.By.tagName("td")): null

2018-08-02 09:30:03 - [TEST_STEP][PASSED] - Statement - columns_count = Columns_row.size(): null

2018-08-02 09:30:03 - [TEST_STEP][PASSED] - Statement - For ([column = 0, column < columns_count, (column++)]): null

2018-08-02 09:30:03 - [TEST_STEP][PASSED] - Statement - celltext = Columns_row.get(column).getText(): null

2018-08-02 09:30:03 - [TEST_STEP][PASSED] - Statement - If (celltext == profileName): null

2018-08-02 09:30:03 - [TEST_STEP][PASSED] - Statement - celltext = Columns_row.get(column).getText(): null

2018-08-02 09:30:03 - [TEST_STEP][PASSED] - Statement - If (celltext == profileName): null

2018-08-02 09:30:03 - [TEST_STEP][PASSED] - Statement - celltext = Columns_row.get(column).getText(): null

2018-08-02 09:30:03 - [TEST_STEP][PASSED] - Statement - If (celltext == profileName): null

2018-08-02 09:30:03 - [TEST_STEP][PASSED] - Statement - celltext = Columns_row.get(column).getText(): null

2018-08-02 09:30:03 - [TEST_STEP][PASSED] - Statement - If (celltext == profileName): null

2018-08-02 09:30:03 - [TEST_STEP][PASSED] - Statement - Columns_row = rows_table.get(row).findElements(org.openqa.selenium.By.tagName("td")): null

2018-08-02 09:30:03 - [TEST_STEP][PASSED] - Statement - columns_count = Columns_row.size(): null

2018-08-02 09:30:03 - [TEST_STEP][PASSED] - Statement - For ([column = 0, column < columns_count, (column++)]): null

2018-08-02 09:30:03 - [TEST_STEP][PASSED] - Statement - celltext = Columns_row.get(column).getText(): null

2018-08-02 09:30:03 - [TEST_STEP][PASSED] - Statement - If (celltext == profileName): null

2018-08-02 09:30:03 - [TEST_STEP][PASSED] - Statement - celltext = Columns_row.get(column).getText(): null

2018-08-02 09:30:03 - [TEST_STEP][PASSED] - Statement - If (celltext == profileName): null

2018-08-02 09:30:03 - [TEST_STEP][PASSED] - Statement - celltext = Columns_row.get(column).getText(): null

2018-08-02 09:30:03 - [TEST_STEP][PASSED] - Statement - If (celltext == profileName): null

2018-08-02 09:30:03 - [TEST_STEP][PASSED] - Statement - celltext = Columns_row.get(column).getText(): null

2018-08-02 09:30:03 - [TEST_STEP][PASSED] - Statement - If (celltext == profileName): null

2018-08-02 09:30:03 - [TEST_STEP][PASSED] - Statement - Columns_row = rows_table.get(row).findElements(org.openqa.selenium.By.tagName("td")): null

2018-08-02 09:30:03 - [TEST_STEP][PASSED] - Statement - columns_count = Columns_row.size(): null

2018-08-02 09:30:03 - [TEST_STEP][PASSED] - Statement - For ([column = 0, column < columns_count, (column++)]): null

2018-08-02 09:30:03 - [TEST_STEP][PASSED] - Statement - celltext = Columns_row.get(column).getText(): null

2018-08-02 09:30:03 - [TEST_STEP][PASSED] - Statement - If (celltext == profileName): null

2018-08-02 09:30:03 - [TEST_STEP][PASSED] - Statement - celltext = Columns_row.get(column).getText(): null

2018-08-02 09:30:03 - [TEST_STEP][PASSED] - Statement - If (celltext == profileName): null

2018-08-02 09:30:03 - [TEST_STEP][PASSED] - Statement - celltext = Columns_row.get(column).getText(): null

2018-08-02 09:30:03 - [TEST_STEP][PASSED] - Statement - If (celltext == profileName): null

2018-08-02 09:30:03 - [TEST_STEP][PASSED] - Statement - celltext = Columns_row.get(column).getText(): null

2018-08-02 09:30:03 - [TEST_STEP][PASSED] - Statement - If (celltext == profileName): null

2018-08-02 09:30:03 - [TEST_STEP][PASSED] - Statement - Columns_row = rows_table.get(row).findElements(org.openqa.selenium.By.tagName("td")): null

2018-08-02 09:30:03 - [TEST_STEP][PASSED] - Statement - columns_count = Columns_row.size(): null

2018-08-02 09:30:03 - [TEST_STEP][PASSED] - Statement - For ([column = 0, column < columns_count, (column++)]): null

2018-08-02 09:30:03 - [TEST_STEP][PASSED] - Statement - celltext = Columns_row.get(column).getText(): null

2018-08-02 09:30:03 - [TEST_STEP][PASSED] - Statement - If (celltext == profileName): null

2018-08-02 09:30:03 - [TEST_STEP][PASSED] - Statement - celltext = Columns_row.get(column).getText(): null

2018-08-02 09:30:03 - [TEST_STEP][PASSED] - Statement - If (celltext == profileName): null

2018-08-02 09:30:03 - [TEST_STEP][PASSED] - Statement - celltext = Columns_row.get(column).getText(): null

2018-08-02 09:30:03 - [TEST_STEP][PASSED] - Statement - If (celltext == profileName): null

2018-08-02 09:30:03 - [TEST_STEP][PASSED] - Statement - celltext = Columns_row.get(column).getText(): null

2018-08-02 09:30:03 - [TEST_STEP][PASSED] - Statement - If (celltext == profileName): null

2018-08-02 09:30:03 - [TEST_STEP][PASSED] - Statement - Columns_row = rows_table.get(row).findElements(org.openqa.selenium.By.tagName("td")): null

2018-08-02 09:30:03 - [TEST_STEP][PASSED] - Statement - columns_count = Columns_row.size(): null

2018-08-02 09:30:03 - [TEST_STEP][PASSED] - Statement - For ([column = 0, column < columns_count, (column++)]): null

2018-08-02 09:30:03 - [TEST_STEP][PASSED] - Statement - celltext = Columns_row.get(column).getText(): null

2018-08-02 09:30:03 - [TEST_STEP][PASSED] - Statement - If (celltext == profileName): null

2018-08-02 09:30:03 - [TEST_STEP][PASSED] - Statement - celltext = Columns_row.get(column).getText(): null

2018-08-02 09:30:03 - [TEST_STEP][PASSED] - Statement - If (celltext == profileName): null

2018-08-02 09:30:03 - [TEST_STEP][PASSED] - Statement - celltext = Columns_row.get(column).getText(): null

2018-08-02 09:30:03 - [TEST_STEP][PASSED] - Statement - If (celltext == profileName): null

2018-08-02 09:30:03 - [TEST_STEP][PASSED] - Statement - celltext = Columns_row.get(column).getText(): null

2018-08-02 09:30:03 - [TEST_STEP][PASSED] - Statement - If (celltext == profileName): null

2018-08-02 09:30:03 - [TEST_STEP][PASSED] - Statement - Columns_row = rows_table.get(row).findElements(org.openqa.selenium.By.tagName("td")): null

2018-08-02 09:30:03 - [TEST_STEP][PASSED] - Statement - columns_count = Columns_row.size(): null

2018-08-02 09:30:03 - [TEST_STEP][PASSED] - Statement - For ([column = 0, column < columns_count, (column++)]): null

2018-08-02 09:30:03 - [TEST_STEP][PASSED] - Statement - celltext = Columns_row.get(column).getText(): null

2018-08-02 09:30:03 - [TEST_STEP][PASSED] - Statement - If (celltext == profileName): null

2018-08-02 09:30:03 - [TEST_STEP][PASSED] - Statement - celltext = Columns_row.get(column).getText(): null

2018-08-02 09:30:03 - [TEST_STEP][PASSED] - Statement - If (celltext == profileName): null

2018-08-02 09:30:03 - [TEST_STEP][PASSED] - Statement - celltext = Columns_row.get(column).getText(): null

2018-08-02 09:30:03 - [TEST_STEP][PASSED] - Statement - If (celltext == profileName): null

2018-08-02 09:30:03 - [TEST_STEP][PASSED] - Statement - celltext = Columns_row.get(column).getText(): null

2018-08-02 09:30:03 - [TEST_STEP][PASSED] - Statement - If (celltext == profileName): null

2018-08-02 09:30:03 - [TEST_STEP][PASSED] - Statement - Columns_row = rows_table.get(row).findElements(org.openqa.selenium.By.tagName("td")): null

2018-08-02 09:30:03 - [TEST_STEP][PASSED] - Statement - columns_count = Columns_row.size(): null

2018-08-02 09:30:03 - [TEST_STEP][PASSED] - Statement - For ([column = 0, column < columns_count, (column++)]): null

2018-08-02 09:30:03 - [TEST_STEP][PASSED] - Statement - celltext = Columns_row.get(column).getText(): null

2018-08-02 09:30:03 - [TEST_STEP][PASSED] - Statement - If (celltext == profileName): null

2018-08-02 09:30:03 - [TEST_STEP][PASSED] - Statement - celltext = Columns_row.get(column).getText(): null

2018-08-02 09:30:03 - [TEST_STEP][PASSED] - Statement - If (celltext == profileName): null

2018-08-02 09:30:03 - [TEST_STEP][PASSED] - Statement - celltext = Columns_row.get(column).getText(): null

2018-08-02 09:30:03 - [TEST_STEP][PASSED] - Statement - If (celltext == profileName): null

2018-08-02 09:30:03 - [TEST_STEP][PASSED] - Statement - celltext = Columns_row.get(column).getText(): null

2018-08-02 09:30:03 - [TEST_STEP][PASSED] - Statement - If (celltext == profileName): null

2018-08-02 09:30:03 - [TEST_STEP][PASSED] - Statement - Columns_row = rows_table.get(row).findElements(org.openqa.selenium.By.tagName("td")): null

2018-08-02 09:30:03 - [TEST_STEP][PASSED] - Statement - columns_count = Columns_row.size(): null

2018-08-02 09:30:03 - [TEST_STEP][PASSED] - Statement - For ([column = 0, column < columns_count, (column++)]): null

2018-08-02 09:30:03 - [TEST_STEP][PASSED] - Statement - celltext = Columns_row.get(column).getText(): null

2018-08-02 09:30:03 - [TEST_STEP][PASSED] - Statement - If (celltext == profileName): null

2018-08-02 09:30:03 - [TEST_STEP][PASSED] - Statement - celltext = Columns_row.get(column).getText(): null

2018-08-02 09:30:03 - [TEST_STEP][PASSED] - Statement - If (celltext == profileName): null

2018-08-02 09:30:03 - [TEST_STEP][PASSED] - Statement - celltext = Columns_row.get(column).getText(): null

2018-08-02 09:30:03 - [TEST_STEP][PASSED] - Statement - If (celltext == profileName): null

2018-08-02 09:30:03 - [TEST_STEP][PASSED] - Statement - celltext = Columns_row.get(column).getText(): null

2018-08-02 09:30:03 - [TEST_STEP][PASSED] - Statement - If (celltext == profileName): null

2018-08-02 09:30:03 - [TEST_STEP][PASSED] - Statement - Columns_row = rows_table.get(row).findElements(org.openqa.selenium.By.tagName("td")): null

2018-08-02 09:30:03 - [TEST_STEP][PASSED] - Statement - columns_count = Columns_row.size(): null

2018-08-02 09:30:03 - [TEST_STEP][PASSED] - Statement - For ([column = 0, column < columns_count, (column++)]): null

2018-08-02 09:30:03 - [TEST_STEP][PASSED] - Statement - celltext = Columns_row.get(column).getText(): null

2018-08-02 09:30:03 - [TEST_STEP][PASSED] - Statement - If (celltext == profileName): null

2018-08-02 09:30:03 - [TEST_STEP][PASSED] - Statement - celltext = Columns_row.get(column).getText(): null

2018-08-02 09:30:03 - [TEST_STEP][PASSED] - Statement - If (celltext == profileName): null

2018-08-02 09:30:03 - [TEST_STEP][PASSED] - Statement - celltext = Columns_row.get(column).getText(): null

2018-08-02 09:30:03 - [TEST_STEP][PASSED] - Statement - If (celltext == profileName): null

2018-08-02 09:30:03 - [TEST_STEP][PASSED] - Statement - celltext = Columns_row.get(column).getText(): null

2018-08-02 09:30:03 - [TEST_STEP][PASSED] - Statement - If (celltext == profileName): null

2018-08-02 09:30:03 - [TEST_STEP][PASSED] - click: Object: 'Object Repository/Client Portal/Profile/button_Next' is clicked on

2018-08-02 09:30:03 - [MESSAGE][PASSED] - Object: 'Object Repository/Client Portal/Profile/button_Next' is clicked on

2018-08-02 09:30:03 - [TEST_STEP][PASSED] - verifyElementNotPresent: Web element with id: 'Object Repository/Client Portal/Profile/icon_refresh' located by 'By.xpath: id("wrapper")/div[@class="content-page"]/div[@class="content"]/div[@class="ng-scope"]/div[@class="ng-scope"]/div[@class="row"]/form[@class="form-horizontal ng-valid ng-valid-maxlength ng-dirty ng-valid-parse"]/div[@class="col-sm-12"]/div[@class="text-center"]/i[@class="fa fa-refresh fa-spin fa-3x fa-fw"][count(. | //i[@class = 'fa fa-refresh fa-spin fa-3x fa-fw']) = count(//i[@class = 'fa fa-refresh fa-spin fa-3x fa-fw'])]' is not present after '5' second(s)

2018-08-02 09:30:04 - [MESSAGE][PASSED] - Web element with id: 'Object Repository/Client Portal/Profile/icon_refresh' located by 'By.xpath: id("wrapper")/div[@class="content-page"]/div[@class="content"]/div[@class="ng-scope"]/div[@class="ng-scope"]/div[@class="row"]/form[@class="form-horizontal ng-valid ng-valid-maxlength ng-dirty ng-valid-parse"]/div[@class="col-sm-12"]/div[@class="text-center"]/i[@class="fa fa-refresh fa-spin fa-3x fa-fw"][count(. | //i[@class = 'fa fa-refresh fa-spin fa-3x fa-fw']) = count(//i[@class = 'fa fa-refresh fa-spin fa-3x fa-fw'])]' is not present after '5' second(s)

2018-08-02 09:30:04 - [TEST_STEP][PASSED] - Statement - For ([row = 0, row < rows_count, (row++)]): null

2018-08-02 09:30:04 - [TEST_STEP][PASSED] - Statement - Columns_row = rows_table.get(row).findElements(org.openqa.selenium.By.tagName("td")): null

2018-08-02 09:30:04 - [TEST_STEP][PASSED] - Statement - columns_count = Columns_row.size(): null

2018-08-02 09:30:04 - [TEST_STEP][PASSED] - Statement - For ([column = 0, column < columns_count, (column++)]): null

2018-08-02 09:30:04 - [TEST_STEP][PASSED] - Statement - celltext = Columns_row.get(column).getText(): null

2018-08-02 09:30:04 - [TEST_STEP][PASSED] - Statement - If (celltext == profileName): null

2018-08-02 09:30:04 - [TEST_STEP][PASSED] - Statement - celltext = Columns_row.get(column).getText(): null

2018-08-02 09:30:04 - [TEST_STEP][PASSED] - Statement - If (celltext == profileName): null

2018-08-02 09:30:04 - [TEST_STEP][PASSED] - Statement - celltext = Columns_row.get(column).getText(): null

2018-08-02 09:30:04 - [TEST_STEP][PASSED] - Statement - If (celltext == profileName): null

2018-08-02 09:30:04 - [TEST_STEP][PASSED] - Statement - celltext = Columns_row.get(column).getText(): null

2018-08-02 09:30:04 - [TEST_STEP][PASSED] - Statement - If (celltext == profileName): null

2018-08-02 09:30:04 - [TEST_STEP][PASSED] - Statement - Columns_row = rows_table.get(row).findElements(org.openqa.selenium.By.tagName("td")): null

2018-08-02 09:30:04 - [TEST_STEP][PASSED] - Statement - columns_count = Columns_row.size(): null

2018-08-02 09:30:04 - [TEST_STEP][PASSED] - Statement - For ([column = 0, column < columns_count, (column++)]): null

2018-08-02 09:30:04 - [TEST_STEP][PASSED] - Statement - celltext = Columns_row.get(column).getText(): null

2018-08-02 09:30:04 - [TEST_STEP][PASSED] - Statement - If (celltext == profileName): null

2018-08-02 09:30:04 - [TEST_STEP][PASSED] - Statement - celltext = Columns_row.get(column).getText(): null

2018-08-02 09:30:04 - [TEST_STEP][PASSED] - Statement - If (celltext == profileName): null

2018-08-02 09:30:04 - [TEST_STEP][PASSED] - Statement - celltext = Columns_row.get(column).getText(): null

2018-08-02 09:30:04 - [TEST_STEP][PASSED] - Statement - If (celltext == profileName): null

2018-08-02 09:30:04 - [TEST_STEP][PASSED] - Statement - celltext = Columns_row.get(column).getText(): null

2018-08-02 09:30:04 - [TEST_STEP][PASSED] - Statement - If (celltext == profileName): null

2018-08-02 09:30:04 - [TEST_STEP][PASSED] - Statement - Columns_row = rows_table.get(row).findElements(org.openqa.selenium.By.tagName("td")): null

2018-08-02 09:30:04 - [TEST_STEP][PASSED] - Statement - columns_count = Columns_row.size(): null

2018-08-02 09:30:04 - [TEST_STEP][PASSED] - Statement - For ([column = 0, column < columns_count, (column++)]): null

2018-08-02 09:30:04 - [TEST_STEP][PASSED] - Statement - celltext = Columns_row.get(column).getText(): null

2018-08-02 09:30:04 - [TEST_STEP][PASSED] - Statement - If (celltext == profileName): null

2018-08-02 09:30:04 - [TEST_STEP][PASSED] - Statement - celltext = Columns_row.get(column).getText(): null

2018-08-02 09:30:04 - [TEST_STEP][PASSED] - Statement - If (celltext == profileName): null

2018-08-02 09:30:04 - [TEST_STEP][PASSED] - Statement - celltext = Columns_row.get(column).getText(): null

2018-08-02 09:30:04 - [TEST_STEP][PASSED] - Statement - If (celltext == profileName): null

2018-08-02 09:30:04 - [TEST_STEP][PASSED] - Statement - celltext = Columns_row.get(column).getText(): null

2018-08-02 09:30:04 - [TEST_STEP][PASSED] - Statement - If (celltext == profileName): null

2018-08-02 09:30:04 - [TEST_STEP][PASSED] - Statement - Columns_row = rows_table.get(row).findElements(org.openqa.selenium.By.tagName("td")): null

2018-08-02 09:30:04 - [TEST_STEP][PASSED] - Statement - columns_count = Columns_row.size(): null

2018-08-02 09:30:04 - [TEST_STEP][PASSED] - Statement - For ([column = 0, column < columns_count, (column++)]): null

2018-08-02 09:30:04 - [TEST_STEP][PASSED] - Statement - celltext = Columns_row.get(column).getText(): null

2018-08-02 09:30:04 - [TEST_STEP][PASSED] - Statement - If (celltext == profileName): null

2018-08-02 09:30:04 - [TEST_STEP][PASSED] - Statement - celltext = Columns_row.get(column).getText(): null

2018-08-02 09:30:04 - [TEST_STEP][PASSED] - Statement - If (celltext == profileName): null

2018-08-02 09:30:04 - [TEST_STEP][PASSED] - Statement - celltext = Columns_row.get(column).getText(): null

2018-08-02 09:30:04 - [TEST_STEP][PASSED] - Statement - If (celltext == profileName): null

2018-08-02 09:30:04 - [TEST_STEP][PASSED] - Statement - celltext = Columns_row.get(column).getText(): null

2018-08-02 09:30:04 - [TEST_STEP][PASSED] - Statement - If (celltext == profileName): null

2018-08-02 09:30:04 - [TEST_STEP][PASSED] - Statement - Columns_row = rows_table.get(row).findElements(org.openqa.selenium.By.tagName("td")): null

2018-08-02 09:30:04 - [TEST_STEP][PASSED] - Statement - columns_count = Columns_row.size(): null

2018-08-02 09:30:04 - [TEST_STEP][PASSED] - Statement - For ([column = 0, column < columns_count, (column++)]): null

2018-08-02 09:30:04 - [TEST_STEP][PASSED] - Statement - celltext = Columns_row.get(column).getText(): null

2018-08-02 09:30:04 - [TEST_STEP][PASSED] - Statement - If (celltext == profileName): null

2018-08-02 09:30:04 - [TEST_STEP][PASSED] - Statement - celltext = Columns_row.get(column).getText(): null

2018-08-02 09:30:04 - [TEST_STEP][PASSED] - Statement - If (celltext == profileName): null

2018-08-02 09:30:04 - [TEST_STEP][PASSED] - Statement - celltext = Columns_row.get(column).getText(): null

2018-08-02 09:30:04 - [TEST_STEP][PASSED] - Statement - If (celltext == profileName): null

2018-08-02 09:30:04 - [TEST_STEP][PASSED] - Statement - celltext = Columns_row.get(column).getText(): null

2018-08-02 09:30:04 - [TEST_STEP][PASSED] - Statement - If (celltext == profileName): null

2018-08-02 09:30:04 - [TEST_STEP][PASSED] - Statement - Columns_row = rows_table.get(row).findElements(org.openqa.selenium.By.tagName("td")): null

2018-08-02 09:30:04 - [TEST_STEP][PASSED] - Statement - columns_count = Columns_row.size(): null

2018-08-02 09:30:04 - [TEST_STEP][PASSED] - Statement - For ([column = 0, column < columns_count, (column++)]): null

2018-08-02 09:30:04 - [TEST_STEP][PASSED] - Statement - celltext = Columns_row.get(column).getText(): null

2018-08-02 09:30:04 - [TEST_STEP][PASSED] - Statement - If (celltext == profileName): null

2018-08-02 09:30:04 - [TEST_STEP][PASSED] - Statement - celltext = Columns_row.get(column).getText(): null

2018-08-02 09:30:04 - [TEST_STEP][PASSED] - Statement - If (celltext == profileName): null

2018-08-02 09:30:04 - [TEST_STEP][PASSED] - Statement - celltext = Columns_row.get(column).getText(): null

2018-08-02 09:30:04 - [TEST_STEP][PASSED] - Statement - If (celltext == profileName): null

2018-08-02 09:30:04 - [TEST_STEP][PASSED] - Statement - celltext = Columns_row.get(column).getText(): null

2018-08-02 09:30:04 - [TEST_STEP][PASSED] - Statement - If (celltext == profileName): null

2018-08-02 09:30:04 - [TEST_STEP][PASSED] - Statement - Columns_row = rows_table.get(row).findElements(org.openqa.selenium.By.tagName("td")): null

2018-08-02 09:30:04 - [TEST_STEP][PASSED] - Statement - columns_count = Columns_row.size(): null

2018-08-02 09:30:04 - [TEST_STEP][PASSED] - Statement - For ([column = 0, column < columns_count, (column++)]): null

2018-08-02 09:30:04 - [TEST_STEP][PASSED] - Statement - celltext = Columns_row.get(column).getText(): null

2018-08-02 09:30:04 - [TEST_STEP][PASSED] - Statement - If (celltext == profileName): null

2018-08-02 09:30:04 - [TEST_STEP][PASSED] - Statement - celltext = Columns_row.get(column).getText(): null

2018-08-02 09:30:04 - [TEST_STEP][PASSED] - Statement - If (celltext == profileName): null

2018-08-02 09:30:04 - [TEST_STEP][PASSED] - Statement - celltext = Columns_row.get(column).getText(): null

2018-08-02 09:30:04 - [TEST_STEP][PASSED] - Statement - If (celltext == profileName): null

2018-08-02 09:30:04 - [TEST_STEP][PASSED] - Statement - celltext = Columns_row.get(column).getText(): null

2018-08-02 09:30:04 - [TEST_STEP][PASSED] - Statement - If (celltext == profileName): null

2018-08-02 09:30:04 - [TEST_STEP][PASSED] - Statement - Columns_row = rows_table.get(row).findElements(org.openqa.selenium.By.tagName("td")): null

2018-08-02 09:30:04 - [TEST_STEP][PASSED] - Statement - columns_count = Columns_row.size(): null

2018-08-02 09:30:04 - [TEST_STEP][PASSED] - Statement - For ([column = 0, column < columns_count, (column++)]): null

2018-08-02 09:30:04 - [TEST_STEP][PASSED] - Statement - celltext = Columns_row.get(column).getText(): null

2018-08-02 09:30:04 - [TEST_STEP][PASSED] - Statement - If (celltext == profileName): null

2018-08-02 09:30:04 - [TEST_STEP][PASSED] - Statement - celltext = Columns_row.get(column).getText(): null

2018-08-02 09:30:04 - [TEST_STEP][PASSED] - Statement - If (celltext == profileName): null

2018-08-02 09:30:04 - [TEST_STEP][PASSED] - Statement - celltext = Columns_row.get(column).getText(): null

2018-08-02 09:30:04 - [TEST_STEP][PASSED] - Statement - If (celltext == profileName): null

2018-08-02 09:30:04 - [TEST_STEP][PASSED] - Statement - celltext = Columns_row.get(column).getText(): null

2018-08-02 09:30:04 - [TEST_STEP][PASSED] - Statement - If (celltext == profileName): null

2018-08-02 09:30:04 - [TEST_STEP][PASSED] - Statement - Columns_row = rows_table.get(row).findElements(org.openqa.selenium.By.tagName("td")): null

2018-08-02 09:30:04 - [TEST_STEP][PASSED] - Statement - columns_count = Columns_row.size(): null

2018-08-02 09:30:04 - [TEST_STEP][PASSED] - Statement - For ([column = 0, column < columns_count, (column++)]): null

2018-08-02 09:30:04 - [TEST_STEP][PASSED] - Statement - celltext = Columns_row.get(column).getText(): null

2018-08-02 09:30:04 - [TEST_STEP][PASSED] - Statement - If (celltext == profileName): null

2018-08-02 09:30:04 - [TEST_STEP][PASSED] - Statement - celltext = Columns_row.get(column).getText(): null

2018-08-02 09:30:04 - [TEST_STEP][PASSED] - Statement - If (celltext == profileName): null

2018-08-02 09:30:04 - [TEST_STEP][PASSED] - Statement - celltext = Columns_row.get(column).getText(): null

2018-08-02 09:30:04 - [TEST_STEP][PASSED] - Statement - If (celltext == profileName): null

2018-08-02 09:30:04 - [TEST_STEP][PASSED] - Statement - celltext = Columns_row.get(column).getText(): null

2018-08-02 09:30:04 - [TEST_STEP][PASSED] - Statement - If (celltext == profileName): null

2018-08-02 09:30:04 - [TEST_STEP][PASSED] - Statement - Columns_row = rows_table.get(row).findElements(org.openqa.selenium.By.tagName("td")): null

2018-08-02 09:30:04 - [TEST_STEP][PASSED] - Statement - columns_count = Columns_row.size(): null

2018-08-02 09:30:04 - [TEST_STEP][PASSED] - Statement - For ([column = 0, column < columns_count, (column++)]): null

2018-08-02 09:30:04 - [TEST_STEP][PASSED] - Statement - celltext = Columns_row.get(column).getText(): null

2018-08-02 09:30:04 - [TEST_STEP][PASSED] - Statement - If (celltext == profileName): null

2018-08-02 09:30:04 - [TEST_STEP][PASSED] - Statement - celltext = Columns_row.get(column).getText(): null

2018-08-02 09:30:04 - [TEST_STEP][PASSED] - Statement - If (celltext == profileName): null

2018-08-02 09:30:04 - [TEST_STEP][PASSED] - Statement - celltext = Columns_row.get(column).getText(): null

2018-08-02 09:30:04 - [TEST_STEP][PASSED] - Statement - If (celltext == profileName): null

2018-08-02 09:30:04 - [TEST_STEP][PASSED] - Statement - celltext = Columns_row.get(column).getText(): null

2018-08-02 09:30:04 - [TEST_STEP][PASSED] - Statement - If (celltext == profileName): null

2018-08-02 09:30:04 - [TEST_STEP][PASSED] - click: Object: 'Object Repository/Client Portal/Profile/button_Next' is clicked on

2018-08-02 09:30:04 - [MESSAGE][PASSED] - Object: 'Object Repository/Client Portal/Profile/button_Next' is clicked on

2018-08-02 09:30:04 - [TEST_STEP][PASSED] - verifyElementNotPresent: Web element with id: 'Object Repository/Client Portal/Profile/icon_refresh' located by 'By.xpath: id("wrapper")/div[@class="content-page"]/div[@class="content"]/div[@class="ng-scope"]/div[@class="ng-scope"]/div[@class="row"]/form[@class="form-horizontal ng-valid ng-valid-maxlength ng-dirty ng-valid-parse"]/div[@class="col-sm-12"]/div[@class="text-center"]/i[@class="fa fa-refresh fa-spin fa-3x fa-fw"][count(. | //i[@class = 'fa fa-refresh fa-spin fa-3x fa-fw']) = count(//i[@class = 'fa fa-refresh fa-spin fa-3x fa-fw'])]' is not present after '5' second(s)

2018-08-02 09:30:05 - [MESSAGE][PASSED] - Web element with id: 'Object Repository/Client Portal/Profile/icon_refresh' located by 'By.xpath: id("wrapper")/div[@class="content-page"]/div[@class="content"]/div[@class="ng-scope"]/div[@class="ng-scope"]/div[@class="row"]/form[@class="form-horizontal ng-valid ng-valid-maxlength ng-dirty ng-valid-parse"]/div[@class="col-sm-12"]/div[@class="text-center"]/i[@class="fa fa-refresh fa-spin fa-3x fa-fw"][count(. | //i[@class = 'fa fa-refresh fa-spin fa-3x fa-fw']) = count(//i[@class = 'fa fa-refresh fa-spin fa-3x fa-fw'])]' is not present after '5' second(s)

2018-08-02 09:30:05 - [TEST_STEP][PASSED] - Statement - For ([row = 0, row < rows_count, (row++)]): null

2018-08-02 09:30:05 - [TEST_STEP][PASSED] - Statement - Columns_row = rows_table.get(row).findElements(org.openqa.selenium.By.tagName("td")): null

2018-08-02 09:30:05 - [TEST_STEP][PASSED] - Statement - columns_count = Columns_row.size(): null

2018-08-02 09:30:05 - [TEST_STEP][PASSED] - Statement - For ([column = 0, column < columns_count, (column++)]): null

2018-08-02 09:30:05 - [TEST_STEP][PASSED] - Statement - celltext = Columns_row.get(column).getText(): null

2018-08-02 09:30:05 - [TEST_STEP][PASSED] - Statement - If (celltext == profileName): null

2018-08-02 09:30:05 - [TEST_STEP][PASSED] - Statement - celltext = Columns_row.get(column).getText(): null

2018-08-02 09:30:05 - [TEST_STEP][PASSED] - Statement - If (celltext == profileName): null

2018-08-02 09:30:05 - [TEST_STEP][PASSED] - Statement - celltext = Columns_row.get(column).getText(): null

2018-08-02 09:30:05 - [TEST_STEP][PASSED] - Statement - If (celltext == profileName): null

2018-08-02 09:30:05 - [TEST_STEP][PASSED] - Statement - celltext = Columns_row.get(column).getText(): null

2018-08-02 09:30:05 - [TEST_STEP][PASSED] - Statement - If (celltext == profileName): null

2018-08-02 09:30:05 - [TEST_STEP][PASSED] - Statement - Columns_row = rows_table.get(row).findElements(org.openqa.selenium.By.tagName("td")): null

2018-08-02 09:30:05 - [TEST_STEP][PASSED] - Statement - columns_count = Columns_row.size(): null

2018-08-02 09:30:05 - [TEST_STEP][PASSED] - Statement - For ([column = 0, column < columns_count, (column++)]): null

2018-08-02 09:30:05 - [TEST_STEP][PASSED] - Statement - celltext = Columns_row.get(column).getText(): null

2018-08-02 09:30:05 - [TEST_STEP][PASSED] - Statement - If (celltext == profileName): null

2018-08-02 09:30:05 - [TEST_STEP][PASSED] - Statement - celltext = Columns_row.get(column).getText(): null

2018-08-02 09:30:05 - [TEST_STEP][PASSED] - Statement - If (celltext == profileName): null

2018-08-02 09:30:05 - [TEST_STEP][PASSED] - Statement - celltext = Columns_row.get(column).getText(): null

2018-08-02 09:30:05 - [TEST_STEP][PASSED] - Statement - If (celltext == profileName): null

2018-08-02 09:30:05 - [TEST_STEP][PASSED] - Statement - celltext = Columns_row.get(column).getText(): null

2018-08-02 09:30:05 - [TEST_STEP][PASSED] - Statement - If (celltext == profileName): null

2018-08-02 09:30:05 - [TEST_STEP][PASSED] - Statement - Columns_row = rows_table.get(row).findElements(org.openqa.selenium.By.tagName("td")): null

2018-08-02 09:30:05 - [TEST_STEP][PASSED] - Statement - columns_count = Columns_row.size(): null

2018-08-02 09:30:05 - [TEST_STEP][PASSED] - Statement - For ([column = 0, column < columns_count, (column++)]): null

2018-08-02 09:30:05 - [TEST_STEP][PASSED] - Statement - celltext = Columns_row.get(column).getText(): null

2018-08-02 09:30:05 - [TEST_STEP][PASSED] - Statement - If (celltext == profileName): null

2018-08-02 09:30:05 - [TEST_STEP][PASSED] - Statement - celltext = Columns_row.get(column).getText(): null

2018-08-02 09:30:05 - [TEST_STEP][PASSED] - Statement - If (celltext == profileName): null

2018-08-02 09:30:05 - [TEST_STEP][PASSED] - Statement - celltext = Columns_row.get(column).getText(): null

2018-08-02 09:30:05 - [TEST_STEP][PASSED] - Statement - If (celltext == profileName): null

2018-08-02 09:30:05 - [TEST_STEP][PASSED] - Statement - celltext = Columns_row.get(column).getText(): null

2018-08-02 09:30:05 - [TEST_STEP][PASSED] - Statement - If (celltext == profileName): null

2018-08-02 09:30:05 - [TEST_STEP][PASSED] - Statement - Columns_row = rows_table.get(row).findElements(org.openqa.selenium.By.tagName("td")): null

2018-08-02 09:30:05 - [TEST_STEP][PASSED] - Statement - columns_count = Columns_row.size(): null

2018-08-02 09:30:05 - [TEST_STEP][PASSED] - Statement - For ([column = 0, column < columns_count, (column++)]): null

2018-08-02 09:30:05 - [TEST_STEP][PASSED] - Statement - celltext = Columns_row.get(column).getText(): null

2018-08-02 09:30:05 - [TEST_STEP][PASSED] - Statement - If (celltext == profileName): null

2018-08-02 09:30:05 - [TEST_STEP][PASSED] - Statement - celltext = Columns_row.get(column).getText(): null

2018-08-02 09:30:05 - [TEST_STEP][PASSED] - Statement - If (celltext == profileName): null

2018-08-02 09:30:05 - [TEST_STEP][PASSED] - Statement - celltext = Columns_row.get(column).getText(): null

2018-08-02 09:30:05 - [TEST_STEP][PASSED] - Statement - If (celltext == profileName): null

2018-08-02 09:30:05 - [TEST_STEP][PASSED] - Statement - celltext = Columns_row.get(column).getText(): null

2018-08-02 09:30:05 - [TEST_STEP][PASSED] - Statement - If (celltext == profileName): null

2018-08-02 09:30:05 - [TEST_STEP][PASSED] - Statement - Columns_row = rows_table.get(row).findElements(org.openqa.selenium.By.tagName("td")): null

2018-08-02 09:30:05 - [TEST_STEP][PASSED] - Statement - columns_count = Columns_row.size(): null

2018-08-02 09:30:05 - [TEST_STEP][PASSED] - Statement - For ([column = 0, column < columns_count, (column++)]): null

2018-08-02 09:30:05 - [TEST_STEP][PASSED] - Statement - celltext = Columns_row.get(column).getText(): null

2018-08-02 09:30:05 - [TEST_STEP][PASSED] - Statement - If (celltext == profileName): null

2018-08-02 09:30:05 - [TEST_STEP][PASSED] - Statement - celltext = Columns_row.get(column).getText(): null

2018-08-02 09:30:05 - [TEST_STEP][PASSED] - Statement - If (celltext == profileName): null

2018-08-02 09:30:05 - [TEST_STEP][PASSED] - Statement - celltext = Columns_row.get(column).getText(): null

2018-08-02 09:30:05 - [TEST_STEP][PASSED] - Statement - If (celltext == profileName): null

2018-08-02 09:30:05 - [TEST_STEP][PASSED] - Statement - celltext = Columns_row.get(column).getText(): null

2018-08-02 09:30:05 - [TEST_STEP][PASSED] - Statement - If (celltext == profileName): null

2018-08-02 09:30:05 - [TEST_STEP][PASSED] - Statement - Columns_row = rows_table.get(row).findElements(org.openqa.selenium.By.tagName("td")): null

2018-08-02 09:30:05 - [TEST_STEP][PASSED] - Statement - columns_count = Columns_row.size(): null

2018-08-02 09:30:05 - [TEST_STEP][PASSED] - Statement - For ([column = 0, column < columns_count, (column++)]): null

2018-08-02 09:30:05 - [TEST_STEP][PASSED] - Statement - celltext = Columns_row.get(column).getText(): null

2018-08-02 09:30:05 - [TEST_STEP][PASSED] - Statement - If (celltext == profileName): null

2018-08-02 09:30:05 - [TEST_STEP][PASSED] - Statement - celltext = Columns_row.get(column).getText(): null

2018-08-02 09:30:05 - [TEST_STEP][PASSED] - Statement - If (celltext == profileName): null

2018-08-02 09:30:05 - [TEST_STEP][PASSED] - Statement - celltext = Columns_row.get(column).getText(): null

2018-08-02 09:30:05 - [TEST_STEP][PASSED] - Statement - If (celltext == profileName): null

2018-08-02 09:30:05 - [TEST_STEP][PASSED] - Statement - celltext = Columns_row.get(column).getText(): null

2018-08-02 09:30:05 - [TEST_STEP][PASSED] - Statement - If (celltext == profileName): null

2018-08-02 09:30:05 - [TEST_STEP][PASSED] - Statement - Columns_row = rows_table.get(row).findElements(org.openqa.selenium.By.tagName("td")): null

2018-08-02 09:30:05 - [TEST_STEP][PASSED] - Statement - columns_count = Columns_row.size(): null

2018-08-02 09:30:05 - [TEST_STEP][PASSED] - Statement - For ([column = 0, column < columns_count, (column++)]): null

2018-08-02 09:30:05 - [TEST_STEP][PASSED] - Statement - celltext = Columns_row.get(column).getText(): null

2018-08-02 09:30:05 - [TEST_STEP][PASSED] - Statement - If (celltext == profileName): null

2018-08-02 09:30:05 - [TEST_STEP][PASSED] - Statement - celltext = Columns_row.get(column).getText(): null

2018-08-02 09:30:05 - [TEST_STEP][PASSED] - Statement - If (celltext == profileName): null

2018-08-02 09:30:05 - [TEST_STEP][PASSED] - Statement - celltext = Columns_row.get(column).getText(): null

2018-08-02 09:30:05 - [TEST_STEP][PASSED] - Statement - If (celltext == profileName): null

2018-08-02 09:30:05 - [TEST_STEP][PASSED] - Statement - celltext = Columns_row.get(column).getText(): null

2018-08-02 09:30:05 - [TEST_STEP][PASSED] - Statement - If (celltext == profileName): null

2018-08-02 09:30:05 - [TEST_STEP][PASSED] - Statement - Columns_row = rows_table.get(row).findElements(org.openqa.selenium.By.tagName("td")): null

2018-08-02 09:30:05 - [TEST_STEP][PASSED] - Statement - columns_count = Columns_row.size(): null

2018-08-02 09:30:05 - [TEST_STEP][PASSED] - Statement - For ([column = 0, column < columns_count, (column++)]): null

2018-08-02 09:30:05 - [TEST_STEP][PASSED] - Statement - celltext = Columns_row.get(column).getText(): null

2018-08-02 09:30:05 - [TEST_STEP][PASSED] - Statement - If (celltext == profileName): null

2018-08-02 09:30:05 - [TEST_STEP][PASSED] - Statement - celltext = Columns_row.get(column).getText(): null

2018-08-02 09:30:05 - [TEST_STEP][PASSED] - Statement - If (celltext == profileName): null

2018-08-02 09:30:05 - [TEST_STEP][PASSED] - Statement - celltext = Columns_row.get(column).getText(): null

2018-08-02 09:30:05 - [TEST_STEP][PASSED] - Statement - If (celltext == profileName): null

2018-08-02 09:30:05 - [TEST_STEP][PASSED] - Statement - celltext = Columns_row.get(column).getText(): null

2018-08-02 09:30:05 - [TEST_STEP][PASSED] - Statement - If (celltext == profileName): null

2018-08-02 09:30:05 - [TEST_STEP][PASSED] - Statement - Columns_row = rows_table.get(row).findElements(org.openqa.selenium.By.tagName("td")): null

2018-08-02 09:30:05 - [TEST_STEP][PASSED] - Statement - columns_count = Columns_row.size(): null

2018-08-02 09:30:05 - [TEST_STEP][PASSED] - Statement - For ([column = 0, column < columns_count, (column++)]): null

2018-08-02 09:30:05 - [TEST_STEP][PASSED] - Statement - celltext = Columns_row.get(column).getText(): null

2018-08-02 09:30:05 - [TEST_STEP][PASSED] - Statement - If (celltext == profileName): null

2018-08-02 09:30:05 - [TEST_STEP][PASSED] - Statement - celltext = Columns_row.get(column).getText(): null

2018-08-02 09:30:05 - [TEST_STEP][PASSED] - Statement - If (celltext == profileName): null

2018-08-02 09:30:05 - [TEST_STEP][PASSED] - Statement - celltext = Columns_row.get(column).getText(): null

2018-08-02 09:30:05 - [TEST_STEP][PASSED] - Statement - If (celltext == profileName): null

2018-08-02 09:30:05 - [TEST_STEP][PASSED] - Statement - celltext = Columns_row.get(column).getText(): null

2018-08-02 09:30:05 - [TEST_STEP][PASSED] - Statement - If (celltext == profileName): null

2018-08-02 09:30:05 - [TEST_STEP][PASSED] - Statement - Columns_row = rows_table.get(row).findElements(org.openqa.selenium.By.tagName("td")): null

2018-08-02 09:30:05 - [TEST_STEP][PASSED] - Statement - columns_count = Columns_row.size(): null

2018-08-02 09:30:05 - [TEST_STEP][PASSED] - Statement - For ([column = 0, column < columns_count, (column++)]): null

2018-08-02 09:30:05 - [TEST_STEP][PASSED] - Statement - celltext = Columns_row.get(column).getText(): null

2018-08-02 09:30:05 - [TEST_STEP][PASSED] - Statement - If (celltext == profileName): null

2018-08-02 09:30:05 - [TEST_STEP][PASSED] - Statement - celltext = Columns_row.get(column).getText(): null

2018-08-02 09:30:05 - [TEST_STEP][PASSED] - Statement - If (celltext == profileName): null

2018-08-02 09:30:10 - [TEST_STEP][PASSED] - Statement - celltext = Columns_row.get(column).getText(): null

2018-08-02 09:30:10 - [TEST_STEP][PASSED] - Statement - If (celltext == profileName): null

2018-08-02 09:30:10 - [TEST_STEP][PASSED] - Statement - celltext = Columns_row.get(column).getText(): null

2018-08-02 09:30:10 - [TEST_STEP][PASSED] - Statement - If (celltext == profileName): null

2018-08-02 09:30:10 - [TEST_STEP][PASSED] - click: Object: 'Object Repository/Client Portal/Profile/button_Next' is clicked on

2018-08-02 09:30:10 - [MESSAGE][PASSED] - Object: 'Object Repository/Client Portal/Profile/button_Next' is clicked on

2018-08-02 09:30:10 - [TEST_STEP][PASSED] - verifyElementNotPresent: Web element with id: 'Object Repository/Client Portal/Profile/icon_refresh' located by 'By.xpath: id("wrapper")/div[@class="content-page"]/div[@class="content"]/div[@class="ng-scope"]/div[@class="ng-scope"]/div[@class="row"]/form[@class="form-horizontal ng-valid ng-valid-maxlength ng-dirty ng-valid-parse"]/div[@class="col-sm-12"]/div[@class="text-center"]/i[@class="fa fa-refresh fa-spin fa-3x fa-fw"][count(. | //i[@class = 'fa fa-refresh fa-spin fa-3x fa-fw']) = count(//i[@class = 'fa fa-refresh fa-spin fa-3x fa-fw'])]' is not present after '5' second(s)

2018-08-02 09:30:10 - [MESSAGE][PASSED] - Web element with id: 'Object Repository/Client Portal/Profile/icon_refresh' located by 'By.xpath: id("wrapper")/div[@class="content-page"]/div[@class="content"]/div[@class="ng-scope"]/div[@class="ng-scope"]/div[@class="row"]/form[@class="form-horizontal ng-valid ng-valid-maxlength ng-dirty ng-valid-parse"]/div[@class="col-sm-12"]/div[@class="text-center"]/i[@class="fa fa-refresh fa-spin fa-3x fa-fw"][count(. | //i[@class = 'fa fa-refresh fa-spin fa-3x fa-fw']) = count(//i[@class = 'fa fa-refresh fa-spin fa-3x fa-fw'])]' is not present after '5' second(s)

2018-08-02 09:30:10 - [TEST_STEP][PASSED] - Statement - For ([row = 0, row < rows_count, (row++)]): null

2018-08-02 09:30:10 - [TEST_STEP][PASSED] - Statement - Columns_row = rows_table.get(row).findElements(org.openqa.selenium.By.tagName("td")): null

2018-08-02 09:30:10 - [TEST_STEP][PASSED] - Statement - columns_count = Columns_row.size(): null

2018-08-02 09:30:10 - [TEST_STEP][PASSED] - Statement - For ([column = 0, column < columns_count, (column++)]): null

2018-08-02 09:30:10 - [TEST_STEP][PASSED] - Statement - celltext = Columns_row.get(column).getText(): null

2018-08-02 09:30:10 - [TEST_STEP][PASSED] - Statement - If (celltext == profileName): null

2018-08-02 09:30:10 - [TEST_STEP][PASSED] - Statement - celltext = Columns_row.get(column).getText(): null

2018-08-02 09:30:10 - [TEST_STEP][PASSED] - Statement - If (celltext == profileName): null

2018-08-02 09:30:10 - [TEST_STEP][PASSED] - Statement - celltext = Columns_row.get(column).getText(): null

2018-08-02 09:30:10 - [TEST_STEP][PASSED] - Statement - If (celltext == profileName): null

2018-08-02 09:30:10 - [TEST_STEP][PASSED] - Statement - celltext = Columns_row.get(column).getText(): null

2018-08-02 09:30:10 - [TEST_STEP][PASSED] - Statement - If (celltext == profileName): null

2018-08-02 09:30:10 - [TEST_STEP][PASSED] - Statement - Columns_row = rows_table.get(row).findElements(org.openqa.selenium.By.tagName("td")): null

2018-08-02 09:30:10 - [TEST_STEP][PASSED] - Statement - columns_count = Columns_row.size(): null

2018-08-02 09:30:10 - [TEST_STEP][PASSED] - Statement - For ([column = 0, column < columns_count, (column++)]): null

2018-08-02 09:30:10 - [TEST_STEP][PASSED] - Statement - celltext = Columns_row.get(column).getText(): null

2018-08-02 09:30:10 - [TEST_STEP][PASSED] - Statement - If (celltext == profileName): null

2018-08-02 09:30:10 - [TEST_STEP][PASSED] - Statement - celltext = Columns_row.get(column).getText(): null

2018-08-02 09:30:10 - [TEST_STEP][PASSED] - Statement - If (celltext == profileName): null

2018-08-02 09:30:10 - [TEST_STEP][PASSED] - Statement - celltext = Columns_row.get(column).getText(): null

2018-08-02 09:30:10 - [TEST_STEP][PASSED] - Statement - If (celltext == profileName): null

2018-08-02 09:30:10 - [TEST_STEP][PASSED] - Statement - celltext = Columns_row.get(column).getText(): null

2018-08-02 09:30:10 - [TEST_STEP][PASSED] - Statement - If (celltext == profileName): null

2018-08-02 09:30:10 - [TEST_STEP][PASSED] - Statement - Columns_row = rows_table.get(row).findElements(org.openqa.selenium.By.tagName("td")): null

2018-08-02 09:30:10 - [TEST_STEP][PASSED] - Statement - columns_count = Columns_row.size(): null

2018-08-02 09:30:10 - [TEST_STEP][PASSED] - Statement - For ([column = 0, column < columns_count, (column++)]): null

2018-08-02 09:30:10 - [TEST_STEP][PASSED] - Statement - celltext = Columns_row.get(column).getText(): null

2018-08-02 09:30:10 - [TEST_STEP][PASSED] - Statement - If (celltext == profileName): null

2018-08-02 09:30:10 - [TEST_STEP][PASSED] - Statement - celltext = Columns_row.get(column).getText(): null

2018-08-02 09:30:10 - [TEST_STEP][PASSED] - Statement - If (celltext == profileName): null

2018-08-02 09:30:10 - [TEST_STEP][PASSED] - Statement - celltext = Columns_row.get(column).getText(): null

2018-08-02 09:30:10 - [TEST_STEP][PASSED] - Statement - If (celltext == profileName): null

2018-08-02 09:30:10 - [TEST_STEP][PASSED] - Statement - celltext = Columns_row.get(column).getText(): null

2018-08-02 09:30:10 - [TEST_STEP][PASSED] - Statement - If (celltext == profileName): null

2018-08-02 09:30:10 - [TEST_STEP][PASSED] - Statement - Columns_row = rows_table.get(row).findElements(org.openqa.selenium.By.tagName("td")): null

2018-08-02 09:30:10 - [TEST_STEP][PASSED] - Statement - columns_count = Columns_row.size(): null

2018-08-02 09:30:10 - [TEST_STEP][PASSED] - Statement - For ([column = 0, column < columns_count, (column++)]): null

2018-08-02 09:30:10 - [TEST_STEP][PASSED] - Statement - celltext = Columns_row.get(column).getText(): null

2018-08-02 09:30:10 - [TEST_STEP][PASSED] - Statement - If (celltext == profileName): null

2018-08-02 09:30:10 - [TEST_STEP][PASSED] - Statement - celltext = Columns_row.get(column).getText(): null

2018-08-02 09:30:10 - [TEST_STEP][PASSED] - Statement - If (celltext == profileName): null

2018-08-02 09:30:10 - [TEST_STEP][PASSED] - Statement - celltext = Columns_row.get(column).getText(): null

2018-08-02 09:30:10 - [TEST_STEP][PASSED] - Statement - If (celltext == profileName): null

2018-08-02 09:30:10 - [TEST_STEP][PASSED] - Statement - celltext = Columns_row.get(column).getText(): null

2018-08-02 09:30:10 - [TEST_STEP][PASSED] - Statement - If (celltext == profileName): null

2018-08-02 09:30:10 - [TEST_STEP][PASSED] - Statement - Columns_row = rows_table.get(row).findElements(org.openqa.selenium.By.tagName("td")): null

2018-08-02 09:30:10 - [TEST_STEP][PASSED] - Statement - columns_count = Columns_row.size(): null

2018-08-02 09:30:10 - [TEST_STEP][PASSED] - Statement - For ([column = 0, column < columns_count, (column++)]): null

2018-08-02 09:30:10 - [TEST_STEP][PASSED] - Statement - celltext = Columns_row.get(column).getText(): null

2018-08-02 09:30:10 - [TEST_STEP][PASSED] - Statement - If (celltext == profileName): null

2018-08-02 09:30:10 - [TEST_STEP][PASSED] - Statement - celltext = Columns_row.get(column).getText(): null

2018-08-02 09:30:10 - [TEST_STEP][PASSED] - Statement - If (celltext == profileName): null

2018-08-02 09:30:10 - [TEST_STEP][PASSED] - Statement - celltext = Columns_row.get(column).getText(): null

2018-08-02 09:30:10 - [TEST_STEP][PASSED] - Statement - If (celltext == profileName): null

2018-08-02 09:30:10 - [TEST_STEP][PASSED] - Statement - celltext = Columns_row.get(column).getText(): null

2018-08-02 09:30:10 - [TEST_STEP][PASSED] - Statement - If (celltext == profileName): null

2018-08-02 09:30:10 - [TEST_STEP][PASSED] - Statement - Columns_row = rows_table.get(row).findElements(org.openqa.selenium.By.tagName("td")): null

2018-08-02 09:30:10 - [TEST_STEP][PASSED] - Statement - columns_count = Columns_row.size(): null

2018-08-02 09:30:10 - [TEST_STEP][PASSED] - Statement - For ([column = 0, column < columns_count, (column++)]): null

2018-08-02 09:30:10 - [TEST_STEP][PASSED] - Statement - celltext = Columns_row.get(column).getText(): null

2018-08-02 09:30:10 - [TEST_STEP][PASSED] - Statement - If (celltext == profileName): null

2018-08-02 09:30:10 - [TEST_STEP][PASSED] - Statement - celltext = Columns_row.get(column).getText(): null

2018-08-02 09:30:11 - [TEST_STEP][PASSED] - Statement - If (celltext == profileName): null

2018-08-02 09:30:11 - [TEST_STEP][PASSED] - Statement - celltext = Columns_row.get(column).getText(): null

2018-08-02 09:30:11 - [TEST_STEP][PASSED] - Statement - If (celltext == profileName): null

2018-08-02 09:30:11 - [TEST_STEP][PASSED] - Statement - celltext = Columns_row.get(column).getText(): null

2018-08-02 09:30:11 - [TEST_STEP][PASSED] - Statement - If (celltext == profileName): null

2018-08-02 09:30:11 - [TEST_STEP][PASSED] - Statement - Columns_row = rows_table.get(row).findElements(org.openqa.selenium.By.tagName("td")): null

2018-08-02 09:30:11 - [TEST_STEP][PASSED] - Statement - columns_count = Columns_row.size(): null

2018-08-02 09:30:11 - [TEST_STEP][PASSED] - Statement - For ([column = 0, column < columns_count, (column++)]): null

2018-08-02 09:30:11 - [TEST_STEP][PASSED] - Statement - celltext = Columns_row.get(column).getText(): null

2018-08-02 09:30:11 - [TEST_STEP][PASSED] - Statement - If (celltext == profileName): null

2018-08-02 09:30:11 - [TEST_STEP][PASSED] - Statement - celltext = Columns_row.get(column).getText(): null

2018-08-02 09:30:11 - [TEST_STEP][PASSED] - Statement - If (celltext == profileName): null

2018-08-02 09:30:11 - [TEST_STEP][PASSED] - Statement - celltext = Columns_row.get(column).getText(): null

2018-08-02 09:30:11 - [TEST_STEP][PASSED] - Statement - If (celltext == profileName): null

2018-08-02 09:30:11 - [TEST_STEP][PASSED] - Statement - celltext = Columns_row.get(column).getText(): null

2018-08-02 09:30:11 - [TEST_STEP][PASSED] - Statement - If (celltext == profileName): null

2018-08-02 09:30:11 - [TEST_STEP][PASSED] - Statement - Columns_row = rows_table.get(row).findElements(org.openqa.selenium.By.tagName("td")): null

2018-08-02 09:30:11 - [TEST_STEP][PASSED] - Statement - columns_count = Columns_row.size(): null

2018-08-02 09:30:11 - [TEST_STEP][PASSED] - Statement - For ([column = 0, column < columns_count, (column++)]): null

2018-08-02 09:30:11 - [TEST_STEP][PASSED] - Statement - celltext = Columns_row.get(column).getText(): null

2018-08-02 09:30:11 - [TEST_STEP][PASSED] - Statement - If (celltext == profileName): null

2018-08-02 09:30:11 - [TEST_STEP][PASSED] - Statement - celltext = Columns_row.get(column).getText(): null

2018-08-02 09:30:11 - [TEST_STEP][PASSED] - Statement - If (celltext == profileName): null

2018-08-02 09:30:11 - [TEST_STEP][PASSED] - Statement - celltext = Columns_row.get(column).getText(): null

2018-08-02 09:30:11 - [TEST_STEP][PASSED] - Statement - If (celltext == profileName): null

2018-08-02 09:30:11 - [TEST_STEP][PASSED] - Statement - celltext = Columns_row.get(column).getText(): null

2018-08-02 09:30:11 - [TEST_STEP][PASSED] - Statement - If (celltext == profileName): null

2018-08-02 09:30:11 - [TEST_STEP][PASSED] - Statement - Columns_row = rows_table.get(row).findElements(org.openqa.selenium.By.tagName("td")): null

2018-08-02 09:30:11 - [TEST_STEP][PASSED] - Statement - columns_count = Columns_row.size(): null

2018-08-02 09:30:11 - [TEST_STEP][PASSED] - Statement - For ([column = 0, column < columns_count, (column++)]): null

2018-08-02 09:30:11 - [TEST_STEP][PASSED] - Statement - celltext = Columns_row.get(column).getText(): null

2018-08-02 09:30:11 - [TEST_STEP][PASSED] - Statement - If (celltext == profileName): null

2018-08-02 09:30:11 - [TEST_STEP][PASSED] - Statement - celltext = Columns_row.get(column).getText(): null

2018-08-02 09:30:11 - [TEST_STEP][PASSED] - Statement - If (celltext == profileName): null

2018-08-02 09:30:11 - [TEST_STEP][PASSED] - Statement - celltext = Columns_row.get(column).getText(): null

2018-08-02 09:30:11 - [TEST_STEP][PASSED] - Statement - If (celltext == profileName): null

2018-08-02 09:30:11 - [TEST_STEP][PASSED] - Statement - celltext = Columns_row.get(column).getText(): null

2018-08-02 09:30:11 - [TEST_STEP][PASSED] - Statement - If (celltext == profileName): null

2018-08-02 09:30:11 - [TEST_STEP][PASSED] - Statement - Columns_row = rows_table.get(row).findElements(org.openqa.selenium.By.tagName("td")): null

2018-08-02 09:30:11 - [TEST_STEP][PASSED] - Statement - columns_count = Columns_row.size(): null

2018-08-02 09:30:11 - [TEST_STEP][PASSED] - Statement - For ([column = 0, column < columns_count, (column++)]): null

2018-08-02 09:30:11 - [TEST_STEP][PASSED] - Statement - celltext = Columns_row.get(column).getText(): null

2018-08-02 09:30:11 - [TEST_STEP][PASSED] - Statement - If (celltext == profileName): null

2018-08-02 09:30:11 - [TEST_STEP][PASSED] - Statement - celltext = Columns_row.get(column).getText(): null

2018-08-02 09:30:11 - [TEST_STEP][PASSED] - Statement - If (celltext == profileName): null

2018-08-02 09:30:11 - [TEST_STEP][PASSED] - Statement - celltext = Columns_row.get(column).getText(): null

2018-08-02 09:30:11 - [TEST_STEP][PASSED] - Statement - If (celltext == profileName): null

2018-08-02 09:30:11 - [TEST_STEP][PASSED] - Statement - celltext = Columns_row.get(column).getText(): null

2018-08-02 09:30:11 - [TEST_STEP][PASSED] - Statement - If (celltext == profileName): null

2018-08-02 09:30:11 - [TEST_STEP][PASSED] - click: Object: 'Object Repository/Client Portal/Profile/button_Next' is clicked on

2018-08-02 09:30:11 - [MESSAGE][PASSED] - Object: 'Object Repository/Client Portal/Profile/button_Next' is clicked on

2018-08-02 09:30:11 - [TEST_STEP][PASSED] - verifyElementNotPresent: Web element with id: 'Object Repository/Client Portal/Profile/icon_refresh' located by 'By.xpath: id("wrapper")/div[@class="content-page"]/div[@class="content"]/div[@class="ng-scope"]/div[@class="ng-scope"]/div[@class="row"]/form[@class="form-horizontal ng-valid ng-valid-maxlength ng-dirty ng-valid-parse"]/div[@class="col-sm-12"]/div[@class="text-center"]/i[@class="fa fa-refresh fa-spin fa-3x fa-fw"][count(. | //i[@class = 'fa fa-refresh fa-spin fa-3x fa-fw']) = count(//i[@class = 'fa fa-refresh fa-spin fa-3x fa-fw'])]' is not present after '5' second(s)

2018-08-02 09:30:11 - [MESSAGE][PASSED] - Web element with id: 'Object Repository/Client Portal/Profile/icon_refresh' located by 'By.xpath: id("wrapper")/div[@class="content-page"]/div[@class="content"]/div[@class="ng-scope"]/div[@class="ng-scope"]/div[@class="row"]/form[@class="form-horizontal ng-valid ng-valid-maxlength ng-dirty ng-valid-parse"]/div[@class="col-sm-12"]/div[@class="text-center"]/i[@class="fa fa-refresh fa-spin fa-3x fa-fw"][count(. | //i[@class = 'fa fa-refresh fa-spin fa-3x fa-fw']) = count(//i[@class = 'fa fa-refresh fa-spin fa-3x fa-fw'])]' is not present after '5' second(s)

2018-08-02 09:30:11 - [TEST_STEP][PASSED] - Statement - For ([row = 0, row < rows_count, (row++)]): null

2018-08-02 09:30:11 - [TEST_STEP][PASSED] - Statement - Columns_row = rows_table.get(row).findElements(org.openqa.selenium.By.tagName("td")): null

2018-08-02 09:30:11 - [TEST_STEP][PASSED] - Statement - columns_count = Columns_row.size(): null

2018-08-02 09:30:11 - [TEST_STEP][PASSED] - Statement - For ([column = 0, column < columns_count, (column++)]): null

2018-08-02 09:30:11 - [TEST_STEP][PASSED] - Statement - celltext = Columns_row.get(column).getText(): null

2018-08-02 09:30:11 - [TEST_STEP][PASSED] - Statement - If (celltext == profileName): null

2018-08-02 09:30:11 - [TEST_STEP][PASSED] - Statement - celltext = Columns_row.get(column).getText(): null

2018-08-02 09:30:11 - [TEST_STEP][PASSED] - Statement - If (celltext == profileName): null

2018-08-02 09:30:12 - [TEST_STEP][PASSED] - Statement - println("Profile Name: " + Columns_row.get(1).getText()): null

2018-08-02 09:30:12 - [TEST_STEP][PASSED] - Statement - editXpath = "//*[@id="wrapper"]/div[4]/div/div/div/div[3]/form/div[4]/div/div/table/tbody/tr[" + (++row) + "]/td[4]/button[1]": null

2018-08-02 09:30:12 - [TEST_STEP][PASSED] - Statement - viewXpath = "//*[@id="wrapper"]/div[4]/div/div/div/div[3]/form/div[4]/div/div/table/tbody/tr[" + (row++) + "]/td[4]/button[2]": null

2018-08-02 09:30:12 - [TEST_STEP][PASSED] - Statement - dateCreated = Columns_row.get(2).getText(): null

2018-08-02 09:30:12 - [TEST_STEP][PASSED] - Statement - println("Date Created: " + dateCreated): null

2018-08-02 09:30:12 - [TEST_STEP][PASSED] - Statement - verifyRecord = true: null

2018-08-02 09:30:12 - [TEST_STEP][PASSED] - Statement - If (searchAction.toLowerCase() == "edit"): null

2018-08-02 09:30:12 - [TEST_STEP][PASSED] - Statement - Columns_row.get(3).findElement(org.openqa.selenium.By.xpath(editXpath)).click(): null

2018-08-02 09:30:12 - [TEST_STEP][PASSED] - Statement - If (searchAction.toLowerCase() == "view"): null

2018-08-02 09:30:12 - [TEST_STEP][PASSED] - Statement - Break: null

2018-08-02 09:30:12 - [MESSAGE][PASSED] - Call Test Case 'Test Cases/Client Portal/Profile/Sub Test Case/search profile' successfully

2018-08-02 09:30:12 - [TEST_STEP][PASSED] - Statement - randomWords = CustomKeywords.randomWords.GenerateAction.randomString(5): randomWords.GenerateAction.randomString is PASSED

2018-08-02 09:30:12 - [MESSAGE][PASSED] - randomWords.GenerateAction.randomString is PASSED

2018-08-02 09:30:12 - [TEST_STEP][PASSED] - Statement - newprofileName = newprofileName + randomWords: null

2018-08-02 09:30:12 - [TEST_STEP][PASSED] - callTestCase: Call Test Case 'Test Cases/Client Portal/Profile/Sub Test Case/create profile' successfully

2018-08-02 09:30:12 - [TEST_CASE][PASSED] - Test Cases/Client Portal/Profile/Sub Test Case/create profile: Test Cases/Client Portal/Profile/Sub Test Case/create profile

2018-08-02 09:30:12 - [TEST_STEP][PASSED] - Statement - If (loginAction == false): null

2018-08-02 09:30:12 - [TEST_STEP][PASSED] - Statement - If (moduleAccess == false): null

2018-08-02 09:30:12 - [TEST_STEP][PASSED] - delay: Delayed 2 second(s)

2018-08-02 09:30:14 - [MESSAGE][PASSED] - Delayed 2 second(s)

2018-08-02 09:30:14 - [TEST_STEP][PASSED] - waitForElementPresent: Object 'Object Repository/Client Portal/Profile/Create Profile/label_Profile Name' is present

2018-08-02 09:30:14 - [MESSAGE][PASSED] - Object 'Object Repository/Client Portal/Profile/Create Profile/label_Profile Name' is present

2018-08-02 09:30:14 - [TEST_STEP][PASSED] - waitForElementVisible: Object 'Object Repository/Client Portal/Profile/Create Profile/label_Profile Name' is visible

2018-08-02 09:30:14 - [MESSAGE][PASSED] - Object 'Object Repository/Client Portal/Profile/Create Profile/label_Profile Name' is visible

2018-08-02 09:30:14 - [TEST_STEP][PASSED] - setText: Text 'GrkRr' is set on object 'Object Repository/Client Portal/Profile/Create Profile/Fields and Actions/input_profile name'

2018-08-02 09:30:14 - [MESSAGE][PASSED] - Text 'GrkRr' is set on object 'Object Repository/Client Portal/Profile/Create Profile/Fields and Actions/input_profile name'

2018-08-02 09:30:14 - [TEST_STEP][PASSED] - Statement - If (updateAction.toLowerCase() == "add"): null

2018-08-02 09:30:14 - [TEST_STEP][PASSED] - Statement - Else If (updateAction.toLowerCase() == "edit"): Object: 'Object Repository/Client Portal/Profile/Edit Profile/button_Save' is clicked on

2018-08-02 09:30:14 - [TEST_STEP][PASSED] - click: Object: 'Object Repository/Client Portal/Profile/Edit Profile/button_Save' is clicked on

2018-08-02 09:30:14 - [MESSAGE][PASSED] - Object: 'Object Repository/Client Portal/Profile/Edit Profile/button_Save' is clicked on

2018-08-02 09:30:14 - [MESSAGE][PASSED] - Call Test Case 'Test Cases/Client Portal/Profile/Sub Test Case/create profile' successfully

2018-08-02 09:30:14 - [TEST_STEP][FAILED] - callTestCase: Unable to call Test Case with id 'Test Cases/Client Portal/Profile/Sub Test Case/verify profile' (Root cause: Call Test Case 'Test Cases/Client Portal/Profile/Sub Test Case/verify profile' failed)

2018-08-02 09:30:14 - [TEST_CASE][FAILED] - Test Cases/Client Portal/Profile/Sub Test Case/verify profile: Test Cases/Client Portal/Profile/Sub Test Case/verify profile FAILED because (of) Unable to verify match between actual text 'Profile updated.' and expected text 'No record found.' using regular expression (Root cause: Actual text 'Profile updated.' and expected text 'No record found.' are not matched using regular expression)

2018-08-02 09:30:15 - [TEST_STEP][PASSED] - waitForElementVisible: Object 'Object Repository/Client Portal/a.Common/popout_msg' is visible

2018-08-02 09:30:17 - [MESSAGE][PASSED] - Object 'Object Repository/Client Portal/a.Common/popout_msg' is visible

2018-08-02 09:30:17 - [TEST_STEP][PASSED] - Statement - serverMsg = com.kms.katalon.core.webui.keyword.WebUiBuiltInKeywords.getText(com.kms.katalon.core.testobject.ObjectRepository.findTestObject(Client Portal/a.Common/popout_msg)): Text of object 'Object Repository/Client Portal/a.Common/popout_msg' is: 'Profile updated.'

2018-08-02 09:30:17 - [MESSAGE][PASSED] - Text of object 'Object Repository/Client Portal/a.Common/popout_msg' is: 'Profile updated.'

2018-08-02 09:30:17 - [TEST_STEP][PASSED] - Statement - updateSuccess = false: null

2018-08-02 09:30:17 - [TEST_STEP][PASSED] - Statement - updateFailed = false: null

2018-08-02 09:30:17 - [TEST_STEP][PASSED] - Statement - If (com.kms.katalon.core.webui.keyword.WebUiBuiltInKeywords.verifyMatch(serverMsg, msgCreateSuccess, true, OPTIONAL)): Unable to verify match between actual text 'Profile updated.' and expected text 'Saved.' using regular expression (Root cause: Actual text 'Profile updated.' and expected text 'Saved.' are not matched using regular expression)

2018-08-02 09:30:17 - [MESSAGE][WARNING] - Unable to verify match between actual text 'Profile updated.' and expected text 'Saved.' using regular expression (Root cause: Actual text 'Profile updated.' and expected text 'Saved.' are not matched using regular expression)

2018-08-02 09:30:17 - [TEST_STEP][PASSED] - Statement - If (com.kms.katalon.core.webui.keyword.WebUiBuiltInKeywords.verifyMatch(serverMsg, msgEditSuccess, true, OPTIONAL)): null

2018-08-02 09:30:17 - [MESSAGE][PASSED] - Actual text 'Profile updated.' and expected text 'Profile updated.' are matched  using regular expression

2018-08-02 09:30:17 - [TEST_STEP][PASSED] - Statement - updateSuccess = true: null

2018-08-02 09:30:17 - [TEST_STEP][FAILED] - Statement - If (updateSuccess == true): Unable to call Test Case with id 'Test Cases/Client Portal/Profile/Sub Test Case/search profile' (Root cause: Call Test Case 'Test Cases/Client Portal/Profile/Sub Test Case/search profile' failed)

2018-08-02 09:30:17 - [TEST_STEP][FAILED] - callTestCase: Unable to call Test Case with id 'Test Cases/Client Portal/Profile/Sub Test Case/search profile' (Root cause: Call Test Case 'Test Cases/Client Portal/Profile/Sub Test Case/search profile' failed)

2018-08-02 09:30:17 - [TEST_CASE][FAILED] - Test Cases/Client Portal/Profile/Sub Test Case/search profile: Test Cases/Client Portal/Profile/Sub Test Case/search profile FAILED because (of) Unable to verify match between actual text 'Profile updated.' and expected text 'No record found.' using regular expression (Root cause: Actual text 'Profile updated.' and expected text 'No record found.' are not matched using regular expression)

2018-08-02 09:30:17 - [TEST_STEP][PASSED] - Statement - If (loginAction == false): null

2018-08-02 09:30:17 - [TEST_STEP][PASSED] - Statement - If (moduleAccess == false): null

2018-08-02 09:30:17 - [TEST_STEP][PASSED] - Statement - If (filterSearch.toLowerCase() == "true"): null

2018-08-02 09:30:17 - [TEST_STEP][PASSED] - Statement - Else: Delayed 2 second(s)

2018-08-02 09:30:17 - [TEST_STEP][PASSED] - delay: Delayed 2 second(s)

2018-08-02 09:30:19 - [MESSAGE][PASSED] - Delayed 2 second(s)

2018-08-02 09:30:19 - [TEST_STEP][PASSED] - Statement - verifyRecord = true: null

2018-08-02 09:30:19 - [TEST_STEP][PASSED] - Statement - If (com.kms.katalon.core.webui.keyword.WebUiBuiltInKeywords.waitForElementVisible(com.kms.katalon.core.testobject.ObjectRepository.findTestObject(Client Portal/a.Common/popout_msg), 2)): Unable to verify match between actual text 'Profile updated.' and expected text 'No record found.' using regular expression (Root cause: Actual text 'Profile updated.' and expected text 'No record found.' are not matched using regular expression)

2018-08-02 09:30:19 - [MESSAGE][PASSED] - Object 'Object Repository/Client Portal/a.Common/popout_msg' is visible

2018-08-02 09:30:19 - [TEST_STEP][PASSED] - Statement - verifymsgNoRecord = com.kms.katalon.core.webui.keyword.WebUiBuiltInKeywords.getText(com.kms.katalon.core.testobject.ObjectRepository.findTestObject(Client Portal/a.Common/popout_msg)): Text of object 'Object Repository/Client Portal/a.Common/popout_msg' is: 'Profile updated.'

2018-08-02 09:30:19 - [MESSAGE][PASSED] - Text of object 'Object Repository/Client Portal/a.Common/popout_msg' is: 'Profile updated.'

2018-08-02 09:30:19 - [TEST_STEP][FAILED] - Statement - If (com.kms.katalon.core.webui.keyword.WebUiBuiltInKeywords.verifyMatch(verifymsgNoRecord, msgNoRecord, true)): Unable to verify match between actual text 'Profile updated.' and expected text 'No record found.' using regular expression (Root cause: Actual text 'Profile updated.' and expected text 'No record found.' are not matched using regular expression)

2018-08-02 09:30:19 - [MESSAGE][FAILED] - Unable to verify match between actual text 'Profile updated.' and expected text 'No record found.' using regular expression (Root cause: Actual text 'Profile updated.' and expected text 'No record found.' are not matched using regular expression)

2018-08-02 09:30:19 - [MESSAGE][FAILED] - Unable to call Test Case with id 'Test Cases/Client Portal/Profile/Sub Test Case/search profile' (Root cause: Call Test Case 'Test Cases/Client Portal/Profile/Sub Test Case/search profile' failed)

2018-08-02 09:30:19 - [MESSAGE][FAILED] - Unable to call Test Case with id 'Test Cases/Client Portal/Profile/Sub Test Case/verify profile' (Root cause: Call Test Case 'Test Cases/Client Portal/Profile/Sub Test Case/verify profile' failed)]]></system-out>
         <system-err><![CDATA[2018-08-02 09:29:31 - [TEST_CASE][FAILED] - Test Cases/Client Portal/Profile/TC002 - Edit Profile with verification: Test Cases/Client Portal/Profile/TC002 - Edit Profile with verification FAILED because (of) Unable to verify match between actual text 'Profile updated.' and expected text 'No record found.' using regular expression (Root cause: Actual text 'Profile updated.' and expected text 'No record found.' are not matched using regular expression)]]></system-err>
      </testcase>
      <testcase name="Test Cases/Client Portal/Profile/TC002 - Edit Profile with verification" classname="Test Cases/Client Portal/Profile/TC002 - Edit Profile with verification" status="FAILED">
         <failure type="FAILED" message="Unable to set text ' 3snjg' of object 'Object Repository/Client Portal/Profile/Create Profile/Fields and Actions/input_profile name' (Root cause: org.openqa.selenium.InvalidElementStateException: invalid element state: Element is not currently interactable and may not be manipulated
  (Session info: chrome=67.0.3396.99)
  (Driver info: chromedriver=2.35.528161 (5b82f2d2aae0ca24b877009200ced9065a772e73),platform=Windows NT 10.0.16299 x86_64) (WARNING: The server did not provide any stacktrace information)
Command duration or timeout: 0 milliseconds
Build info: version: '3.7.1', revision: '8a0099a', time: '2017-11-06T21:07:36.161Z'
System info: host: 'KAILOON0917', ip: '192.168.2.78', os.name: 'Windows 10', os.arch: 'amd64', os.version: '10.0', java.version: '1.8.0_102'
Driver info: com.kms.katalon.selenium.driver.CChromeDriver
Capabilities {acceptInsecureCerts: false, acceptSslCerts: false, applicationCacheEnabled: false, browserConnectionEnabled: false, browserName: chrome, chrome: {chromedriverVersion: 2.35.528161 (5b82f2d2aae0ca..., userDataDir: C:\Users\KL49E2~1.CHA\AppDa...}, cssSelectorsEnabled: true, databaseEnabled: false, handlesAlerts: true, hasTouchScreen: false, javascriptEnabled: true, locationContextEnabled: true, mobileEmulationEnabled: false, nativeEvents: true, networkConnectionEnabled: false, pageLoadStrategy: normal, platform: XP, platformName: XP, rotatable: false, setWindowRect: true, takesHeapSnapshot: true, takesScreenshot: true, unexpectedAlertBehaviour: , unhandledPromptBehavior: , version: 67.0.3396.99, webStorageEnabled: true}
Session ID: 11ee4f0480a1adcc9b95f5f1b49a9329)"/>
         <system-out><![CDATA[2018-08-02 09:30:19 - [TEST_CASE][FAILED] - Test Cases/Client Portal/Profile/TC002 - Edit Profile with verification: Test Cases/Client Portal/Profile/TC002 - Edit Profile with verification FAILED because (of) Unable to set text ' 3snjg' of object 'Object Repository/Client Portal/Profile/Create Profile/Fields and Actions/input_profile name' (Root cause: org.openqa.selenium.InvalidElementStateException: invalid element state: Element is not currently interactable and may not be manipulated
  (Session info: chrome=67.0.3396.99)
  (Driver info: chromedriver=2.35.528161 (5b82f2d2aae0ca24b877009200ced9065a772e73),platform=Windows NT 10.0.16299 x86_64) (WARNING: The server did not provide any stacktrace information)
Command duration or timeout: 0 milliseconds
Build info: version: '3.7.1', revision: '8a0099a', time: '2017-11-06T21:07:36.161Z'
System info: host: 'KAILOON0917', ip: '192.168.2.78', os.name: 'Windows 10', os.arch: 'amd64', os.version: '10.0', java.version: '1.8.0_102'
Driver info: com.kms.katalon.selenium.driver.CChromeDriver
Capabilities {acceptInsecureCerts: false, acceptSslCerts: false, applicationCacheEnabled: false, browserConnectionEnabled: false, browserName: chrome, chrome: {chromedriverVersion: 2.35.528161 (5b82f2d2aae0ca..., userDataDir: C:\Users\KL49E2~1.CHA\AppDa...}, cssSelectorsEnabled: true, databaseEnabled: false, handlesAlerts: true, hasTouchScreen: false, javascriptEnabled: true, locationContextEnabled: true, mobileEmulationEnabled: false, nativeEvents: true, networkConnectionEnabled: false, pageLoadStrategy: normal, platform: XP, platformName: XP, rotatable: false, setWindowRect: true, takesHeapSnapshot: true, takesScreenshot: true, unexpectedAlertBehaviour: , unhandledPromptBehavior: , version: 67.0.3396.99, webStorageEnabled: true}
Session ID: 11ee4f0480a1adcc9b95f5f1b49a9329)

2018-08-02 09:30:19 - [TEST_STEP][PASSED] - callTestCase: Call Test Case 'Test Cases/Client Portal/Profile/Sub Test Case/search profile' successfully

2018-08-02 09:30:19 - [TEST_CASE][PASSED] - Test Cases/Client Portal/Profile/Sub Test Case/search profile: Test Cases/Client Portal/Profile/Sub Test Case/search profile

2018-08-02 09:30:19 - [TEST_STEP][PASSED] - Statement - If (loginAction == false): null

2018-08-02 09:30:19 - [TEST_STEP][PASSED] - Statement - If (moduleAccess == false): null

2018-08-02 09:30:19 - [TEST_STEP][PASSED] - Statement - If (filterSearch.toLowerCase() == "true"): null

2018-08-02 09:30:19 - [TEST_STEP][PASSED] - Statement - Else: Delayed 2 second(s)

2018-08-02 09:30:19 - [TEST_STEP][PASSED] - delay: Delayed 2 second(s)

2018-08-02 09:30:21 - [MESSAGE][PASSED] - Delayed 2 second(s)

2018-08-02 09:30:21 - [TEST_STEP][PASSED] - Statement - verifyRecord = true: null

2018-08-02 09:30:21 - [TEST_STEP][PASSED] - Statement - If (com.kms.katalon.core.webui.keyword.WebUiBuiltInKeywords.waitForElementVisible(com.kms.katalon.core.testobject.ObjectRepository.findTestObject(Client Portal/a.Common/popout_msg), 2)): Object 'Object Repository/Client Portal/a.Common/popout_msg' is not visible after 2 second(s)

2018-08-02 09:30:23 - [MESSAGE][WARNING] - Object 'Object Repository/Client Portal/a.Common/popout_msg' is not visible after 2 second(s)

2018-08-02 09:30:23 - [TEST_STEP][PASSED] - Statement - If (verifyRecord == true): Web element with id: 'Object Repository/Client Portal/Profile/icon_refresh' located by 'By.xpath: id("wrapper")/div[@class="content-page"]/div[@class="content"]/div[@class="ng-scope"]/div[@class="ng-scope"]/div[@class="row"]/form[@class="form-horizontal ng-valid ng-valid-maxlength ng-dirty ng-valid-parse"]/div[@class="col-sm-12"]/div[@class="text-center"]/i[@class="fa fa-refresh fa-spin fa-3x fa-fw"][count(. | //i[@class = 'fa fa-refresh fa-spin fa-3x fa-fw']) = count(//i[@class = 'fa fa-refresh fa-spin fa-3x fa-fw'])]' is not present after '5' second(s)

2018-08-02 09:30:23 - [TEST_STEP][PASSED] - Statement - numPagesMsg = com.kms.katalon.core.webui.keyword.WebUiBuiltInKeywords.getText(com.kms.katalon.core.testobject.ObjectRepository.findTestObject(Client Portal/Profile/totalRecords)): Text of object 'Object Repository/Client Portal/Profile/totalRecords' is: 'Showing 111 to 111 of 111 entries'

2018-08-02 09:30:23 - [MESSAGE][PASSED] - Text of object 'Object Repository/Client Portal/Profile/totalRecords' is: 'Showing 111 to 111 of 111 entries'

2018-08-02 09:30:23 - [TEST_STEP][PASSED] - Statement - splitMsg = numPagesMsg.split("of"): null

2018-08-02 09:30:23 - [TEST_STEP][PASSED] - Statement - splitMsg2 = splitMsg[1].split("entries"): null

2018-08-02 09:30:23 - [TEST_STEP][PASSED] - Statement - totalPages = 0: null

2018-08-02 09:30:23 - [TEST_STEP][PASSED] - Statement - totalAmt = splitMsg2[0].toInteger(): null

2018-08-02 09:30:23 - [TEST_STEP][PASSED] - Statement - If (totalAmt != ""): null

2018-08-02 09:30:23 - [TEST_STEP][PASSED] - Statement - totalPages = totalAmt / 10 + 1: null

2018-08-02 09:30:23 - [TEST_STEP][PASSED] - Statement - totalPages = java.lang.Integer.parseInt(java.lang.String.valueOf(totalPages).split("\.")[0]): null

2018-08-02 09:30:23 - [TEST_STEP][PASSED] - Statement - driver = com.kms.katalon.core.webui.driver.DriverFactory.getWebDriver(): null

2018-08-02 09:30:23 - [TEST_STEP][PASSED] - Statement - Table = driver.findElement(org.openqa.selenium.By.xpath("//table/tbody")): null

2018-08-02 09:30:23 - [TEST_STEP][PASSED] - Statement - rows_table = Table.findElements(org.openqa.selenium.By.tagName("tr")): null

2018-08-02 09:30:23 - [TEST_STEP][PASSED] - Statement - rows_count = rows_table.size(): null

2018-08-02 09:30:23 - [TEST_STEP][PASSED] - Statement - println(rows_count): null

2018-08-02 09:30:23 - [TEST_STEP][PASSED] - Statement - If (totalAmt != ""): Web element with id: 'Object Repository/Client Portal/Profile/icon_refresh' located by 'By.xpath: id("wrapper")/div[@class="content-page"]/div[@class="content"]/div[@class="ng-scope"]/div[@class="ng-scope"]/div[@class="row"]/form[@class="form-horizontal ng-valid ng-valid-maxlength ng-dirty ng-valid-parse"]/div[@class="col-sm-12"]/div[@class="text-center"]/i[@class="fa fa-refresh fa-spin fa-3x fa-fw"][count(. | //i[@class = 'fa fa-refresh fa-spin fa-3x fa-fw']) = count(//i[@class = 'fa fa-refresh fa-spin fa-3x fa-fw'])]' is not present after '5' second(s)

2018-08-02 09:30:23 - [TEST_STEP][PASSED] - Statement - For ([pageNum = 1, pageNum <= totalPages, (pageNum++)]): Web element with id: 'Object Repository/Client Portal/Profile/icon_refresh' located by 'By.xpath: id("wrapper")/div[@class="content-page"]/div[@class="content"]/div[@class="ng-scope"]/div[@class="ng-scope"]/div[@class="row"]/form[@class="form-horizontal ng-valid ng-valid-maxlength ng-dirty ng-valid-parse"]/div[@class="col-sm-12"]/div[@class="text-center"]/i[@class="fa fa-refresh fa-spin fa-3x fa-fw"][count(. | //i[@class = 'fa fa-refresh fa-spin fa-3x fa-fw']) = count(//i[@class = 'fa fa-refresh fa-spin fa-3x fa-fw'])]' is not present after '5' second(s)

2018-08-02 09:30:23 - [TEST_STEP][PASSED] - Statement - For ([row = 0, row < rows_count, (row++)]): null

2018-08-02 09:30:23 - [TEST_STEP][PASSED] - Statement - Columns_row = rows_table.get(row).findElements(org.openqa.selenium.By.tagName("td")): null

2018-08-02 09:30:23 - [TEST_STEP][PASSED] - Statement - columns_count = Columns_row.size(): null

2018-08-02 09:30:23 - [TEST_STEP][PASSED] - Statement - For ([column = 0, column < columns_count, (column++)]): null

2018-08-02 09:30:23 - [TEST_STEP][PASSED] - Statement - celltext = Columns_row.get(column).getText(): null

2018-08-02 09:30:23 - [TEST_STEP][PASSED] - Statement - If (celltext == profileName): null

2018-08-02 09:30:23 - [TEST_STEP][PASSED] - Statement - celltext = Columns_row.get(column).getText(): null

2018-08-02 09:30:23 - [TEST_STEP][PASSED] - Statement - If (celltext == profileName): null

2018-08-02 09:30:23 - [TEST_STEP][PASSED] - Statement - celltext = Columns_row.get(column).getText(): null

2018-08-02 09:30:23 - [TEST_STEP][PASSED] - Statement - If (celltext == profileName): null

2018-08-02 09:30:23 - [TEST_STEP][PASSED] - Statement - celltext = Columns_row.get(column).getText(): null

2018-08-02 09:30:23 - [TEST_STEP][PASSED] - Statement - If (celltext == profileName): null

2018-08-02 09:30:23 - [TEST_STEP][PASSED] - click: Object: 'Object Repository/Client Portal/Profile/button_Next' is clicked on

2018-08-02 09:30:23 - [MESSAGE][PASSED] - Object: 'Object Repository/Client Portal/Profile/button_Next' is clicked on

2018-08-02 09:30:23 - [TEST_STEP][PASSED] - verifyElementNotPresent: Web element with id: 'Object Repository/Client Portal/Profile/icon_refresh' located by 'By.xpath: id("wrapper")/div[@class="content-page"]/div[@class="content"]/div[@class="ng-scope"]/div[@class="ng-scope"]/div[@class="row"]/form[@class="form-horizontal ng-valid ng-valid-maxlength ng-dirty ng-valid-parse"]/div[@class="col-sm-12"]/div[@class="text-center"]/i[@class="fa fa-refresh fa-spin fa-3x fa-fw"][count(. | //i[@class = 'fa fa-refresh fa-spin fa-3x fa-fw']) = count(//i[@class = 'fa fa-refresh fa-spin fa-3x fa-fw'])]' is not present after '5' second(s)

2018-08-02 09:30:23 - [MESSAGE][PASSED] - Web element with id: 'Object Repository/Client Portal/Profile/icon_refresh' located by 'By.xpath: id("wrapper")/div[@class="content-page"]/div[@class="content"]/div[@class="ng-scope"]/div[@class="ng-scope"]/div[@class="row"]/form[@class="form-horizontal ng-valid ng-valid-maxlength ng-dirty ng-valid-parse"]/div[@class="col-sm-12"]/div[@class="text-center"]/i[@class="fa fa-refresh fa-spin fa-3x fa-fw"][count(. | //i[@class = 'fa fa-refresh fa-spin fa-3x fa-fw']) = count(//i[@class = 'fa fa-refresh fa-spin fa-3x fa-fw'])]' is not present after '5' second(s)

2018-08-02 09:30:23 - [TEST_STEP][PASSED] - Statement - For ([row = 0, row < rows_count, (row++)]): null

2018-08-02 09:30:23 - [TEST_STEP][PASSED] - Statement - Columns_row = rows_table.get(row).findElements(org.openqa.selenium.By.tagName("td")): null

2018-08-02 09:30:23 - [TEST_STEP][PASSED] - Statement - columns_count = Columns_row.size(): null

2018-08-02 09:30:23 - [TEST_STEP][PASSED] - Statement - For ([column = 0, column < columns_count, (column++)]): null

2018-08-02 09:30:23 - [TEST_STEP][PASSED] - Statement - celltext = Columns_row.get(column).getText(): null

2018-08-02 09:30:23 - [TEST_STEP][PASSED] - Statement - If (celltext == profileName): null

2018-08-02 09:30:23 - [TEST_STEP][PASSED] - Statement - celltext = Columns_row.get(column).getText(): null

2018-08-02 09:30:23 - [TEST_STEP][PASSED] - Statement - If (celltext == profileName): null

2018-08-02 09:30:23 - [TEST_STEP][PASSED] - Statement - celltext = Columns_row.get(column).getText(): null

2018-08-02 09:30:23 - [TEST_STEP][PASSED] - Statement - If (celltext == profileName): null

2018-08-02 09:30:23 - [TEST_STEP][PASSED] - Statement - celltext = Columns_row.get(column).getText(): null

2018-08-02 09:30:23 - [TEST_STEP][PASSED] - Statement - If (celltext == profileName): null

2018-08-02 09:30:23 - [TEST_STEP][PASSED] - click: Object: 'Object Repository/Client Portal/Profile/button_Next' is clicked on

2018-08-02 09:30:23 - [MESSAGE][PASSED] - Object: 'Object Repository/Client Portal/Profile/button_Next' is clicked on

2018-08-02 09:30:23 - [TEST_STEP][PASSED] - verifyElementNotPresent: Web element with id: 'Object Repository/Client Portal/Profile/icon_refresh' located by 'By.xpath: id("wrapper")/div[@class="content-page"]/div[@class="content"]/div[@class="ng-scope"]/div[@class="ng-scope"]/div[@class="row"]/form[@class="form-horizontal ng-valid ng-valid-maxlength ng-dirty ng-valid-parse"]/div[@class="col-sm-12"]/div[@class="text-center"]/i[@class="fa fa-refresh fa-spin fa-3x fa-fw"][count(. | //i[@class = 'fa fa-refresh fa-spin fa-3x fa-fw']) = count(//i[@class = 'fa fa-refresh fa-spin fa-3x fa-fw'])]' is not present after '5' second(s)

2018-08-02 09:30:23 - [MESSAGE][PASSED] - Web element with id: 'Object Repository/Client Portal/Profile/icon_refresh' located by 'By.xpath: id("wrapper")/div[@class="content-page"]/div[@class="content"]/div[@class="ng-scope"]/div[@class="ng-scope"]/div[@class="row"]/form[@class="form-horizontal ng-valid ng-valid-maxlength ng-dirty ng-valid-parse"]/div[@class="col-sm-12"]/div[@class="text-center"]/i[@class="fa fa-refresh fa-spin fa-3x fa-fw"][count(. | //i[@class = 'fa fa-refresh fa-spin fa-3x fa-fw']) = count(//i[@class = 'fa fa-refresh fa-spin fa-3x fa-fw'])]' is not present after '5' second(s)

2018-08-02 09:30:23 - [TEST_STEP][PASSED] - Statement - For ([row = 0, row < rows_count, (row++)]): null

2018-08-02 09:30:23 - [TEST_STEP][PASSED] - Statement - Columns_row = rows_table.get(row).findElements(org.openqa.selenium.By.tagName("td")): null

2018-08-02 09:30:23 - [TEST_STEP][PASSED] - Statement - columns_count = Columns_row.size(): null

2018-08-02 09:30:23 - [TEST_STEP][PASSED] - Statement - For ([column = 0, column < columns_count, (column++)]): null

2018-08-02 09:30:23 - [TEST_STEP][PASSED] - Statement - celltext = Columns_row.get(column).getText(): null

2018-08-02 09:30:23 - [TEST_STEP][PASSED] - Statement - If (celltext == profileName): null

2018-08-02 09:30:23 - [TEST_STEP][PASSED] - Statement - celltext = Columns_row.get(column).getText(): null

2018-08-02 09:30:23 - [TEST_STEP][PASSED] - Statement - If (celltext == profileName): null

2018-08-02 09:30:23 - [TEST_STEP][PASSED] - Statement - celltext = Columns_row.get(column).getText(): null

2018-08-02 09:30:23 - [TEST_STEP][PASSED] - Statement - If (celltext == profileName): null

2018-08-02 09:30:23 - [TEST_STEP][PASSED] - Statement - celltext = Columns_row.get(column).getText(): null

2018-08-02 09:30:23 - [TEST_STEP][PASSED] - Statement - If (celltext == profileName): null

2018-08-02 09:30:23 - [TEST_STEP][PASSED] - click: Object: 'Object Repository/Client Portal/Profile/button_Next' is clicked on

2018-08-02 09:30:23 - [MESSAGE][PASSED] - Object: 'Object Repository/Client Portal/Profile/button_Next' is clicked on

2018-08-02 09:30:23 - [TEST_STEP][PASSED] - verifyElementNotPresent: Web element with id: 'Object Repository/Client Portal/Profile/icon_refresh' located by 'By.xpath: id("wrapper")/div[@class="content-page"]/div[@class="content"]/div[@class="ng-scope"]/div[@class="ng-scope"]/div[@class="row"]/form[@class="form-horizontal ng-valid ng-valid-maxlength ng-dirty ng-valid-parse"]/div[@class="col-sm-12"]/div[@class="text-center"]/i[@class="fa fa-refresh fa-spin fa-3x fa-fw"][count(. | //i[@class = 'fa fa-refresh fa-spin fa-3x fa-fw']) = count(//i[@class = 'fa fa-refresh fa-spin fa-3x fa-fw'])]' is not present after '5' second(s)

2018-08-02 09:30:23 - [MESSAGE][PASSED] - Web element with id: 'Object Repository/Client Portal/Profile/icon_refresh' located by 'By.xpath: id("wrapper")/div[@class="content-page"]/div[@class="content"]/div[@class="ng-scope"]/div[@class="ng-scope"]/div[@class="row"]/form[@class="form-horizontal ng-valid ng-valid-maxlength ng-dirty ng-valid-parse"]/div[@class="col-sm-12"]/div[@class="text-center"]/i[@class="fa fa-refresh fa-spin fa-3x fa-fw"][count(. | //i[@class = 'fa fa-refresh fa-spin fa-3x fa-fw']) = count(//i[@class = 'fa fa-refresh fa-spin fa-3x fa-fw'])]' is not present after '5' second(s)

2018-08-02 09:30:23 - [TEST_STEP][PASSED] - Statement - For ([row = 0, row < rows_count, (row++)]): null

2018-08-02 09:30:23 - [TEST_STEP][PASSED] - Statement - Columns_row = rows_table.get(row).findElements(org.openqa.selenium.By.tagName("td")): null

2018-08-02 09:30:24 - [TEST_STEP][PASSED] - Statement - columns_count = Columns_row.size(): null

2018-08-02 09:30:24 - [TEST_STEP][PASSED] - Statement - For ([column = 0, column < columns_count, (column++)]): null

2018-08-02 09:30:24 - [TEST_STEP][PASSED] - Statement - celltext = Columns_row.get(column).getText(): null

2018-08-02 09:30:24 - [TEST_STEP][PASSED] - Statement - If (celltext == profileName): null

2018-08-02 09:30:24 - [TEST_STEP][PASSED] - Statement - celltext = Columns_row.get(column).getText(): null

2018-08-02 09:30:24 - [TEST_STEP][PASSED] - Statement - If (celltext == profileName): null

2018-08-02 09:30:24 - [TEST_STEP][PASSED] - Statement - celltext = Columns_row.get(column).getText(): null

2018-08-02 09:30:24 - [TEST_STEP][PASSED] - Statement - If (celltext == profileName): null

2018-08-02 09:30:24 - [TEST_STEP][PASSED] - Statement - celltext = Columns_row.get(column).getText(): null

2018-08-02 09:30:24 - [TEST_STEP][PASSED] - Statement - If (celltext == profileName): null

2018-08-02 09:30:24 - [TEST_STEP][PASSED] - click: Object: 'Object Repository/Client Portal/Profile/button_Next' is clicked on

2018-08-02 09:30:24 - [MESSAGE][PASSED] - Object: 'Object Repository/Client Portal/Profile/button_Next' is clicked on

2018-08-02 09:30:24 - [TEST_STEP][PASSED] - verifyElementNotPresent: Web element with id: 'Object Repository/Client Portal/Profile/icon_refresh' located by 'By.xpath: id("wrapper")/div[@class="content-page"]/div[@class="content"]/div[@class="ng-scope"]/div[@class="ng-scope"]/div[@class="row"]/form[@class="form-horizontal ng-valid ng-valid-maxlength ng-dirty ng-valid-parse"]/div[@class="col-sm-12"]/div[@class="text-center"]/i[@class="fa fa-refresh fa-spin fa-3x fa-fw"][count(. | //i[@class = 'fa fa-refresh fa-spin fa-3x fa-fw']) = count(//i[@class = 'fa fa-refresh fa-spin fa-3x fa-fw'])]' is not present after '5' second(s)

2018-08-02 09:30:24 - [MESSAGE][PASSED] - Web element with id: 'Object Repository/Client Portal/Profile/icon_refresh' located by 'By.xpath: id("wrapper")/div[@class="content-page"]/div[@class="content"]/div[@class="ng-scope"]/div[@class="ng-scope"]/div[@class="row"]/form[@class="form-horizontal ng-valid ng-valid-maxlength ng-dirty ng-valid-parse"]/div[@class="col-sm-12"]/div[@class="text-center"]/i[@class="fa fa-refresh fa-spin fa-3x fa-fw"][count(. | //i[@class = 'fa fa-refresh fa-spin fa-3x fa-fw']) = count(//i[@class = 'fa fa-refresh fa-spin fa-3x fa-fw'])]' is not present after '5' second(s)

2018-08-02 09:30:24 - [TEST_STEP][PASSED] - Statement - For ([row = 0, row < rows_count, (row++)]): null

2018-08-02 09:30:24 - [TEST_STEP][PASSED] - Statement - Columns_row = rows_table.get(row).findElements(org.openqa.selenium.By.tagName("td")): null

2018-08-02 09:30:24 - [TEST_STEP][PASSED] - Statement - columns_count = Columns_row.size(): null

2018-08-02 09:30:24 - [TEST_STEP][PASSED] - Statement - For ([column = 0, column < columns_count, (column++)]): null

2018-08-02 09:30:24 - [TEST_STEP][PASSED] - Statement - celltext = Columns_row.get(column).getText(): null

2018-08-02 09:30:24 - [TEST_STEP][PASSED] - Statement - If (celltext == profileName): null

2018-08-02 09:30:24 - [TEST_STEP][PASSED] - Statement - celltext = Columns_row.get(column).getText(): null

2018-08-02 09:30:24 - [TEST_STEP][PASSED] - Statement - If (celltext == profileName): null

2018-08-02 09:30:24 - [TEST_STEP][PASSED] - Statement - celltext = Columns_row.get(column).getText(): null

2018-08-02 09:30:24 - [TEST_STEP][PASSED] - Statement - If (celltext == profileName): null

2018-08-02 09:30:24 - [TEST_STEP][PASSED] - Statement - celltext = Columns_row.get(column).getText(): null

2018-08-02 09:30:24 - [TEST_STEP][PASSED] - Statement - If (celltext == profileName): null

2018-08-02 09:30:24 - [TEST_STEP][PASSED] - click: Object: 'Object Repository/Client Portal/Profile/button_Next' is clicked on

2018-08-02 09:30:24 - [MESSAGE][PASSED] - Object: 'Object Repository/Client Portal/Profile/button_Next' is clicked on

2018-08-02 09:30:24 - [TEST_STEP][PASSED] - verifyElementNotPresent: Web element with id: 'Object Repository/Client Portal/Profile/icon_refresh' located by 'By.xpath: id("wrapper")/div[@class="content-page"]/div[@class="content"]/div[@class="ng-scope"]/div[@class="ng-scope"]/div[@class="row"]/form[@class="form-horizontal ng-valid ng-valid-maxlength ng-dirty ng-valid-parse"]/div[@class="col-sm-12"]/div[@class="text-center"]/i[@class="fa fa-refresh fa-spin fa-3x fa-fw"][count(. | //i[@class = 'fa fa-refresh fa-spin fa-3x fa-fw']) = count(//i[@class = 'fa fa-refresh fa-spin fa-3x fa-fw'])]' is not present after '5' second(s)

2018-08-02 09:30:24 - [MESSAGE][PASSED] - Web element with id: 'Object Repository/Client Portal/Profile/icon_refresh' located by 'By.xpath: id("wrapper")/div[@class="content-page"]/div[@class="content"]/div[@class="ng-scope"]/div[@class="ng-scope"]/div[@class="row"]/form[@class="form-horizontal ng-valid ng-valid-maxlength ng-dirty ng-valid-parse"]/div[@class="col-sm-12"]/div[@class="text-center"]/i[@class="fa fa-refresh fa-spin fa-3x fa-fw"][count(. | //i[@class = 'fa fa-refresh fa-spin fa-3x fa-fw']) = count(//i[@class = 'fa fa-refresh fa-spin fa-3x fa-fw'])]' is not present after '5' second(s)

2018-08-02 09:30:24 - [TEST_STEP][PASSED] - Statement - For ([row = 0, row < rows_count, (row++)]): null

2018-08-02 09:30:24 - [TEST_STEP][PASSED] - Statement - Columns_row = rows_table.get(row).findElements(org.openqa.selenium.By.tagName("td")): null

2018-08-02 09:30:24 - [TEST_STEP][PASSED] - Statement - columns_count = Columns_row.size(): null

2018-08-02 09:30:24 - [TEST_STEP][PASSED] - Statement - For ([column = 0, column < columns_count, (column++)]): null

2018-08-02 09:30:24 - [TEST_STEP][PASSED] - Statement - celltext = Columns_row.get(column).getText(): null

2018-08-02 09:30:24 - [TEST_STEP][PASSED] - Statement - If (celltext == profileName): null

2018-08-02 09:30:24 - [TEST_STEP][PASSED] - Statement - celltext = Columns_row.get(column).getText(): null

2018-08-02 09:30:24 - [TEST_STEP][PASSED] - Statement - If (celltext == profileName): null

2018-08-02 09:30:24 - [TEST_STEP][PASSED] - Statement - celltext = Columns_row.get(column).getText(): null

2018-08-02 09:30:24 - [TEST_STEP][PASSED] - Statement - If (celltext == profileName): null

2018-08-02 09:30:24 - [TEST_STEP][PASSED] - Statement - celltext = Columns_row.get(column).getText(): null

2018-08-02 09:30:24 - [TEST_STEP][PASSED] - Statement - If (celltext == profileName): null

2018-08-02 09:30:24 - [TEST_STEP][PASSED] - click: Object: 'Object Repository/Client Portal/Profile/button_Next' is clicked on

2018-08-02 09:30:24 - [MESSAGE][PASSED] - Object: 'Object Repository/Client Portal/Profile/button_Next' is clicked on

2018-08-02 09:30:24 - [TEST_STEP][PASSED] - verifyElementNotPresent: Web element with id: 'Object Repository/Client Portal/Profile/icon_refresh' located by 'By.xpath: id("wrapper")/div[@class="content-page"]/div[@class="content"]/div[@class="ng-scope"]/div[@class="ng-scope"]/div[@class="row"]/form[@class="form-horizontal ng-valid ng-valid-maxlength ng-dirty ng-valid-parse"]/div[@class="col-sm-12"]/div[@class="text-center"]/i[@class="fa fa-refresh fa-spin fa-3x fa-fw"][count(. | //i[@class = 'fa fa-refresh fa-spin fa-3x fa-fw']) = count(//i[@class = 'fa fa-refresh fa-spin fa-3x fa-fw'])]' is not present after '5' second(s)

2018-08-02 09:30:24 - [MESSAGE][PASSED] - Web element with id: 'Object Repository/Client Portal/Profile/icon_refresh' located by 'By.xpath: id("wrapper")/div[@class="content-page"]/div[@class="content"]/div[@class="ng-scope"]/div[@class="ng-scope"]/div[@class="row"]/form[@class="form-horizontal ng-valid ng-valid-maxlength ng-dirty ng-valid-parse"]/div[@class="col-sm-12"]/div[@class="text-center"]/i[@class="fa fa-refresh fa-spin fa-3x fa-fw"][count(. | //i[@class = 'fa fa-refresh fa-spin fa-3x fa-fw']) = count(//i[@class = 'fa fa-refresh fa-spin fa-3x fa-fw'])]' is not present after '5' second(s)

2018-08-02 09:30:24 - [TEST_STEP][PASSED] - Statement - For ([row = 0, row < rows_count, (row++)]): null

2018-08-02 09:30:24 - [TEST_STEP][PASSED] - Statement - Columns_row = rows_table.get(row).findElements(org.openqa.selenium.By.tagName("td")): null

2018-08-02 09:30:24 - [TEST_STEP][PASSED] - Statement - columns_count = Columns_row.size(): null

2018-08-02 09:30:24 - [TEST_STEP][PASSED] - Statement - For ([column = 0, column < columns_count, (column++)]): null

2018-08-02 09:30:24 - [TEST_STEP][PASSED] - Statement - celltext = Columns_row.get(column).getText(): null

2018-08-02 09:30:24 - [TEST_STEP][PASSED] - Statement - If (celltext == profileName): null

2018-08-02 09:30:24 - [TEST_STEP][PASSED] - Statement - celltext = Columns_row.get(column).getText(): null

2018-08-02 09:30:24 - [TEST_STEP][PASSED] - Statement - If (celltext == profileName): null

2018-08-02 09:30:24 - [TEST_STEP][PASSED] - Statement - celltext = Columns_row.get(column).getText(): null

2018-08-02 09:30:24 - [TEST_STEP][PASSED] - Statement - If (celltext == profileName): null

2018-08-02 09:30:24 - [TEST_STEP][PASSED] - Statement - celltext = Columns_row.get(column).getText(): null

2018-08-02 09:30:24 - [TEST_STEP][PASSED] - Statement - If (celltext == profileName): null

2018-08-02 09:30:24 - [TEST_STEP][PASSED] - click: Object: 'Object Repository/Client Portal/Profile/button_Next' is clicked on

2018-08-02 09:30:24 - [MESSAGE][PASSED] - Object: 'Object Repository/Client Portal/Profile/button_Next' is clicked on

2018-08-02 09:30:24 - [TEST_STEP][PASSED] - verifyElementNotPresent: Web element with id: 'Object Repository/Client Portal/Profile/icon_refresh' located by 'By.xpath: id("wrapper")/div[@class="content-page"]/div[@class="content"]/div[@class="ng-scope"]/div[@class="ng-scope"]/div[@class="row"]/form[@class="form-horizontal ng-valid ng-valid-maxlength ng-dirty ng-valid-parse"]/div[@class="col-sm-12"]/div[@class="text-center"]/i[@class="fa fa-refresh fa-spin fa-3x fa-fw"][count(. | //i[@class = 'fa fa-refresh fa-spin fa-3x fa-fw']) = count(//i[@class = 'fa fa-refresh fa-spin fa-3x fa-fw'])]' is not present after '5' second(s)

2018-08-02 09:30:24 - [MESSAGE][PASSED] - Web element with id: 'Object Repository/Client Portal/Profile/icon_refresh' located by 'By.xpath: id("wrapper")/div[@class="content-page"]/div[@class="content"]/div[@class="ng-scope"]/div[@class="ng-scope"]/div[@class="row"]/form[@class="form-horizontal ng-valid ng-valid-maxlength ng-dirty ng-valid-parse"]/div[@class="col-sm-12"]/div[@class="text-center"]/i[@class="fa fa-refresh fa-spin fa-3x fa-fw"][count(. | //i[@class = 'fa fa-refresh fa-spin fa-3x fa-fw']) = count(//i[@class = 'fa fa-refresh fa-spin fa-3x fa-fw'])]' is not present after '5' second(s)

2018-08-02 09:30:24 - [TEST_STEP][PASSED] - Statement - For ([row = 0, row < rows_count, (row++)]): null

2018-08-02 09:30:24 - [TEST_STEP][PASSED] - Statement - Columns_row = rows_table.get(row).findElements(org.openqa.selenium.By.tagName("td")): null

2018-08-02 09:30:24 - [TEST_STEP][PASSED] - Statement - columns_count = Columns_row.size(): null

2018-08-02 09:30:24 - [TEST_STEP][PASSED] - Statement - For ([column = 0, column < columns_count, (column++)]): null

2018-08-02 09:30:24 - [TEST_STEP][PASSED] - Statement - celltext = Columns_row.get(column).getText(): null

2018-08-02 09:30:24 - [TEST_STEP][PASSED] - Statement - If (celltext == profileName): null

2018-08-02 09:30:24 - [TEST_STEP][PASSED] - Statement - celltext = Columns_row.get(column).getText(): null

2018-08-02 09:30:24 - [TEST_STEP][PASSED] - Statement - If (celltext == profileName): null

2018-08-02 09:30:24 - [TEST_STEP][PASSED] - Statement - celltext = Columns_row.get(column).getText(): null

2018-08-02 09:30:24 - [TEST_STEP][PASSED] - Statement - If (celltext == profileName): null

2018-08-02 09:30:24 - [TEST_STEP][PASSED] - Statement - celltext = Columns_row.get(column).getText(): null

2018-08-02 09:30:24 - [TEST_STEP][PASSED] - Statement - If (celltext == profileName): null

2018-08-02 09:30:24 - [TEST_STEP][PASSED] - click: Object: 'Object Repository/Client Portal/Profile/button_Next' is clicked on

2018-08-02 09:30:24 - [MESSAGE][PASSED] - Object: 'Object Repository/Client Portal/Profile/button_Next' is clicked on

2018-08-02 09:30:24 - [TEST_STEP][PASSED] - verifyElementNotPresent: Web element with id: 'Object Repository/Client Portal/Profile/icon_refresh' located by 'By.xpath: id("wrapper")/div[@class="content-page"]/div[@class="content"]/div[@class="ng-scope"]/div[@class="ng-scope"]/div[@class="row"]/form[@class="form-horizontal ng-valid ng-valid-maxlength ng-dirty ng-valid-parse"]/div[@class="col-sm-12"]/div[@class="text-center"]/i[@class="fa fa-refresh fa-spin fa-3x fa-fw"][count(. | //i[@class = 'fa fa-refresh fa-spin fa-3x fa-fw']) = count(//i[@class = 'fa fa-refresh fa-spin fa-3x fa-fw'])]' is not present after '5' second(s)

2018-08-02 09:30:24 - [MESSAGE][PASSED] - Web element with id: 'Object Repository/Client Portal/Profile/icon_refresh' located by 'By.xpath: id("wrapper")/div[@class="content-page"]/div[@class="content"]/div[@class="ng-scope"]/div[@class="ng-scope"]/div[@class="row"]/form[@class="form-horizontal ng-valid ng-valid-maxlength ng-dirty ng-valid-parse"]/div[@class="col-sm-12"]/div[@class="text-center"]/i[@class="fa fa-refresh fa-spin fa-3x fa-fw"][count(. | //i[@class = 'fa fa-refresh fa-spin fa-3x fa-fw']) = count(//i[@class = 'fa fa-refresh fa-spin fa-3x fa-fw'])]' is not present after '5' second(s)

2018-08-02 09:30:24 - [TEST_STEP][PASSED] - Statement - For ([row = 0, row < rows_count, (row++)]): null

2018-08-02 09:30:24 - [TEST_STEP][PASSED] - Statement - Columns_row = rows_table.get(row).findElements(org.openqa.selenium.By.tagName("td")): null

2018-08-02 09:30:24 - [TEST_STEP][PASSED] - Statement - columns_count = Columns_row.size(): null

2018-08-02 09:30:24 - [TEST_STEP][PASSED] - Statement - For ([column = 0, column < columns_count, (column++)]): null

2018-08-02 09:30:24 - [TEST_STEP][PASSED] - Statement - celltext = Columns_row.get(column).getText(): null

2018-08-02 09:30:24 - [TEST_STEP][PASSED] - Statement - If (celltext == profileName): null

2018-08-02 09:30:24 - [TEST_STEP][PASSED] - Statement - celltext = Columns_row.get(column).getText(): null

2018-08-02 09:30:24 - [TEST_STEP][PASSED] - Statement - If (celltext == profileName): null

2018-08-02 09:30:24 - [TEST_STEP][PASSED] - Statement - celltext = Columns_row.get(column).getText(): null

2018-08-02 09:30:24 - [TEST_STEP][PASSED] - Statement - If (celltext == profileName): null

2018-08-02 09:30:24 - [TEST_STEP][PASSED] - Statement - celltext = Columns_row.get(column).getText(): null

2018-08-02 09:30:24 - [TEST_STEP][PASSED] - Statement - If (celltext == profileName): null

2018-08-02 09:30:24 - [TEST_STEP][PASSED] - click: Object: 'Object Repository/Client Portal/Profile/button_Next' is clicked on

2018-08-02 09:30:24 - [MESSAGE][PASSED] - Object: 'Object Repository/Client Portal/Profile/button_Next' is clicked on

2018-08-02 09:30:24 - [TEST_STEP][PASSED] - verifyElementNotPresent: Web element with id: 'Object Repository/Client Portal/Profile/icon_refresh' located by 'By.xpath: id("wrapper")/div[@class="content-page"]/div[@class="content"]/div[@class="ng-scope"]/div[@class="ng-scope"]/div[@class="row"]/form[@class="form-horizontal ng-valid ng-valid-maxlength ng-dirty ng-valid-parse"]/div[@class="col-sm-12"]/div[@class="text-center"]/i[@class="fa fa-refresh fa-spin fa-3x fa-fw"][count(. | //i[@class = 'fa fa-refresh fa-spin fa-3x fa-fw']) = count(//i[@class = 'fa fa-refresh fa-spin fa-3x fa-fw'])]' is not present after '5' second(s)

2018-08-02 09:30:24 - [MESSAGE][PASSED] - Web element with id: 'Object Repository/Client Portal/Profile/icon_refresh' located by 'By.xpath: id("wrapper")/div[@class="content-page"]/div[@class="content"]/div[@class="ng-scope"]/div[@class="ng-scope"]/div[@class="row"]/form[@class="form-horizontal ng-valid ng-valid-maxlength ng-dirty ng-valid-parse"]/div[@class="col-sm-12"]/div[@class="text-center"]/i[@class="fa fa-refresh fa-spin fa-3x fa-fw"][count(. | //i[@class = 'fa fa-refresh fa-spin fa-3x fa-fw']) = count(//i[@class = 'fa fa-refresh fa-spin fa-3x fa-fw'])]' is not present after '5' second(s)

2018-08-02 09:30:24 - [TEST_STEP][PASSED] - Statement - For ([row = 0, row < rows_count, (row++)]): null

2018-08-02 09:30:24 - [TEST_STEP][PASSED] - Statement - Columns_row = rows_table.get(row).findElements(org.openqa.selenium.By.tagName("td")): null

2018-08-02 09:30:24 - [TEST_STEP][PASSED] - Statement - columns_count = Columns_row.size(): null

2018-08-02 09:30:24 - [TEST_STEP][PASSED] - Statement - For ([column = 0, column < columns_count, (column++)]): null

2018-08-02 09:30:24 - [TEST_STEP][PASSED] - Statement - celltext = Columns_row.get(column).getText(): null

2018-08-02 09:30:24 - [TEST_STEP][PASSED] - Statement - If (celltext == profileName): null

2018-08-02 09:30:24 - [TEST_STEP][PASSED] - Statement - celltext = Columns_row.get(column).getText(): null

2018-08-02 09:30:24 - [TEST_STEP][PASSED] - Statement - If (celltext == profileName): null

2018-08-02 09:30:24 - [TEST_STEP][PASSED] - Statement - celltext = Columns_row.get(column).getText(): null

2018-08-02 09:30:24 - [TEST_STEP][PASSED] - Statement - If (celltext == profileName): null

2018-08-02 09:30:24 - [TEST_STEP][PASSED] - Statement - celltext = Columns_row.get(column).getText(): null

2018-08-02 09:30:24 - [TEST_STEP][PASSED] - Statement - If (celltext == profileName): null

2018-08-02 09:30:24 - [TEST_STEP][PASSED] - click: Object: 'Object Repository/Client Portal/Profile/button_Next' is clicked on

2018-08-02 09:30:24 - [MESSAGE][PASSED] - Object: 'Object Repository/Client Portal/Profile/button_Next' is clicked on

2018-08-02 09:30:24 - [TEST_STEP][PASSED] - verifyElementNotPresent: Web element with id: 'Object Repository/Client Portal/Profile/icon_refresh' located by 'By.xpath: id("wrapper")/div[@class="content-page"]/div[@class="content"]/div[@class="ng-scope"]/div[@class="ng-scope"]/div[@class="row"]/form[@class="form-horizontal ng-valid ng-valid-maxlength ng-dirty ng-valid-parse"]/div[@class="col-sm-12"]/div[@class="text-center"]/i[@class="fa fa-refresh fa-spin fa-3x fa-fw"][count(. | //i[@class = 'fa fa-refresh fa-spin fa-3x fa-fw']) = count(//i[@class = 'fa fa-refresh fa-spin fa-3x fa-fw'])]' is not present after '5' second(s)

2018-08-02 09:30:24 - [MESSAGE][PASSED] - Web element with id: 'Object Repository/Client Portal/Profile/icon_refresh' located by 'By.xpath: id("wrapper")/div[@class="content-page"]/div[@class="content"]/div[@class="ng-scope"]/div[@class="ng-scope"]/div[@class="row"]/form[@class="form-horizontal ng-valid ng-valid-maxlength ng-dirty ng-valid-parse"]/div[@class="col-sm-12"]/div[@class="text-center"]/i[@class="fa fa-refresh fa-spin fa-3x fa-fw"][count(. | //i[@class = 'fa fa-refresh fa-spin fa-3x fa-fw']) = count(//i[@class = 'fa fa-refresh fa-spin fa-3x fa-fw'])]' is not present after '5' second(s)

2018-08-02 09:30:24 - [TEST_STEP][PASSED] - Statement - For ([row = 0, row < rows_count, (row++)]): null

2018-08-02 09:30:24 - [TEST_STEP][PASSED] - Statement - Columns_row = rows_table.get(row).findElements(org.openqa.selenium.By.tagName("td")): null

2018-08-02 09:30:24 - [TEST_STEP][PASSED] - Statement - columns_count = Columns_row.size(): null

2018-08-02 09:30:24 - [TEST_STEP][PASSED] - Statement - For ([column = 0, column < columns_count, (column++)]): null

2018-08-02 09:30:24 - [TEST_STEP][PASSED] - Statement - celltext = Columns_row.get(column).getText(): null

2018-08-02 09:30:24 - [TEST_STEP][PASSED] - Statement - If (celltext == profileName): null

2018-08-02 09:30:24 - [TEST_STEP][PASSED] - Statement - celltext = Columns_row.get(column).getText(): null

2018-08-02 09:30:24 - [TEST_STEP][PASSED] - Statement - If (celltext == profileName): null

2018-08-02 09:30:24 - [TEST_STEP][PASSED] - Statement - celltext = Columns_row.get(column).getText(): null

2018-08-02 09:30:24 - [TEST_STEP][PASSED] - Statement - If (celltext == profileName): null

2018-08-02 09:30:24 - [TEST_STEP][PASSED] - Statement - celltext = Columns_row.get(column).getText(): null

2018-08-02 09:30:24 - [TEST_STEP][PASSED] - Statement - If (celltext == profileName): null

2018-08-02 09:30:24 - [TEST_STEP][PASSED] - click: Object: 'Object Repository/Client Portal/Profile/button_Next' is clicked on

2018-08-02 09:30:24 - [MESSAGE][PASSED] - Object: 'Object Repository/Client Portal/Profile/button_Next' is clicked on

2018-08-02 09:30:24 - [TEST_STEP][PASSED] - verifyElementNotPresent: Web element with id: 'Object Repository/Client Portal/Profile/icon_refresh' located by 'By.xpath: id("wrapper")/div[@class="content-page"]/div[@class="content"]/div[@class="ng-scope"]/div[@class="ng-scope"]/div[@class="row"]/form[@class="form-horizontal ng-valid ng-valid-maxlength ng-dirty ng-valid-parse"]/div[@class="col-sm-12"]/div[@class="text-center"]/i[@class="fa fa-refresh fa-spin fa-3x fa-fw"][count(. | //i[@class = 'fa fa-refresh fa-spin fa-3x fa-fw']) = count(//i[@class = 'fa fa-refresh fa-spin fa-3x fa-fw'])]' is not present after '5' second(s)

2018-08-02 09:30:24 - [MESSAGE][PASSED] - Web element with id: 'Object Repository/Client Portal/Profile/icon_refresh' located by 'By.xpath: id("wrapper")/div[@class="content-page"]/div[@class="content"]/div[@class="ng-scope"]/div[@class="ng-scope"]/div[@class="row"]/form[@class="form-horizontal ng-valid ng-valid-maxlength ng-dirty ng-valid-parse"]/div[@class="col-sm-12"]/div[@class="text-center"]/i[@class="fa fa-refresh fa-spin fa-3x fa-fw"][count(. | //i[@class = 'fa fa-refresh fa-spin fa-3x fa-fw']) = count(//i[@class = 'fa fa-refresh fa-spin fa-3x fa-fw'])]' is not present after '5' second(s)

2018-08-02 09:30:24 - [TEST_STEP][PASSED] - Statement - For ([row = 0, row < rows_count, (row++)]): null

2018-08-02 09:30:24 - [TEST_STEP][PASSED] - Statement - Columns_row = rows_table.get(row).findElements(org.openqa.selenium.By.tagName("td")): null

2018-08-02 09:30:24 - [TEST_STEP][PASSED] - Statement - columns_count = Columns_row.size(): null

2018-08-02 09:30:24 - [TEST_STEP][PASSED] - Statement - For ([column = 0, column < columns_count, (column++)]): null

2018-08-02 09:30:24 - [TEST_STEP][PASSED] - Statement - celltext = Columns_row.get(column).getText(): null

2018-08-02 09:30:24 - [TEST_STEP][PASSED] - Statement - If (celltext == profileName): null

2018-08-02 09:30:24 - [TEST_STEP][PASSED] - Statement - celltext = Columns_row.get(column).getText(): null

2018-08-02 09:30:24 - [TEST_STEP][PASSED] - Statement - If (celltext == profileName): null

2018-08-02 09:30:24 - [TEST_STEP][PASSED] - Statement - celltext = Columns_row.get(column).getText(): null

2018-08-02 09:30:24 - [TEST_STEP][PASSED] - Statement - If (celltext == profileName): null

2018-08-02 09:30:24 - [TEST_STEP][PASSED] - Statement - celltext = Columns_row.get(column).getText(): null

2018-08-02 09:30:24 - [TEST_STEP][PASSED] - Statement - If (celltext == profileName): null

2018-08-02 09:30:24 - [TEST_STEP][PASSED] - click: Object: 'Object Repository/Client Portal/Profile/button_Next' is clicked on

2018-08-02 09:30:24 - [MESSAGE][PASSED] - Object: 'Object Repository/Client Portal/Profile/button_Next' is clicked on

2018-08-02 09:30:24 - [TEST_STEP][PASSED] - verifyElementNotPresent: Web element with id: 'Object Repository/Client Portal/Profile/icon_refresh' located by 'By.xpath: id("wrapper")/div[@class="content-page"]/div[@class="content"]/div[@class="ng-scope"]/div[@class="ng-scope"]/div[@class="row"]/form[@class="form-horizontal ng-valid ng-valid-maxlength ng-dirty ng-valid-parse"]/div[@class="col-sm-12"]/div[@class="text-center"]/i[@class="fa fa-refresh fa-spin fa-3x fa-fw"][count(. | //i[@class = 'fa fa-refresh fa-spin fa-3x fa-fw']) = count(//i[@class = 'fa fa-refresh fa-spin fa-3x fa-fw'])]' is not present after '5' second(s)

2018-08-02 09:30:24 - [MESSAGE][PASSED] - Web element with id: 'Object Repository/Client Portal/Profile/icon_refresh' located by 'By.xpath: id("wrapper")/div[@class="content-page"]/div[@class="content"]/div[@class="ng-scope"]/div[@class="ng-scope"]/div[@class="row"]/form[@class="form-horizontal ng-valid ng-valid-maxlength ng-dirty ng-valid-parse"]/div[@class="col-sm-12"]/div[@class="text-center"]/i[@class="fa fa-refresh fa-spin fa-3x fa-fw"][count(. | //i[@class = 'fa fa-refresh fa-spin fa-3x fa-fw']) = count(//i[@class = 'fa fa-refresh fa-spin fa-3x fa-fw'])]' is not present after '5' second(s)

2018-08-02 09:30:24 - [MESSAGE][PASSED] - Call Test Case 'Test Cases/Client Portal/Profile/Sub Test Case/search profile' successfully

2018-08-02 09:30:24 - [TEST_STEP][PASSED] - Statement - randomWords = CustomKeywords.randomWords.GenerateAction.randomString(5): randomWords.GenerateAction.randomString is PASSED

2018-08-02 09:30:24 - [MESSAGE][PASSED] - randomWords.GenerateAction.randomString is PASSED

2018-08-02 09:30:24 - [TEST_STEP][PASSED] - Statement - newprofileName = newprofileName + randomWords: null

2018-08-02 09:30:24 - [TEST_STEP][FAILED] - callTestCase: Unable to call Test Case with id 'Test Cases/Client Portal/Profile/Sub Test Case/create profile' (Root cause: Call Test Case 'Test Cases/Client Portal/Profile/Sub Test Case/create profile' failed)

2018-08-02 09:30:25 - [TEST_CASE][FAILED] - Test Cases/Client Portal/Profile/Sub Test Case/create profile: Test Cases/Client Portal/Profile/Sub Test Case/create profile FAILED because (of) Unable to set text ' 3snjg' of object 'Object Repository/Client Portal/Profile/Create Profile/Fields and Actions/input_profile name' (Root cause: org.openqa.selenium.InvalidElementStateException: invalid element state: Element is not currently interactable and may not be manipulated
  (Session info: chrome=67.0.3396.99)
  (Driver info: chromedriver=2.35.528161 (5b82f2d2aae0ca24b877009200ced9065a772e73),platform=Windows NT 10.0.16299 x86_64) (WARNING: The server did not provide any stacktrace information)
Command duration or timeout: 0 milliseconds
Build info: version: '3.7.1', revision: '8a0099a', time: '2017-11-06T21:07:36.161Z'
System info: host: 'KAILOON0917', ip: '192.168.2.78', os.name: 'Windows 10', os.arch: 'amd64', os.version: '10.0', java.version: '1.8.0_102'
Driver info: com.kms.katalon.selenium.driver.CChromeDriver
Capabilities {acceptInsecureCerts: false, acceptSslCerts: false, applicationCacheEnabled: false, browserConnectionEnabled: false, browserName: chrome, chrome: {chromedriverVersion: 2.35.528161 (5b82f2d2aae0ca..., userDataDir: C:\Users\KL49E2~1.CHA\AppDa...}, cssSelectorsEnabled: true, databaseEnabled: false, handlesAlerts: true, hasTouchScreen: false, javascriptEnabled: true, locationContextEnabled: true, mobileEmulationEnabled: false, nativeEvents: true, networkConnectionEnabled: false, pageLoadStrategy: normal, platform: XP, platformName: XP, rotatable: false, setWindowRect: true, takesHeapSnapshot: true, takesScreenshot: true, unexpectedAlertBehaviour: , unhandledPromptBehavior: , version: 67.0.3396.99, webStorageEnabled: true}
Session ID: 11ee4f0480a1adcc9b95f5f1b49a9329)

2018-08-02 09:30:25 - [TEST_STEP][PASSED] - Statement - If (loginAction == false): null

2018-08-02 09:30:25 - [TEST_STEP][PASSED] - Statement - If (moduleAccess == false): null

2018-08-02 09:30:25 - [TEST_STEP][PASSED] - delay: Delayed 2 second(s)

2018-08-02 09:30:27 - [MESSAGE][PASSED] - Delayed 2 second(s)

2018-08-02 09:30:27 - [TEST_STEP][PASSED] - waitForElementPresent: Object 'Object Repository/Client Portal/Profile/Create Profile/label_Profile Name' is present

2018-08-02 09:30:27 - [MESSAGE][PASSED] - Object 'Object Repository/Client Portal/Profile/Create Profile/label_Profile Name' is present

2018-08-02 09:30:27 - [TEST_STEP][PASSED] - waitForElementVisible: Object 'Object Repository/Client Portal/Profile/Create Profile/label_Profile Name' is not visible after 2 second(s)

2018-08-02 09:30:29 - [MESSAGE][WARNING] - Object 'Object Repository/Client Portal/Profile/Create Profile/label_Profile Name' is not visible after 2 second(s)

2018-08-02 09:30:29 - [TEST_STEP][FAILED] - setText: Unable to set text ' 3snjg' of object 'Object Repository/Client Portal/Profile/Create Profile/Fields and Actions/input_profile name' (Root cause: org.openqa.selenium.InvalidElementStateException: invalid element state: Element is not currently interactable and may not be manipulated
  (Session info: chrome=67.0.3396.99)
  (Driver info: chromedriver=2.35.528161 (5b82f2d2aae0ca24b877009200ced9065a772e73),platform=Windows NT 10.0.16299 x86_64) (WARNING: The server did not provide any stacktrace information)
Command duration or timeout: 0 milliseconds
Build info: version: '3.7.1', revision: '8a0099a', time: '2017-11-06T21:07:36.161Z'
System info: host: 'KAILOON0917', ip: '192.168.2.78', os.name: 'Windows 10', os.arch: 'amd64', os.version: '10.0', java.version: '1.8.0_102'
Driver info: com.kms.katalon.selenium.driver.CChromeDriver
Capabilities {acceptInsecureCerts: false, acceptSslCerts: false, applicationCacheEnabled: false, browserConnectionEnabled: false, browserName: chrome, chrome: {chromedriverVersion: 2.35.528161 (5b82f2d2aae0ca..., userDataDir: C:\Users\KL49E2~1.CHA\AppDa...}, cssSelectorsEnabled: true, databaseEnabled: false, handlesAlerts: true, hasTouchScreen: false, javascriptEnabled: true, locationContextEnabled: true, mobileEmulationEnabled: false, nativeEvents: true, networkConnectionEnabled: false, pageLoadStrategy: normal, platform: XP, platformName: XP, rotatable: false, setWindowRect: true, takesHeapSnapshot: true, takesScreenshot: true, unexpectedAlertBehaviour: , unhandledPromptBehavior: , version: 67.0.3396.99, webStorageEnabled: true}
Session ID: 11ee4f0480a1adcc9b95f5f1b49a9329)

2018-08-02 09:30:29 - [MESSAGE][FAILED] - Unable to set text ' 3snjg' of object 'Object Repository/Client Portal/Profile/Create Profile/Fields and Actions/input_profile name' (Root cause: org.openqa.selenium.InvalidElementStateException: invalid element state: Element is not currently interactable and may not be manipulated
  (Session info: chrome=67.0.3396.99)
  (Driver info: chromedriver=2.35.528161 (5b82f2d2aae0ca24b877009200ced9065a772e73),platform=Windows NT 10.0.16299 x86_64) (WARNING: The server did not provide any stacktrace information)
Command duration or timeout: 0 milliseconds
Build info: version: '3.7.1', revision: '8a0099a', time: '2017-11-06T21:07:36.161Z'
System info: host: 'KAILOON0917', ip: '192.168.2.78', os.name: 'Windows 10', os.arch: 'amd64', os.version: '10.0', java.version: '1.8.0_102'
Driver info: com.kms.katalon.selenium.driver.CChromeDriver
Capabilities {acceptInsecureCerts: false, acceptSslCerts: false, applicationCacheEnabled: false, browserConnectionEnabled: false, browserName: chrome, chrome: {chromedriverVersion: 2.35.528161 (5b82f2d2aae0ca..., userDataDir: C:\Users\KL49E2~1.CHA\AppDa...}, cssSelectorsEnabled: true, databaseEnabled: false, handlesAlerts: true, hasTouchScreen: false, javascriptEnabled: true, locationContextEnabled: true, mobileEmulationEnabled: false, nativeEvents: true, networkConnectionEnabled: false, pageLoadStrategy: normal, platform: XP, platformName: XP, rotatable: false, setWindowRect: true, takesHeapSnapshot: true, takesScreenshot: true, unexpectedAlertBehaviour: , unhandledPromptBehavior: , version: 67.0.3396.99, webStorageEnabled: true}
Session ID: 11ee4f0480a1adcc9b95f5f1b49a9329)
[[ATTACHMENT|C:\\Users\\kl.chan\\Katalon Studio\\boldtag\\Reports\\Profile\\TS001 - Edit Profile with verification\\20180802_092928\\1533173429179.png]]

2018-08-02 09:30:29 - [MESSAGE][FAILED] - Unable to call Test Case with id 'Test Cases/Client Portal/Profile/Sub Test Case/create profile' (Root cause: Call Test Case 'Test Cases/Client Portal/Profile/Sub Test Case/create profile' failed)]]></system-out>
         <system-err><![CDATA[2018-08-02 09:30:19 - [TEST_CASE][FAILED] - Test Cases/Client Portal/Profile/TC002 - Edit Profile with verification: Test Cases/Client Portal/Profile/TC002 - Edit Profile with verification FAILED because (of) Unable to set text ' 3snjg' of object 'Object Repository/Client Portal/Profile/Create Profile/Fields and Actions/input_profile name' (Root cause: org.openqa.selenium.InvalidElementStateException: invalid element state: Element is not currently interactable and may not be manipulated
  (Session info: chrome=67.0.3396.99)
  (Driver info: chromedriver=2.35.528161 (5b82f2d2aae0ca24b877009200ced9065a772e73),platform=Windows NT 10.0.16299 x86_64) (WARNING: The server did not provide any stacktrace information)
Command duration or timeout: 0 milliseconds
Build info: version: '3.7.1', revision: '8a0099a', time: '2017-11-06T21:07:36.161Z'
System info: host: 'KAILOON0917', ip: '192.168.2.78', os.name: 'Windows 10', os.arch: 'amd64', os.version: '10.0', java.version: '1.8.0_102'
Driver info: com.kms.katalon.selenium.driver.CChromeDriver
Capabilities {acceptInsecureCerts: false, acceptSslCerts: false, applicationCacheEnabled: false, browserConnectionEnabled: false, browserName: chrome, chrome: {chromedriverVersion: 2.35.528161 (5b82f2d2aae0ca..., userDataDir: C:\Users\KL49E2~1.CHA\AppDa...}, cssSelectorsEnabled: true, databaseEnabled: false, handlesAlerts: true, hasTouchScreen: false, javascriptEnabled: true, locationContextEnabled: true, mobileEmulationEnabled: false, nativeEvents: true, networkConnectionEnabled: false, pageLoadStrategy: normal, platform: XP, platformName: XP, rotatable: false, setWindowRect: true, takesHeapSnapshot: true, takesScreenshot: true, unexpectedAlertBehaviour: , unhandledPromptBehavior: , version: 67.0.3396.99, webStorageEnabled: true}
Session ID: 11ee4f0480a1adcc9b95f5f1b49a9329)]]></system-err>
      </testcase>
      <testcase name="Test Cases/Client Portal/Profile/TC002 - Edit Profile with verification" classname="Test Cases/Client Portal/Profile/TC002 - Edit Profile with verification" status="ERROR">
         <error type="ERROR" message="Test Cases/Client Portal/Profile/TC002 - Edit Profile with verification FAILED because (of) java.lang.ArrayIndexOutOfBoundsException: 1"/>
         <system-out><![CDATA[2018-08-02 09:30:29 - [TEST_CASE][ERROR] - Test Cases/Client Portal/Profile/TC002 - Edit Profile with verification: Test Cases/Client Portal/Profile/TC002 - Edit Profile with verification FAILED because (of) java.lang.ArrayIndexOutOfBoundsException: 1

2018-08-02 09:30:29 - [TEST_STEP][FAILED] - callTestCase: Unable to call Test Case with id 'Test Cases/Client Portal/Profile/Sub Test Case/search profile' (Root cause: Call Test Case 'Test Cases/Client Portal/Profile/Sub Test Case/search profile' failed because of error(s))

2018-08-02 09:30:29 - [TEST_CASE][ERROR] - Test Cases/Client Portal/Profile/Sub Test Case/search profile: Test Cases/Client Portal/Profile/Sub Test Case/search profile FAILED because (of) java.lang.ArrayIndexOutOfBoundsException: 1

2018-08-02 09:30:29 - [TEST_STEP][PASSED] - Statement - If (loginAction == false): null

2018-08-02 09:30:29 - [TEST_STEP][PASSED] - Statement - If (moduleAccess == false): null

2018-08-02 09:30:29 - [TEST_STEP][PASSED] - Statement - If (filterSearch.toLowerCase() == "true"): null

2018-08-02 09:30:29 - [TEST_STEP][PASSED] - Statement - Else: Delayed 2 second(s)

2018-08-02 09:30:29 - [TEST_STEP][PASSED] - delay: Delayed 2 second(s)

2018-08-02 09:30:31 - [MESSAGE][PASSED] - Delayed 2 second(s)

2018-08-02 09:30:31 - [TEST_STEP][PASSED] - Statement - verifyRecord = true: null

2018-08-02 09:30:31 - [TEST_STEP][PASSED] - Statement - If (com.kms.katalon.core.webui.keyword.WebUiBuiltInKeywords.waitForElementVisible(com.kms.katalon.core.testobject.ObjectRepository.findTestObject(Client Portal/a.Common/popout_msg), 2)): Object 'Object Repository/Client Portal/a.Common/popout_msg' is not visible after 2 second(s)

2018-08-02 09:30:33 - [MESSAGE][WARNING] - Object 'Object Repository/Client Portal/a.Common/popout_msg' is not visible after 2 second(s)

2018-08-02 09:30:33 - [TEST_STEP][PASSED] - Statement - If (verifyRecord == true): null

2018-08-02 09:30:33 - [TEST_STEP][PASSED] - Statement - numPagesMsg = com.kms.katalon.core.webui.keyword.WebUiBuiltInKeywords.getText(com.kms.katalon.core.testobject.ObjectRepository.findTestObject(Client Portal/Profile/totalRecords)): Text of object 'Object Repository/Client Portal/Profile/totalRecords' is: ''

2018-08-02 09:30:33 - [MESSAGE][PASSED] - Text of object 'Object Repository/Client Portal/Profile/totalRecords' is: ''

2018-08-02 09:30:33 - [TEST_STEP][PASSED] - Statement - splitMsg = numPagesMsg.split("of"): null

2018-08-02 09:30:33 - [TEST_STEP][PASSED] - Statement - splitMsg2 = splitMsg[1].split("entries"): null

2018-08-02 09:30:33 - [MESSAGE][FAILED] - Unable to call Test Case with id 'Test Cases/Client Portal/Profile/Sub Test Case/search profile' (Root cause: Call Test Case 'Test Cases/Client Portal/Profile/Sub Test Case/search profile' failed because of error(s))]]></system-out>
         <system-err><![CDATA[2018-08-02 09:30:29 - [TEST_CASE][ERROR] - Test Cases/Client Portal/Profile/TC002 - Edit Profile with verification: Test Cases/Client Portal/Profile/TC002 - Edit Profile with verification FAILED because (of) java.lang.ArrayIndexOutOfBoundsException: 1]]></system-err>
      </testcase>
      <testcase name="Test Cases/Client Portal/Profile/TC002 - Edit Profile with verification" classname="Test Cases/Client Portal/Profile/TC002 - Edit Profile with verification" status="FAILED">
         <failure type="FAILED" message="Unable to set text 'Alan Chan Kai Loon' of object 'Object Repository/Client Portal/Profile/search_profileName' (Root cause: org.openqa.selenium.InvalidElementStateException: invalid element state: Element is not currently interactable and may not be manipulated
  (Session info: chrome=67.0.3396.99)
  (Driver info: chromedriver=2.35.528161 (5b82f2d2aae0ca24b877009200ced9065a772e73),platform=Windows NT 10.0.16299 x86_64) (WARNING: The server did not provide any stacktrace information)
Command duration or timeout: 0 milliseconds
Build info: version: '3.7.1', revision: '8a0099a', time: '2017-11-06T21:07:36.161Z'
System info: host: 'KAILOON0917', ip: '192.168.2.78', os.name: 'Windows 10', os.arch: 'amd64', os.version: '10.0', java.version: '1.8.0_102'
Driver info: com.kms.katalon.selenium.driver.CChromeDriver
Capabilities {acceptInsecureCerts: false, acceptSslCerts: false, applicationCacheEnabled: false, browserConnectionEnabled: false, browserName: chrome, chrome: {chromedriverVersion: 2.35.528161 (5b82f2d2aae0ca..., userDataDir: C:\Users\KL49E2~1.CHA\AppDa...}, cssSelectorsEnabled: true, databaseEnabled: false, handlesAlerts: true, hasTouchScreen: false, javascriptEnabled: true, locationContextEnabled: true, mobileEmulationEnabled: false, nativeEvents: true, networkConnectionEnabled: false, pageLoadStrategy: normal, platform: XP, platformName: XP, rotatable: false, setWindowRect: true, takesHeapSnapshot: true, takesScreenshot: true, unexpectedAlertBehaviour: , unhandledPromptBehavior: , version: 67.0.3396.99, webStorageEnabled: true}
Session ID: 11ee4f0480a1adcc9b95f5f1b49a9329)"/>
         <system-out><![CDATA[2018-08-02 09:30:33 - [TEST_CASE][FAILED] - Test Cases/Client Portal/Profile/TC002 - Edit Profile with verification: Test Cases/Client Portal/Profile/TC002 - Edit Profile with verification FAILED because (of) Unable to set text 'Alan Chan Kai Loon' of object 'Object Repository/Client Portal/Profile/search_profileName' (Root cause: org.openqa.selenium.InvalidElementStateException: invalid element state: Element is not currently interactable and may not be manipulated
  (Session info: chrome=67.0.3396.99)
  (Driver info: chromedriver=2.35.528161 (5b82f2d2aae0ca24b877009200ced9065a772e73),platform=Windows NT 10.0.16299 x86_64) (WARNING: The server did not provide any stacktrace information)
Command duration or timeout: 0 milliseconds
Build info: version: '3.7.1', revision: '8a0099a', time: '2017-11-06T21:07:36.161Z'
System info: host: 'KAILOON0917', ip: '192.168.2.78', os.name: 'Windows 10', os.arch: 'amd64', os.version: '10.0', java.version: '1.8.0_102'
Driver info: com.kms.katalon.selenium.driver.CChromeDriver
Capabilities {acceptInsecureCerts: false, acceptSslCerts: false, applicationCacheEnabled: false, browserConnectionEnabled: false, browserName: chrome, chrome: {chromedriverVersion: 2.35.528161 (5b82f2d2aae0ca..., userDataDir: C:\Users\KL49E2~1.CHA\AppDa...}, cssSelectorsEnabled: true, databaseEnabled: false, handlesAlerts: true, hasTouchScreen: false, javascriptEnabled: true, locationContextEnabled: true, mobileEmulationEnabled: false, nativeEvents: true, networkConnectionEnabled: false, pageLoadStrategy: normal, platform: XP, platformName: XP, rotatable: false, setWindowRect: true, takesHeapSnapshot: true, takesScreenshot: true, unexpectedAlertBehaviour: , unhandledPromptBehavior: , version: 67.0.3396.99, webStorageEnabled: true}
Session ID: 11ee4f0480a1adcc9b95f5f1b49a9329)

2018-08-02 09:30:33 - [TEST_STEP][FAILED] - callTestCase: Unable to call Test Case with id 'Test Cases/Client Portal/Profile/Sub Test Case/search profile' (Root cause: Call Test Case 'Test Cases/Client Portal/Profile/Sub Test Case/search profile' failed)

2018-08-02 09:30:33 - [TEST_CASE][FAILED] - Test Cases/Client Portal/Profile/Sub Test Case/search profile: Test Cases/Client Portal/Profile/Sub Test Case/search profile FAILED because (of) Unable to set text 'Alan Chan Kai Loon' of object 'Object Repository/Client Portal/Profile/search_profileName' (Root cause: org.openqa.selenium.InvalidElementStateException: invalid element state: Element is not currently interactable and may not be manipulated
  (Session info: chrome=67.0.3396.99)
  (Driver info: chromedriver=2.35.528161 (5b82f2d2aae0ca24b877009200ced9065a772e73),platform=Windows NT 10.0.16299 x86_64) (WARNING: The server did not provide any stacktrace information)
Command duration or timeout: 0 milliseconds
Build info: version: '3.7.1', revision: '8a0099a', time: '2017-11-06T21:07:36.161Z'
System info: host: 'KAILOON0917', ip: '192.168.2.78', os.name: 'Windows 10', os.arch: 'amd64', os.version: '10.0', java.version: '1.8.0_102'
Driver info: com.kms.katalon.selenium.driver.CChromeDriver
Capabilities {acceptInsecureCerts: false, acceptSslCerts: false, applicationCacheEnabled: false, browserConnectionEnabled: false, browserName: chrome, chrome: {chromedriverVersion: 2.35.528161 (5b82f2d2aae0ca..., userDataDir: C:\Users\KL49E2~1.CHA\AppDa...}, cssSelectorsEnabled: true, databaseEnabled: false, handlesAlerts: true, hasTouchScreen: false, javascriptEnabled: true, locationContextEnabled: true, mobileEmulationEnabled: false, nativeEvents: true, networkConnectionEnabled: false, pageLoadStrategy: normal, platform: XP, platformName: XP, rotatable: false, setWindowRect: true, takesHeapSnapshot: true, takesScreenshot: true, unexpectedAlertBehaviour: , unhandledPromptBehavior: , version: 67.0.3396.99, webStorageEnabled: true}
Session ID: 11ee4f0480a1adcc9b95f5f1b49a9329)

2018-08-02 09:30:33 - [TEST_STEP][PASSED] - Statement - If (loginAction == false): null

2018-08-02 09:30:33 - [TEST_STEP][PASSED] - Statement - If (moduleAccess == false): null

2018-08-02 09:30:33 - [TEST_STEP][FAILED] - Statement - If (filterSearch.toLowerCase() == "true"): Unable to set text 'Alan Chan Kai Loon' of object 'Object Repository/Client Portal/Profile/search_profileName' (Root cause: org.openqa.selenium.InvalidElementStateException: invalid element state: Element is not currently interactable and may not be manipulated
  (Session info: chrome=67.0.3396.99)
  (Driver info: chromedriver=2.35.528161 (5b82f2d2aae0ca24b877009200ced9065a772e73),platform=Windows NT 10.0.16299 x86_64) (WARNING: The server did not provide any stacktrace information)
Command duration or timeout: 0 milliseconds
Build info: version: '3.7.1', revision: '8a0099a', time: '2017-11-06T21:07:36.161Z'
System info: host: 'KAILOON0917', ip: '192.168.2.78', os.name: 'Windows 10', os.arch: 'amd64', os.version: '10.0', java.version: '1.8.0_102'
Driver info: com.kms.katalon.selenium.driver.CChromeDriver
Capabilities {acceptInsecureCerts: false, acceptSslCerts: false, applicationCacheEnabled: false, browserConnectionEnabled: false, browserName: chrome, chrome: {chromedriverVersion: 2.35.528161 (5b82f2d2aae0ca..., userDataDir: C:\Users\KL49E2~1.CHA\AppDa...}, cssSelectorsEnabled: true, databaseEnabled: false, handlesAlerts: true, hasTouchScreen: false, javascriptEnabled: true, locationContextEnabled: true, mobileEmulationEnabled: false, nativeEvents: true, networkConnectionEnabled: false, pageLoadStrategy: normal, platform: XP, platformName: XP, rotatable: false, setWindowRect: true, takesHeapSnapshot: true, takesScreenshot: true, unexpectedAlertBehaviour: , unhandledPromptBehavior: , version: 67.0.3396.99, webStorageEnabled: true}
Session ID: 11ee4f0480a1adcc9b95f5f1b49a9329)

2018-08-02 09:30:33 - [TEST_STEP][FAILED] - Statement - If (profileName.trim() != ""): Unable to set text 'Alan Chan Kai Loon' of object 'Object Repository/Client Portal/Profile/search_profileName' (Root cause: org.openqa.selenium.InvalidElementStateException: invalid element state: Element is not currently interactable and may not be manipulated
  (Session info: chrome=67.0.3396.99)
  (Driver info: chromedriver=2.35.528161 (5b82f2d2aae0ca24b877009200ced9065a772e73),platform=Windows NT 10.0.16299 x86_64) (WARNING: The server did not provide any stacktrace information)
Command duration or timeout: 0 milliseconds
Build info: version: '3.7.1', revision: '8a0099a', time: '2017-11-06T21:07:36.161Z'
System info: host: 'KAILOON0917', ip: '192.168.2.78', os.name: 'Windows 10', os.arch: 'amd64', os.version: '10.0', java.version: '1.8.0_102'
Driver info: com.kms.katalon.selenium.driver.CChromeDriver
Capabilities {acceptInsecureCerts: false, acceptSslCerts: false, applicationCacheEnabled: false, browserConnectionEnabled: false, browserName: chrome, chrome: {chromedriverVersion: 2.35.528161 (5b82f2d2aae0ca..., userDataDir: C:\Users\KL49E2~1.CHA\AppDa...}, cssSelectorsEnabled: true, databaseEnabled: false, handlesAlerts: true, hasTouchScreen: false, javascriptEnabled: true, locationContextEnabled: true, mobileEmulationEnabled: false, nativeEvents: true, networkConnectionEnabled: false, pageLoadStrategy: normal, platform: XP, platformName: XP, rotatable: false, setWindowRect: true, takesHeapSnapshot: true, takesScreenshot: true, unexpectedAlertBehaviour: , unhandledPromptBehavior: , version: 67.0.3396.99, webStorageEnabled: true}
Session ID: 11ee4f0480a1adcc9b95f5f1b49a9329)

2018-08-02 09:30:33 - [TEST_STEP][FAILED] - setText: Unable to set text 'Alan Chan Kai Loon' of object 'Object Repository/Client Portal/Profile/search_profileName' (Root cause: org.openqa.selenium.InvalidElementStateException: invalid element state: Element is not currently interactable and may not be manipulated
  (Session info: chrome=67.0.3396.99)
  (Driver info: chromedriver=2.35.528161 (5b82f2d2aae0ca24b877009200ced9065a772e73),platform=Windows NT 10.0.16299 x86_64) (WARNING: The server did not provide any stacktrace information)
Command duration or timeout: 0 milliseconds
Build info: version: '3.7.1', revision: '8a0099a', time: '2017-11-06T21:07:36.161Z'
System info: host: 'KAILOON0917', ip: '192.168.2.78', os.name: 'Windows 10', os.arch: 'amd64', os.version: '10.0', java.version: '1.8.0_102'
Driver info: com.kms.katalon.selenium.driver.CChromeDriver
Capabilities {acceptInsecureCerts: false, acceptSslCerts: false, applicationCacheEnabled: false, browserConnectionEnabled: false, browserName: chrome, chrome: {chromedriverVersion: 2.35.528161 (5b82f2d2aae0ca..., userDataDir: C:\Users\KL49E2~1.CHA\AppDa...}, cssSelectorsEnabled: true, databaseEnabled: false, handlesAlerts: true, hasTouchScreen: false, javascriptEnabled: true, locationContextEnabled: true, mobileEmulationEnabled: false, nativeEvents: true, networkConnectionEnabled: false, pageLoadStrategy: normal, platform: XP, platformName: XP, rotatable: false, setWindowRect: true, takesHeapSnapshot: true, takesScreenshot: true, unexpectedAlertBehaviour: , unhandledPromptBehavior: , version: 67.0.3396.99, webStorageEnabled: true}
Session ID: 11ee4f0480a1adcc9b95f5f1b49a9329)

2018-08-02 09:30:34 - [MESSAGE][FAILED] - Unable to set text 'Alan Chan Kai Loon' of object 'Object Repository/Client Portal/Profile/search_profileName' (Root cause: org.openqa.selenium.InvalidElementStateException: invalid element state: Element is not currently interactable and may not be manipulated
  (Session info: chrome=67.0.3396.99)
  (Driver info: chromedriver=2.35.528161 (5b82f2d2aae0ca24b877009200ced9065a772e73),platform=Windows NT 10.0.16299 x86_64) (WARNING: The server did not provide any stacktrace information)
Command duration or timeout: 0 milliseconds
Build info: version: '3.7.1', revision: '8a0099a', time: '2017-11-06T21:07:36.161Z'
System info: host: 'KAILOON0917', ip: '192.168.2.78', os.name: 'Windows 10', os.arch: 'amd64', os.version: '10.0', java.version: '1.8.0_102'
Driver info: com.kms.katalon.selenium.driver.CChromeDriver
Capabilities {acceptInsecureCerts: false, acceptSslCerts: false, applicationCacheEnabled: false, browserConnectionEnabled: false, browserName: chrome, chrome: {chromedriverVersion: 2.35.528161 (5b82f2d2aae0ca..., userDataDir: C:\Users\KL49E2~1.CHA\AppDa...}, cssSelectorsEnabled: true, databaseEnabled: false, handlesAlerts: true, hasTouchScreen: false, javascriptEnabled: true, locationContextEnabled: true, mobileEmulationEnabled: false, nativeEvents: true, networkConnectionEnabled: false, pageLoadStrategy: normal, platform: XP, platformName: XP, rotatable: false, setWindowRect: true, takesHeapSnapshot: true, takesScreenshot: true, unexpectedAlertBehaviour: , unhandledPromptBehavior: , version: 67.0.3396.99, webStorageEnabled: true}
Session ID: 11ee4f0480a1adcc9b95f5f1b49a9329)
[[ATTACHMENT|C:\\Users\\kl.chan\\Katalon Studio\\boldtag\\Reports\\Profile\\TS001 - Edit Profile with verification\\20180802_092928\\1533173433943.png]]

2018-08-02 09:30:34 - [MESSAGE][FAILED] - Unable to call Test Case with id 'Test Cases/Client Portal/Profile/Sub Test Case/search profile' (Root cause: Call Test Case 'Test Cases/Client Portal/Profile/Sub Test Case/search profile' failed)]]></system-out>
         <system-err><![CDATA[2018-08-02 09:30:33 - [TEST_CASE][FAILED] - Test Cases/Client Portal/Profile/TC002 - Edit Profile with verification: Test Cases/Client Portal/Profile/TC002 - Edit Profile with verification FAILED because (of) Unable to set text 'Alan Chan Kai Loon' of object 'Object Repository/Client Portal/Profile/search_profileName' (Root cause: org.openqa.selenium.InvalidElementStateException: invalid element state: Element is not currently interactable and may not be manipulated
  (Session info: chrome=67.0.3396.99)
  (Driver info: chromedriver=2.35.528161 (5b82f2d2aae0ca24b877009200ced9065a772e73),platform=Windows NT 10.0.16299 x86_64) (WARNING: The server did not provide any stacktrace information)
Command duration or timeout: 0 milliseconds
Build info: version: '3.7.1', revision: '8a0099a', time: '2017-11-06T21:07:36.161Z'
System info: host: 'KAILOON0917', ip: '192.168.2.78', os.name: 'Windows 10', os.arch: 'amd64', os.version: '10.0', java.version: '1.8.0_102'
Driver info: com.kms.katalon.selenium.driver.CChromeDriver
Capabilities {acceptInsecureCerts: false, acceptSslCerts: false, applicationCacheEnabled: false, browserConnectionEnabled: false, browserName: chrome, chrome: {chromedriverVersion: 2.35.528161 (5b82f2d2aae0ca..., userDataDir: C:\Users\KL49E2~1.CHA\AppDa...}, cssSelectorsEnabled: true, databaseEnabled: false, handlesAlerts: true, hasTouchScreen: false, javascriptEnabled: true, locationContextEnabled: true, mobileEmulationEnabled: false, nativeEvents: true, networkConnectionEnabled: false, pageLoadStrategy: normal, platform: XP, platformName: XP, rotatable: false, setWindowRect: true, takesHeapSnapshot: true, takesScreenshot: true, unexpectedAlertBehaviour: , unhandledPromptBehavior: , version: 67.0.3396.99, webStorageEnabled: true}
Session ID: 11ee4f0480a1adcc9b95f5f1b49a9329)]]></system-err>
      </testcase>
      <system-out><![CDATA[2018-08-02 09:29:30 - [TEST_SUITE][FAILED] - TS001 - Edit Profile with verification: Test Cases/Client Portal/Profile/TC002 - Edit Profile with verification FAILED because (of) Unable to verify match between actual text 'Profile updated.' and expected text 'No record found.' using regular expression (Root cause: Actual text 'Profile updated.' and expected text 'No record found.' are not matched using regular expression)]]></system-out>
      <system-err><![CDATA[2018-08-02 09:29:30 - [TEST_SUITE][FAILED] - TS001 - Edit Profile with verification: Test Cases/Client Portal/Profile/TC002 - Edit Profile with verification FAILED because (of) Unable to verify match between actual text 'Profile updated.' and expected text 'No record found.' using regular expression (Root cause: Actual text 'Profile updated.' and expected text 'No record found.' are not matched using regular expression)]]></system-err>
   </testsuite>
</testsuites>
