<?xml version="1.0" encoding="UTF-8"?>
<testsuites name="TS001 - Edit Profile with verification" time="27" tests="0" failures="1" errors="3">
   <testsuite name="TS001 - Edit Profile with verification" tests="0" failures="1" errors="3" time="27" timestamp="2018-08-02 11:16:07" hostname="kl.chan - KaiLoon0917.mk.macrokiosk.com" id="Test Suites/Profile/TS001 - Edit Profile with verification">
      <properties>
         <property name="deviceName" value=""/>
         <property name="devicePlatform" value=""/>
         <property name="logFolder" value="C:\\Users\\kl.chan\\Katalon Studio\\boldtag\\Reports\\Profile\\TS001 - Edit Profile with verification\\20180802_111605"/>
         <property name="logFiles" value="C:\\Users\\kl.chan\\Katalon Studio\\boldtag\\Reports\\Profile\\TS001 - Edit Profile with verification\\20180802_111605\\execution0.log"/>
         <property name="attachments" value="C:\\Users\\kl.chan\\Katalon Studio\\boldtag\\Reports\\Profile\\TS001 - Edit Profile with verification\\20180802_111605\\1533179793547.png"/>
         <property name="hostName" value="kl.chan - KaiLoon0917.mk.macrokiosk.com"/>
         <property name="os" value="Windows 10 64bit"/>
         <property name="katalonVersion" value="5.5.0.1"/>
         <property name="browser" value="Chrome 67.0.3396.99"/>
         <property name="hostAddress" value="192.168.2.78"/>
         <property name="sessionId" value="00cfde0cb8c59fc63ddccdc866e3344b"/>
         <property name="seleniumVersion" value="3.7.1"/>
         <property name="proxyInformation" value="ProxyInformation{proxyOption=NO_PROXY, proxyServerType=HTTP, password=, proxyServerAddress=, proxyServerPort=0}"/>
         <property name="platform" value="Windows 10"/>
      </properties>
      <testcase name="Test Cases/Client Portal/Profile/TC002 - Edit Profile with verification" classname="Test Cases/Client Portal/Profile/TC002 - Edit Profile with verification" status="ERROR">
         <error type="ERROR" message="Test Cases/Client Portal/Profile/TC002 - Edit Profile with verification FAILED because (of) Variable 'randomWord' is not defined for test case."/>
         <system-out><![CDATA[2018-08-02 11:16:07 - [TEST_CASE][ERROR] - Test Cases/Client Portal/Profile/TC002 - Edit Profile with verification: Test Cases/Client Portal/Profile/TC002 - Edit Profile with verification FAILED because (of) Variable 'randomWord' is not defined for test case.

2018-08-02 11:16:08 - [TEST_STEP][PASSED] - callTestCase: Call Test Case 'Test Cases/Client Portal/Profile/Sub Test Case/search profile' successfully

2018-08-02 11:16:08 - [TEST_CASE][PASSED] - Test Cases/Client Portal/Profile/Sub Test Case/search profile: Test Cases/Client Portal/Profile/Sub Test Case/search profile

2018-08-02 11:16:08 - [TEST_STEP][PASSED] - Statement - If (loginAction == false): Call Test Case 'Test Cases/Client Portal/Login/Verify Login Success' successfully

2018-08-02 11:16:08 - [TEST_STEP][PASSED] - callTestCase: Call Test Case 'Test Cases/Client Portal/Login/Verify Login Success' successfully

2018-08-02 11:16:08 - [TEST_CASE][PASSED] - Test Cases/Client Portal/Login/Verify Login Success: Test Cases/Client Portal/Login/Verify Login Success

2018-08-02 11:16:09 - [TEST_STEP][PASSED] - callTestCase: Call Test Case 'Test Cases/Client Portal/Login/Sub Test Case/Login Action' successfully

2018-08-02 11:16:09 - [TEST_CASE][PASSED] - Test Cases/Client Portal/Login/Sub Test Case/Login Action: Test Cases/Client Portal/Login/Sub Test Case/Login Action

2018-08-02 11:16:09 - [TEST_STEP][PASSED] - openBrowser: Browser is opened with url: 'sit.boldtag.net/login.html'

2018-08-02 11:16:15 - [MESSAGE][PASSED] - Browser is opened with url: 'sit.boldtag.net/login.html'

2018-08-02 11:16:15 - [TEST_STEP][PASSED] - maximizeWindow: Current window maximized

2018-08-02 11:16:16 - [MESSAGE][PASSED] - Current window maximized

2018-08-02 11:16:16 - [TEST_STEP][PASSED] - setText: Text 'cwspreflat' is set on object 'Object Repository/Client Portal/Login/Fields and Actions/input_username'

2018-08-02 11:16:16 - [MESSAGE][PASSED] - Text 'cwspreflat' is set on object 'Object Repository/Client Portal/Login/Fields and Actions/input_username'

2018-08-02 11:16:16 - [TEST_STEP][PASSED] - setText: Text 'P@55word' is set on object 'Object Repository/Client Portal/Login/Fields and Actions/input_password'

2018-08-02 11:16:16 - [MESSAGE][PASSED] - Text 'P@55word' is set on object 'Object Repository/Client Portal/Login/Fields and Actions/input_password'

2018-08-02 11:16:16 - [TEST_STEP][PASSED] - click: Object: 'Object Repository/Client Portal/Login/Fields and Actions/button_LOGIN' is clicked on

2018-08-02 11:16:16 - [MESSAGE][PASSED] - Object: 'Object Repository/Client Portal/Login/Fields and Actions/button_LOGIN' is clicked on

2018-08-02 11:16:16 - [TEST_STEP][PASSED] - Statement - loginAction = true: null

2018-08-02 11:16:16 - [MESSAGE][PASSED] - Call Test Case 'Test Cases/Client Portal/Login/Sub Test Case/Login Action' successfully

2018-08-02 11:16:16 - [TEST_STEP][PASSED] - Statement - userAccess = false: null

2018-08-02 11:16:16 - [TEST_STEP][PASSED] - Statement - If (com.kms.katalon.core.webui.keyword.WebUiBuiltInKeywords.waitForElementVisible(com.kms.katalon.core.testobject.ObjectRepository.findTestObject(Client Portal/a.Common/button_End tour), 5)): Web element with id: 'Object Repository/Client Portal/a.Common/button_End tour' located by 'By.xpath: //button[(text() = 'End tour' or . = 'End tour')]' is not present after '5' second(s)

2018-08-02 11:16:18 - [MESSAGE][PASSED] - Object 'Object Repository/Client Portal/a.Common/button_End tour' is visible

2018-08-02 11:16:18 - [TEST_STEP][PASSED] - click: Object: 'Object Repository/Client Portal/a.Common/button_End tour' is clicked on

2018-08-02 11:16:18 - [MESSAGE][PASSED] - Object: 'Object Repository/Client Portal/a.Common/button_End tour' is clicked on

2018-08-02 11:16:18 - [TEST_STEP][PASSED] - waitForElementNotPresent: Web element with id: 'Object Repository/Client Portal/a.Common/button_End tour' located by 'By.xpath: //button[(text() = 'End tour' or . = 'End tour')]' is not present after '5' second(s)

2018-08-02 11:16:19 - [MESSAGE][PASSED] - Web element with id: 'Object Repository/Client Portal/a.Common/button_End tour' located by 'By.xpath: //button[(text() = 'End tour' or . = 'End tour')]' is not present after '5' second(s)

2018-08-02 11:16:19 - [TEST_STEP][PASSED] - Statement - If (com.kms.katalon.core.webui.keyword.WebUiBuiltInKeywords.waitForElementVisible(com.kms.katalon.core.testobject.ObjectRepository.findTestObject(Client Portal/a.Common/sidebar_username), 5)): null

2018-08-02 11:16:19 - [MESSAGE][PASSED] - Object 'Object Repository/Client Portal/a.Common/sidebar_username' is visible

2018-08-02 11:16:19 - [TEST_STEP][PASSED] - Statement - verifyusername1 = com.kms.katalon.core.webui.keyword.WebUiBuiltInKeywords.getText(com.kms.katalon.core.testobject.ObjectRepository.findTestObject(Client Portal/a.Common/sidebar_username)): Text of object 'Object Repository/Client Portal/a.Common/sidebar_username' is: 'cwspreflat'

2018-08-02 11:16:19 - [MESSAGE][PASSED] - Text of object 'Object Repository/Client Portal/a.Common/sidebar_username' is: 'cwspreflat'

2018-08-02 11:16:19 - [TEST_STEP][PASSED] - verifyMatch: Actual text 'cwspreflat' and expected text 'cwspreflat' are matched  using regular expression

2018-08-02 11:16:19 - [MESSAGE][PASSED] - Actual text 'cwspreflat' and expected text 'cwspreflat' are matched  using regular expression

2018-08-02 11:16:19 - [TEST_STEP][PASSED] - Statement - userAccess = true: null

2018-08-02 11:16:19 - [TEST_STEP][PASSED] - Statement - If (com.kms.katalon.core.webui.keyword.WebUiBuiltInKeywords.waitForElementVisible(com.kms.katalon.core.testobject.ObjectRepository.findTestObject(Client Portal/a.Common/topbar_username), 5)): null

2018-08-02 11:16:19 - [MESSAGE][PASSED] - Object 'Object Repository/Client Portal/a.Common/topbar_username' is visible

2018-08-02 11:16:19 - [TEST_STEP][PASSED] - Statement - verifyusername2 = com.kms.katalon.core.webui.keyword.WebUiBuiltInKeywords.getText(com.kms.katalon.core.testobject.ObjectRepository.findTestObject(Client Portal/a.Common/topbar_username)): Text of object 'Object Repository/Client Portal/a.Common/topbar_username' is: 'cwspreflat'

2018-08-02 11:16:19 - [MESSAGE][PASSED] - Text of object 'Object Repository/Client Portal/a.Common/topbar_username' is: 'cwspreflat'

2018-08-02 11:16:19 - [TEST_STEP][PASSED] - verifyMatch: Actual text 'cwspreflat' and expected text 'cwspreflat' are matched  using regular expression

2018-08-02 11:16:19 - [MESSAGE][PASSED] - Actual text 'cwspreflat' and expected text 'cwspreflat' are matched  using regular expression

2018-08-02 11:16:19 - [TEST_STEP][PASSED] - Statement - userAccess = true: null

2018-08-02 11:16:19 - [TEST_STEP][PASSED] - Statement - If (userAccess == false): null

2018-08-02 11:16:19 - [MESSAGE][PASSED] - Call Test Case 'Test Cases/Client Portal/Login/Verify Login Success' successfully

2018-08-02 11:16:19 - [TEST_STEP][PASSED] - Statement - If (moduleAccess == false): Call Test Case 'Test Cases/Client Portal/Module Access/Acess Profile Screen' successfully

2018-08-02 11:16:19 - [TEST_STEP][PASSED] - callTestCase: Call Test Case 'Test Cases/Client Portal/Module Access/Acess Profile Screen' successfully

2018-08-02 11:16:19 - [TEST_CASE][PASSED] - Test Cases/Client Portal/Module Access/Acess Profile Screen: Test Cases/Client Portal/Module Access/Acess Profile Screen

2018-08-02 11:16:19 - [TEST_STEP][PASSED] - click: Object: 'Object Repository/Client Portal/Module Access/sidebar_link_profile' is clicked on

2018-08-02 11:16:19 - [MESSAGE][PASSED] - Object: 'Object Repository/Client Portal/Module Access/sidebar_link_profile' is clicked on

2018-08-02 11:16:19 - [TEST_STEP][PASSED] - Statement - moduleAccess = true: null

2018-08-02 11:16:19 - [MESSAGE][PASSED] - Call Test Case 'Test Cases/Client Portal/Module Access/Acess Profile Screen' successfully

2018-08-02 11:16:19 - [TEST_STEP][PASSED] - Statement - If (filterSearch.toLowerCase() == "true"): null

2018-08-02 11:16:19 - [TEST_STEP][PASSED] - Statement - Else: Delayed 2 second(s)

2018-08-02 11:16:19 - [TEST_STEP][PASSED] - delay: Delayed 2 second(s)

2018-08-02 11:16:21 - [MESSAGE][PASSED] - Delayed 2 second(s)

2018-08-02 11:16:21 - [TEST_STEP][PASSED] - Statement - verifyRecord = true: null

2018-08-02 11:16:21 - [TEST_STEP][PASSED] - Statement - If (com.kms.katalon.core.webui.keyword.WebUiBuiltInKeywords.waitForElementVisible(com.kms.katalon.core.testobject.ObjectRepository.findTestObject(Client Portal/a.Common/popout_msg), 2)): Object 'Object Repository/Client Portal/a.Common/popout_msg' is not visible after 2 second(s)

2018-08-02 11:16:23 - [MESSAGE][WARNING] - Object 'Object Repository/Client Portal/a.Common/popout_msg' is not visible after 2 second(s)

2018-08-02 11:16:23 - [TEST_STEP][PASSED] - Statement - If (verifyRecord == true): null

2018-08-02 11:16:23 - [TEST_STEP][PASSED] - Statement - numPagesMsg = com.kms.katalon.core.webui.keyword.WebUiBuiltInKeywords.getText(com.kms.katalon.core.testobject.ObjectRepository.findTestObject(Client Portal/Profile/totalRecords)): Text of object 'Object Repository/Client Portal/Profile/totalRecords' is: 'Showing 1 to 10 of 112 entries'

2018-08-02 11:16:23 - [MESSAGE][PASSED] - Text of object 'Object Repository/Client Portal/Profile/totalRecords' is: 'Showing 1 to 10 of 112 entries'

2018-08-02 11:16:23 - [TEST_STEP][PASSED] - Statement - splitMsg = numPagesMsg.split("of"): null

2018-08-02 11:16:23 - [TEST_STEP][PASSED] - Statement - splitMsg2 = splitMsg[1].split("entries"): null

2018-08-02 11:16:23 - [TEST_STEP][PASSED] - Statement - totalPages = 0: null

2018-08-02 11:16:23 - [TEST_STEP][PASSED] - Statement - totalAmt = splitMsg2[0].toInteger(): null

2018-08-02 11:16:23 - [TEST_STEP][PASSED] - Statement - If (totalAmt != ""): null

2018-08-02 11:16:23 - [TEST_STEP][PASSED] - Statement - totalPages = totalAmt / 10 + 1: null

2018-08-02 11:16:23 - [TEST_STEP][PASSED] - Statement - totalPages = java.lang.Integer.parseInt(java.lang.String.valueOf(totalPages).split("\.")[0]): null

2018-08-02 11:16:23 - [TEST_STEP][PASSED] - Statement - driver = com.kms.katalon.core.webui.driver.DriverFactory.getWebDriver(): null

2018-08-02 11:16:23 - [TEST_STEP][PASSED] - Statement - Table = driver.findElement(org.openqa.selenium.By.xpath("//table/tbody")): null

2018-08-02 11:16:23 - [TEST_STEP][PASSED] - Statement - rows_table = Table.findElements(org.openqa.selenium.By.tagName("tr")): null

2018-08-02 11:16:23 - [TEST_STEP][PASSED] - Statement - rows_count = rows_table.size(): null

2018-08-02 11:16:23 - [TEST_STEP][PASSED] - Statement - println(rows_count): null

2018-08-02 11:16:23 - [TEST_STEP][PASSED] - Statement - If (totalAmt != ""): null

2018-08-02 11:16:23 - [TEST_STEP][PASSED] - Statement - For ([pageNum = 1, pageNum <= totalPages, (pageNum++)]): null

2018-08-02 11:16:23 - [TEST_STEP][PASSED] - Statement - For ([row = 0, row < rows_count, (row++)]): null

2018-08-02 11:16:23 - [TEST_STEP][PASSED] - Statement - Columns_row = rows_table.get(row).findElements(org.openqa.selenium.By.tagName("td")): null

2018-08-02 11:16:23 - [TEST_STEP][PASSED] - Statement - columns_count = Columns_row.size(): null

2018-08-02 11:16:23 - [TEST_STEP][PASSED] - Statement - For ([column = 0, column < columns_count, (column++)]): null

2018-08-02 11:16:23 - [TEST_STEP][PASSED] - Statement - celltext = Columns_row.get(column).getText(): null

2018-08-02 11:16:23 - [TEST_STEP][PASSED] - Statement - If (celltext == profileName): null

2018-08-02 11:16:23 - [TEST_STEP][PASSED] - Statement - celltext = Columns_row.get(column).getText(): null

2018-08-02 11:16:23 - [TEST_STEP][PASSED] - Statement - If (celltext == profileName): null

2018-08-02 11:16:23 - [TEST_STEP][PASSED] - Statement - celltext = Columns_row.get(column).getText(): null

2018-08-02 11:16:23 - [TEST_STEP][PASSED] - Statement - If (celltext == profileName): null

2018-08-02 11:16:23 - [TEST_STEP][PASSED] - Statement - celltext = Columns_row.get(column).getText(): null

2018-08-02 11:16:24 - [TEST_STEP][PASSED] - Statement - If (celltext == profileName): null

2018-08-02 11:16:24 - [TEST_STEP][PASSED] - Statement - Columns_row = rows_table.get(row).findElements(org.openqa.selenium.By.tagName("td")): null

2018-08-02 11:16:24 - [TEST_STEP][PASSED] - Statement - columns_count = Columns_row.size(): null

2018-08-02 11:16:24 - [TEST_STEP][PASSED] - Statement - For ([column = 0, column < columns_count, (column++)]): null

2018-08-02 11:16:24 - [TEST_STEP][PASSED] - Statement - celltext = Columns_row.get(column).getText(): null

2018-08-02 11:16:24 - [TEST_STEP][PASSED] - Statement - If (celltext == profileName): null

2018-08-02 11:16:24 - [TEST_STEP][PASSED] - Statement - celltext = Columns_row.get(column).getText(): null

2018-08-02 11:16:24 - [TEST_STEP][PASSED] - Statement - If (celltext == profileName): null

2018-08-02 11:16:24 - [TEST_STEP][PASSED] - Statement - celltext = Columns_row.get(column).getText(): null

2018-08-02 11:16:24 - [TEST_STEP][PASSED] - Statement - If (celltext == profileName): null

2018-08-02 11:16:24 - [TEST_STEP][PASSED] - Statement - celltext = Columns_row.get(column).getText(): null

2018-08-02 11:16:24 - [TEST_STEP][PASSED] - Statement - If (celltext == profileName): null

2018-08-02 11:16:24 - [TEST_STEP][PASSED] - Statement - Columns_row = rows_table.get(row).findElements(org.openqa.selenium.By.tagName("td")): null

2018-08-02 11:16:24 - [TEST_STEP][PASSED] - Statement - columns_count = Columns_row.size(): null

2018-08-02 11:16:24 - [TEST_STEP][PASSED] - Statement - For ([column = 0, column < columns_count, (column++)]): null

2018-08-02 11:16:24 - [TEST_STEP][PASSED] - Statement - celltext = Columns_row.get(column).getText(): null

2018-08-02 11:16:24 - [TEST_STEP][PASSED] - Statement - If (celltext == profileName): null

2018-08-02 11:16:24 - [TEST_STEP][PASSED] - Statement - celltext = Columns_row.get(column).getText(): null

2018-08-02 11:16:24 - [TEST_STEP][PASSED] - Statement - If (celltext == profileName): null

2018-08-02 11:16:24 - [TEST_STEP][PASSED] - Statement - celltext = Columns_row.get(column).getText(): null

2018-08-02 11:16:24 - [TEST_STEP][PASSED] - Statement - If (celltext == profileName): null

2018-08-02 11:16:24 - [TEST_STEP][PASSED] - Statement - celltext = Columns_row.get(column).getText(): null

2018-08-02 11:16:24 - [TEST_STEP][PASSED] - Statement - If (celltext == profileName): null

2018-08-02 11:16:24 - [TEST_STEP][PASSED] - Statement - Columns_row = rows_table.get(row).findElements(org.openqa.selenium.By.tagName("td")): null

2018-08-02 11:16:24 - [TEST_STEP][PASSED] - Statement - columns_count = Columns_row.size(): null

2018-08-02 11:16:24 - [TEST_STEP][PASSED] - Statement - For ([column = 0, column < columns_count, (column++)]): null

2018-08-02 11:16:24 - [TEST_STEP][PASSED] - Statement - celltext = Columns_row.get(column).getText(): null

2018-08-02 11:16:24 - [TEST_STEP][PASSED] - Statement - If (celltext == profileName): null

2018-08-02 11:16:24 - [TEST_STEP][PASSED] - Statement - celltext = Columns_row.get(column).getText(): null

2018-08-02 11:16:24 - [TEST_STEP][PASSED] - Statement - If (celltext == profileName): null

2018-08-02 11:16:24 - [TEST_STEP][PASSED] - Statement - celltext = Columns_row.get(column).getText(): null

2018-08-02 11:16:24 - [TEST_STEP][PASSED] - Statement - If (celltext == profileName): null

2018-08-02 11:16:24 - [TEST_STEP][PASSED] - Statement - celltext = Columns_row.get(column).getText(): null

2018-08-02 11:16:24 - [TEST_STEP][PASSED] - Statement - If (celltext == profileName): null

2018-08-02 11:16:24 - [TEST_STEP][PASSED] - Statement - Columns_row = rows_table.get(row).findElements(org.openqa.selenium.By.tagName("td")): null

2018-08-02 11:16:24 - [TEST_STEP][PASSED] - Statement - columns_count = Columns_row.size(): null

2018-08-02 11:16:24 - [TEST_STEP][PASSED] - Statement - For ([column = 0, column < columns_count, (column++)]): null

2018-08-02 11:16:24 - [TEST_STEP][PASSED] - Statement - celltext = Columns_row.get(column).getText(): null

2018-08-02 11:16:24 - [TEST_STEP][PASSED] - Statement - If (celltext == profileName): null

2018-08-02 11:16:24 - [TEST_STEP][PASSED] - Statement - celltext = Columns_row.get(column).getText(): null

2018-08-02 11:16:24 - [TEST_STEP][PASSED] - Statement - If (celltext == profileName): null

2018-08-02 11:16:24 - [TEST_STEP][PASSED] - Statement - celltext = Columns_row.get(column).getText(): null

2018-08-02 11:16:24 - [TEST_STEP][PASSED] - Statement - If (celltext == profileName): null

2018-08-02 11:16:24 - [TEST_STEP][PASSED] - Statement - celltext = Columns_row.get(column).getText(): null

2018-08-02 11:16:24 - [TEST_STEP][PASSED] - Statement - If (celltext == profileName): null

2018-08-02 11:16:24 - [TEST_STEP][PASSED] - Statement - Columns_row = rows_table.get(row).findElements(org.openqa.selenium.By.tagName("td")): null

2018-08-02 11:16:24 - [TEST_STEP][PASSED] - Statement - columns_count = Columns_row.size(): null

2018-08-02 11:16:24 - [TEST_STEP][PASSED] - Statement - For ([column = 0, column < columns_count, (column++)]): null

2018-08-02 11:16:24 - [TEST_STEP][PASSED] - Statement - celltext = Columns_row.get(column).getText(): null

2018-08-02 11:16:24 - [TEST_STEP][PASSED] - Statement - If (celltext == profileName): null

2018-08-02 11:16:24 - [TEST_STEP][PASSED] - Statement - celltext = Columns_row.get(column).getText(): null

2018-08-02 11:16:24 - [TEST_STEP][PASSED] - Statement - If (celltext == profileName): null

2018-08-02 11:16:24 - [TEST_STEP][PASSED] - Statement - println("Profile Name: " + Columns_row.get(1).getText()): null

2018-08-02 11:16:24 - [TEST_STEP][PASSED] - Statement - editXpath = "//*[@id="wrapper"]/div[4]/div/div/div/div[3]/form/div[4]/div/div/table/tbody/tr[" + (++row) + "]/td[4]/button[1]": null

2018-08-02 11:16:24 - [TEST_STEP][PASSED] - Statement - viewXpath = "//*[@id="wrapper"]/div[4]/div/div/div/div[3]/form/div[4]/div/div/table/tbody/tr[" + (row++) + "]/td[4]/button[2]": null

2018-08-02 11:16:24 - [TEST_STEP][PASSED] - Statement - dateCreated = Columns_row.get(2).getText(): null

2018-08-02 11:16:24 - [TEST_STEP][PASSED] - Statement - println("Date Created: " + dateCreated): null

2018-08-02 11:16:24 - [TEST_STEP][PASSED] - Statement - verifyRecord = true: null

2018-08-02 11:16:24 - [TEST_STEP][PASSED] - Statement - If (searchAction.toLowerCase() == "edit"): null

2018-08-02 11:16:24 - [TEST_STEP][PASSED] - Statement - Columns_row.get(3).findElement(org.openqa.selenium.By.xpath(editXpath)).click(): null

2018-08-02 11:16:24 - [TEST_STEP][PASSED] - Statement - If (searchAction.toLowerCase() == "view"): null

2018-08-02 11:16:24 - [TEST_STEP][PASSED] - Statement - Break: null

2018-08-02 11:16:24 - [MESSAGE][PASSED] - Call Test Case 'Test Cases/Client Portal/Profile/Sub Test Case/search profile' successfully

2018-08-02 11:16:24 - [TEST_STEP][PASSED] - Statement - randomWords = CustomKeywords.randomWords.GenerateAction.randomString(5): randomWords.GenerateAction.randomString is PASSED

2018-08-02 11:16:24 - [MESSAGE][PASSED] - randomWords.GenerateAction.randomString is PASSED

2018-08-02 11:16:24 - [TEST_STEP][PASSED] - Statement - If (profileName.trim() != ""): null

2018-08-02 11:16:24 - [TEST_STEP][PASSED] - Statement - If (randomWord.toLowerCase() == "true"): null]]></system-out>
         <system-err><![CDATA[2018-08-02 11:16:07 - [TEST_CASE][ERROR] - Test Cases/Client Portal/Profile/TC002 - Edit Profile with verification: Test Cases/Client Portal/Profile/TC002 - Edit Profile with verification FAILED because (of) Variable 'randomWord' is not defined for test case.]]></system-err>
      </testcase>
      <testcase name="Test Cases/Client Portal/Profile/TC002 - Edit Profile with verification" classname="Test Cases/Client Portal/Profile/TC002 - Edit Profile with verification" status="ERROR">
         <error type="ERROR" message="Test Cases/Client Portal/Profile/TC002 - Edit Profile with verification FAILED because (of) java.lang.ArrayIndexOutOfBoundsException: 1"/>
         <system-out><![CDATA[2018-08-02 11:16:24 - [TEST_CASE][ERROR] - Test Cases/Client Portal/Profile/TC002 - Edit Profile with verification: Test Cases/Client Portal/Profile/TC002 - Edit Profile with verification FAILED because (of) java.lang.ArrayIndexOutOfBoundsException: 1

2018-08-02 11:16:24 - [TEST_STEP][FAILED] - callTestCase: Unable to call Test Case with id 'Test Cases/Client Portal/Profile/Sub Test Case/search profile' (Root cause: Call Test Case 'Test Cases/Client Portal/Profile/Sub Test Case/search profile' failed because of error(s))

2018-08-02 11:16:24 - [TEST_CASE][ERROR] - Test Cases/Client Portal/Profile/Sub Test Case/search profile: Test Cases/Client Portal/Profile/Sub Test Case/search profile FAILED because (of) java.lang.ArrayIndexOutOfBoundsException: 1

2018-08-02 11:16:24 - [TEST_STEP][PASSED] - Statement - If (loginAction == false): null

2018-08-02 11:16:24 - [TEST_STEP][PASSED] - Statement - If (moduleAccess == false): null

2018-08-02 11:16:24 - [TEST_STEP][PASSED] - Statement - If (filterSearch.toLowerCase() == "true"): null

2018-08-02 11:16:24 - [TEST_STEP][PASSED] - Statement - Else: Delayed 2 second(s)

2018-08-02 11:16:24 - [TEST_STEP][PASSED] - delay: Delayed 2 second(s)

2018-08-02 11:16:26 - [MESSAGE][PASSED] - Delayed 2 second(s)

2018-08-02 11:16:26 - [TEST_STEP][PASSED] - Statement - verifyRecord = true: null

2018-08-02 11:16:26 - [TEST_STEP][PASSED] - Statement - If (com.kms.katalon.core.webui.keyword.WebUiBuiltInKeywords.waitForElementVisible(com.kms.katalon.core.testobject.ObjectRepository.findTestObject(Client Portal/a.Common/popout_msg), 2)): Object 'Object Repository/Client Portal/a.Common/popout_msg' is not visible after 2 second(s)

2018-08-02 11:16:28 - [MESSAGE][WARNING] - Object 'Object Repository/Client Portal/a.Common/popout_msg' is not visible after 2 second(s)

2018-08-02 11:16:28 - [TEST_STEP][PASSED] - Statement - If (verifyRecord == true): null

2018-08-02 11:16:28 - [TEST_STEP][PASSED] - Statement - numPagesMsg = com.kms.katalon.core.webui.keyword.WebUiBuiltInKeywords.getText(com.kms.katalon.core.testobject.ObjectRepository.findTestObject(Client Portal/Profile/totalRecords)): Text of object 'Object Repository/Client Portal/Profile/totalRecords' is: ''

2018-08-02 11:16:28 - [MESSAGE][PASSED] - Text of object 'Object Repository/Client Portal/Profile/totalRecords' is: ''

2018-08-02 11:16:28 - [TEST_STEP][PASSED] - Statement - splitMsg = numPagesMsg.split("of"): null

2018-08-02 11:16:28 - [TEST_STEP][PASSED] - Statement - splitMsg2 = splitMsg[1].split("entries"): null

2018-08-02 11:16:28 - [MESSAGE][FAILED] - Unable to call Test Case with id 'Test Cases/Client Portal/Profile/Sub Test Case/search profile' (Root cause: Call Test Case 'Test Cases/Client Portal/Profile/Sub Test Case/search profile' failed because of error(s))]]></system-out>
         <system-err><![CDATA[2018-08-02 11:16:24 - [TEST_CASE][ERROR] - Test Cases/Client Portal/Profile/TC002 - Edit Profile with verification: Test Cases/Client Portal/Profile/TC002 - Edit Profile with verification FAILED because (of) java.lang.ArrayIndexOutOfBoundsException: 1]]></system-err>
      </testcase>
      <testcase name="Test Cases/Client Portal/Profile/TC002 - Edit Profile with verification" classname="Test Cases/Client Portal/Profile/TC002 - Edit Profile with verification" status="ERROR">
         <error type="ERROR" message="Test Cases/Client Portal/Profile/TC002 - Edit Profile with verification FAILED because (of) java.lang.ArrayIndexOutOfBoundsException: 1"/>
         <system-out><![CDATA[2018-08-02 11:16:28 - [TEST_CASE][ERROR] - Test Cases/Client Portal/Profile/TC002 - Edit Profile with verification: Test Cases/Client Portal/Profile/TC002 - Edit Profile with verification FAILED because (of) java.lang.ArrayIndexOutOfBoundsException: 1

2018-08-02 11:16:28 - [TEST_STEP][FAILED] - callTestCase: Unable to call Test Case with id 'Test Cases/Client Portal/Profile/Sub Test Case/search profile' (Root cause: Call Test Case 'Test Cases/Client Portal/Profile/Sub Test Case/search profile' failed because of error(s))

2018-08-02 11:16:29 - [TEST_CASE][ERROR] - Test Cases/Client Portal/Profile/Sub Test Case/search profile: Test Cases/Client Portal/Profile/Sub Test Case/search profile FAILED because (of) java.lang.ArrayIndexOutOfBoundsException: 1

2018-08-02 11:16:29 - [TEST_STEP][PASSED] - Statement - If (loginAction == false): null

2018-08-02 11:16:29 - [TEST_STEP][PASSED] - Statement - If (moduleAccess == false): null

2018-08-02 11:16:29 - [TEST_STEP][PASSED] - Statement - If (filterSearch.toLowerCase() == "true"): null

2018-08-02 11:16:29 - [TEST_STEP][PASSED] - Statement - Else: Delayed 2 second(s)

2018-08-02 11:16:29 - [TEST_STEP][PASSED] - delay: Delayed 2 second(s)

2018-08-02 11:16:31 - [MESSAGE][PASSED] - Delayed 2 second(s)

2018-08-02 11:16:31 - [TEST_STEP][PASSED] - Statement - verifyRecord = true: null

2018-08-02 11:16:31 - [TEST_STEP][PASSED] - Statement - If (com.kms.katalon.core.webui.keyword.WebUiBuiltInKeywords.waitForElementVisible(com.kms.katalon.core.testobject.ObjectRepository.findTestObject(Client Portal/a.Common/popout_msg), 2)): Object 'Object Repository/Client Portal/a.Common/popout_msg' is not visible after 2 second(s)

2018-08-02 11:16:33 - [MESSAGE][WARNING] - Object 'Object Repository/Client Portal/a.Common/popout_msg' is not visible after 2 second(s)

2018-08-02 11:16:33 - [TEST_STEP][PASSED] - Statement - If (verifyRecord == true): null

2018-08-02 11:16:33 - [TEST_STEP][PASSED] - Statement - numPagesMsg = com.kms.katalon.core.webui.keyword.WebUiBuiltInKeywords.getText(com.kms.katalon.core.testobject.ObjectRepository.findTestObject(Client Portal/Profile/totalRecords)): Text of object 'Object Repository/Client Portal/Profile/totalRecords' is: ''

2018-08-02 11:16:33 - [MESSAGE][PASSED] - Text of object 'Object Repository/Client Portal/Profile/totalRecords' is: ''

2018-08-02 11:16:33 - [TEST_STEP][PASSED] - Statement - splitMsg = numPagesMsg.split("of"): null

2018-08-02 11:16:33 - [TEST_STEP][PASSED] - Statement - splitMsg2 = splitMsg[1].split("entries"): null

2018-08-02 11:16:33 - [MESSAGE][FAILED] - Unable to call Test Case with id 'Test Cases/Client Portal/Profile/Sub Test Case/search profile' (Root cause: Call Test Case 'Test Cases/Client Portal/Profile/Sub Test Case/search profile' failed because of error(s))]]></system-out>
         <system-err><![CDATA[2018-08-02 11:16:28 - [TEST_CASE][ERROR] - Test Cases/Client Portal/Profile/TC002 - Edit Profile with verification: Test Cases/Client Portal/Profile/TC002 - Edit Profile with verification FAILED because (of) java.lang.ArrayIndexOutOfBoundsException: 1]]></system-err>
      </testcase>
      <testcase name="Test Cases/Client Portal/Profile/TC002 - Edit Profile with verification" classname="Test Cases/Client Portal/Profile/TC002 - Edit Profile with verification" status="FAILED">
         <failure type="FAILED" message="Unable to set text 'Alan' of object 'Object Repository/Client Portal/Profile/search_profileName' (Root cause: org.openqa.selenium.InvalidElementStateException: invalid element state: Element is not currently interactable and may not be manipulated
  (Session info: chrome=67.0.3396.99)
  (Driver info: chromedriver=2.35.528161 (5b82f2d2aae0ca24b877009200ced9065a772e73),platform=Windows NT 10.0.16299 x86_64) (WARNING: The server did not provide any stacktrace information)
Command duration or timeout: 0 milliseconds
Build info: version: '3.7.1', revision: '8a0099a', time: '2017-11-06T21:07:36.161Z'
System info: host: 'KAILOON0917', ip: '192.168.2.78', os.name: 'Windows 10', os.arch: 'amd64', os.version: '10.0', java.version: '1.8.0_102'
Driver info: com.kms.katalon.selenium.driver.CChromeDriver
Capabilities {acceptInsecureCerts: false, acceptSslCerts: false, applicationCacheEnabled: false, browserConnectionEnabled: false, browserName: chrome, chrome: {chromedriverVersion: 2.35.528161 (5b82f2d2aae0ca..., userDataDir: C:\Users\KL49E2~1.CHA\AppDa...}, cssSelectorsEnabled: true, databaseEnabled: false, handlesAlerts: true, hasTouchScreen: false, javascriptEnabled: true, locationContextEnabled: true, mobileEmulationEnabled: false, nativeEvents: true, networkConnectionEnabled: false, pageLoadStrategy: normal, platform: XP, platformName: XP, rotatable: false, setWindowRect: true, takesHeapSnapshot: true, takesScreenshot: true, unexpectedAlertBehaviour: , unhandledPromptBehavior: , version: 67.0.3396.99, webStorageEnabled: true}
Session ID: 00cfde0cb8c59fc63ddccdc866e3344b)"/>
         <system-out><![CDATA[2018-08-02 11:16:33 - [TEST_CASE][FAILED] - Test Cases/Client Portal/Profile/TC002 - Edit Profile with verification: Test Cases/Client Portal/Profile/TC002 - Edit Profile with verification FAILED because (of) Unable to set text 'Alan' of object 'Object Repository/Client Portal/Profile/search_profileName' (Root cause: org.openqa.selenium.InvalidElementStateException: invalid element state: Element is not currently interactable and may not be manipulated
  (Session info: chrome=67.0.3396.99)
  (Driver info: chromedriver=2.35.528161 (5b82f2d2aae0ca24b877009200ced9065a772e73),platform=Windows NT 10.0.16299 x86_64) (WARNING: The server did not provide any stacktrace information)
Command duration or timeout: 0 milliseconds
Build info: version: '3.7.1', revision: '8a0099a', time: '2017-11-06T21:07:36.161Z'
System info: host: 'KAILOON0917', ip: '192.168.2.78', os.name: 'Windows 10', os.arch: 'amd64', os.version: '10.0', java.version: '1.8.0_102'
Driver info: com.kms.katalon.selenium.driver.CChromeDriver
Capabilities {acceptInsecureCerts: false, acceptSslCerts: false, applicationCacheEnabled: false, browserConnectionEnabled: false, browserName: chrome, chrome: {chromedriverVersion: 2.35.528161 (5b82f2d2aae0ca..., userDataDir: C:\Users\KL49E2~1.CHA\AppDa...}, cssSelectorsEnabled: true, databaseEnabled: false, handlesAlerts: true, hasTouchScreen: false, javascriptEnabled: true, locationContextEnabled: true, mobileEmulationEnabled: false, nativeEvents: true, networkConnectionEnabled: false, pageLoadStrategy: normal, platform: XP, platformName: XP, rotatable: false, setWindowRect: true, takesHeapSnapshot: true, takesScreenshot: true, unexpectedAlertBehaviour: , unhandledPromptBehavior: , version: 67.0.3396.99, webStorageEnabled: true}
Session ID: 00cfde0cb8c59fc63ddccdc866e3344b)

2018-08-02 11:16:33 - [TEST_STEP][FAILED] - callTestCase: Unable to call Test Case with id 'Test Cases/Client Portal/Profile/Sub Test Case/search profile' (Root cause: Call Test Case 'Test Cases/Client Portal/Profile/Sub Test Case/search profile' failed)

2018-08-02 11:16:33 - [TEST_CASE][FAILED] - Test Cases/Client Portal/Profile/Sub Test Case/search profile: Test Cases/Client Portal/Profile/Sub Test Case/search profile FAILED because (of) Unable to set text 'Alan' of object 'Object Repository/Client Portal/Profile/search_profileName' (Root cause: org.openqa.selenium.InvalidElementStateException: invalid element state: Element is not currently interactable and may not be manipulated
  (Session info: chrome=67.0.3396.99)
  (Driver info: chromedriver=2.35.528161 (5b82f2d2aae0ca24b877009200ced9065a772e73),platform=Windows NT 10.0.16299 x86_64) (WARNING: The server did not provide any stacktrace information)
Command duration or timeout: 0 milliseconds
Build info: version: '3.7.1', revision: '8a0099a', time: '2017-11-06T21:07:36.161Z'
System info: host: 'KAILOON0917', ip: '192.168.2.78', os.name: 'Windows 10', os.arch: 'amd64', os.version: '10.0', java.version: '1.8.0_102'
Driver info: com.kms.katalon.selenium.driver.CChromeDriver
Capabilities {acceptInsecureCerts: false, acceptSslCerts: false, applicationCacheEnabled: false, browserConnectionEnabled: false, browserName: chrome, chrome: {chromedriverVersion: 2.35.528161 (5b82f2d2aae0ca..., userDataDir: C:\Users\KL49E2~1.CHA\AppDa...}, cssSelectorsEnabled: true, databaseEnabled: false, handlesAlerts: true, hasTouchScreen: false, javascriptEnabled: true, locationContextEnabled: true, mobileEmulationEnabled: false, nativeEvents: true, networkConnectionEnabled: false, pageLoadStrategy: normal, platform: XP, platformName: XP, rotatable: false, setWindowRect: true, takesHeapSnapshot: true, takesScreenshot: true, unexpectedAlertBehaviour: , unhandledPromptBehavior: , version: 67.0.3396.99, webStorageEnabled: true}
Session ID: 00cfde0cb8c59fc63ddccdc866e3344b)

2018-08-02 11:16:33 - [TEST_STEP][PASSED] - Statement - If (loginAction == false): null

2018-08-02 11:16:33 - [TEST_STEP][PASSED] - Statement - If (moduleAccess == false): null

2018-08-02 11:16:33 - [TEST_STEP][FAILED] - Statement - If (filterSearch.toLowerCase() == "true"): Unable to set text 'Alan' of object 'Object Repository/Client Portal/Profile/search_profileName' (Root cause: org.openqa.selenium.InvalidElementStateException: invalid element state: Element is not currently interactable and may not be manipulated
  (Session info: chrome=67.0.3396.99)
  (Driver info: chromedriver=2.35.528161 (5b82f2d2aae0ca24b877009200ced9065a772e73),platform=Windows NT 10.0.16299 x86_64) (WARNING: The server did not provide any stacktrace information)
Command duration or timeout: 0 milliseconds
Build info: version: '3.7.1', revision: '8a0099a', time: '2017-11-06T21:07:36.161Z'
System info: host: 'KAILOON0917', ip: '192.168.2.78', os.name: 'Windows 10', os.arch: 'amd64', os.version: '10.0', java.version: '1.8.0_102'
Driver info: com.kms.katalon.selenium.driver.CChromeDriver
Capabilities {acceptInsecureCerts: false, acceptSslCerts: false, applicationCacheEnabled: false, browserConnectionEnabled: false, browserName: chrome, chrome: {chromedriverVersion: 2.35.528161 (5b82f2d2aae0ca..., userDataDir: C:\Users\KL49E2~1.CHA\AppDa...}, cssSelectorsEnabled: true, databaseEnabled: false, handlesAlerts: true, hasTouchScreen: false, javascriptEnabled: true, locationContextEnabled: true, mobileEmulationEnabled: false, nativeEvents: true, networkConnectionEnabled: false, pageLoadStrategy: normal, platform: XP, platformName: XP, rotatable: false, setWindowRect: true, takesHeapSnapshot: true, takesScreenshot: true, unexpectedAlertBehaviour: , unhandledPromptBehavior: , version: 67.0.3396.99, webStorageEnabled: true}
Session ID: 00cfde0cb8c59fc63ddccdc866e3344b)

2018-08-02 11:16:33 - [TEST_STEP][FAILED] - Statement - If (profileName.trim() != ""): Unable to set text 'Alan' of object 'Object Repository/Client Portal/Profile/search_profileName' (Root cause: org.openqa.selenium.InvalidElementStateException: invalid element state: Element is not currently interactable and may not be manipulated
  (Session info: chrome=67.0.3396.99)
  (Driver info: chromedriver=2.35.528161 (5b82f2d2aae0ca24b877009200ced9065a772e73),platform=Windows NT 10.0.16299 x86_64) (WARNING: The server did not provide any stacktrace information)
Command duration or timeout: 0 milliseconds
Build info: version: '3.7.1', revision: '8a0099a', time: '2017-11-06T21:07:36.161Z'
System info: host: 'KAILOON0917', ip: '192.168.2.78', os.name: 'Windows 10', os.arch: 'amd64', os.version: '10.0', java.version: '1.8.0_102'
Driver info: com.kms.katalon.selenium.driver.CChromeDriver
Capabilities {acceptInsecureCerts: false, acceptSslCerts: false, applicationCacheEnabled: false, browserConnectionEnabled: false, browserName: chrome, chrome: {chromedriverVersion: 2.35.528161 (5b82f2d2aae0ca..., userDataDir: C:\Users\KL49E2~1.CHA\AppDa...}, cssSelectorsEnabled: true, databaseEnabled: false, handlesAlerts: true, hasTouchScreen: false, javascriptEnabled: true, locationContextEnabled: true, mobileEmulationEnabled: false, nativeEvents: true, networkConnectionEnabled: false, pageLoadStrategy: normal, platform: XP, platformName: XP, rotatable: false, setWindowRect: true, takesHeapSnapshot: true, takesScreenshot: true, unexpectedAlertBehaviour: , unhandledPromptBehavior: , version: 67.0.3396.99, webStorageEnabled: true}
Session ID: 00cfde0cb8c59fc63ddccdc866e3344b)

2018-08-02 11:16:33 - [TEST_STEP][FAILED] - setText: Unable to set text 'Alan' of object 'Object Repository/Client Portal/Profile/search_profileName' (Root cause: org.openqa.selenium.InvalidElementStateException: invalid element state: Element is not currently interactable and may not be manipulated
  (Session info: chrome=67.0.3396.99)
  (Driver info: chromedriver=2.35.528161 (5b82f2d2aae0ca24b877009200ced9065a772e73),platform=Windows NT 10.0.16299 x86_64) (WARNING: The server did not provide any stacktrace information)
Command duration or timeout: 0 milliseconds
Build info: version: '3.7.1', revision: '8a0099a', time: '2017-11-06T21:07:36.161Z'
System info: host: 'KAILOON0917', ip: '192.168.2.78', os.name: 'Windows 10', os.arch: 'amd64', os.version: '10.0', java.version: '1.8.0_102'
Driver info: com.kms.katalon.selenium.driver.CChromeDriver
Capabilities {acceptInsecureCerts: false, acceptSslCerts: false, applicationCacheEnabled: false, browserConnectionEnabled: false, browserName: chrome, chrome: {chromedriverVersion: 2.35.528161 (5b82f2d2aae0ca..., userDataDir: C:\Users\KL49E2~1.CHA\AppDa...}, cssSelectorsEnabled: true, databaseEnabled: false, handlesAlerts: true, hasTouchScreen: false, javascriptEnabled: true, locationContextEnabled: true, mobileEmulationEnabled: false, nativeEvents: true, networkConnectionEnabled: false, pageLoadStrategy: normal, platform: XP, platformName: XP, rotatable: false, setWindowRect: true, takesHeapSnapshot: true, takesScreenshot: true, unexpectedAlertBehaviour: , unhandledPromptBehavior: , version: 67.0.3396.99, webStorageEnabled: true}
Session ID: 00cfde0cb8c59fc63ddccdc866e3344b)

2018-08-02 11:16:33 - [MESSAGE][FAILED] - Unable to set text 'Alan' of object 'Object Repository/Client Portal/Profile/search_profileName' (Root cause: org.openqa.selenium.InvalidElementStateException: invalid element state: Element is not currently interactable and may not be manipulated
  (Session info: chrome=67.0.3396.99)
  (Driver info: chromedriver=2.35.528161 (5b82f2d2aae0ca24b877009200ced9065a772e73),platform=Windows NT 10.0.16299 x86_64) (WARNING: The server did not provide any stacktrace information)
Command duration or timeout: 0 milliseconds
Build info: version: '3.7.1', revision: '8a0099a', time: '2017-11-06T21:07:36.161Z'
System info: host: 'KAILOON0917', ip: '192.168.2.78', os.name: 'Windows 10', os.arch: 'amd64', os.version: '10.0', java.version: '1.8.0_102'
Driver info: com.kms.katalon.selenium.driver.CChromeDriver
Capabilities {acceptInsecureCerts: false, acceptSslCerts: false, applicationCacheEnabled: false, browserConnectionEnabled: false, browserName: chrome, chrome: {chromedriverVersion: 2.35.528161 (5b82f2d2aae0ca..., userDataDir: C:\Users\KL49E2~1.CHA\AppDa...}, cssSelectorsEnabled: true, databaseEnabled: false, handlesAlerts: true, hasTouchScreen: false, javascriptEnabled: true, locationContextEnabled: true, mobileEmulationEnabled: false, nativeEvents: true, networkConnectionEnabled: false, pageLoadStrategy: normal, platform: XP, platformName: XP, rotatable: false, setWindowRect: true, takesHeapSnapshot: true, takesScreenshot: true, unexpectedAlertBehaviour: , unhandledPromptBehavior: , version: 67.0.3396.99, webStorageEnabled: true}
Session ID: 00cfde0cb8c59fc63ddccdc866e3344b)
[[ATTACHMENT|C:\\Users\\kl.chan\\Katalon Studio\\boldtag\\Reports\\Profile\\TS001 - Edit Profile with verification\\20180802_111605\\1533179793547.png]]

2018-08-02 11:16:33 - [MESSAGE][FAILED] - Unable to call Test Case with id 'Test Cases/Client Portal/Profile/Sub Test Case/search profile' (Root cause: Call Test Case 'Test Cases/Client Portal/Profile/Sub Test Case/search profile' failed)]]></system-out>
         <system-err><![CDATA[2018-08-02 11:16:33 - [TEST_CASE][FAILED] - Test Cases/Client Portal/Profile/TC002 - Edit Profile with verification: Test Cases/Client Portal/Profile/TC002 - Edit Profile with verification FAILED because (of) Unable to set text 'Alan' of object 'Object Repository/Client Portal/Profile/search_profileName' (Root cause: org.openqa.selenium.InvalidElementStateException: invalid element state: Element is not currently interactable and may not be manipulated
  (Session info: chrome=67.0.3396.99)
  (Driver info: chromedriver=2.35.528161 (5b82f2d2aae0ca24b877009200ced9065a772e73),platform=Windows NT 10.0.16299 x86_64) (WARNING: The server did not provide any stacktrace information)
Command duration or timeout: 0 milliseconds
Build info: version: '3.7.1', revision: '8a0099a', time: '2017-11-06T21:07:36.161Z'
System info: host: 'KAILOON0917', ip: '192.168.2.78', os.name: 'Windows 10', os.arch: 'amd64', os.version: '10.0', java.version: '1.8.0_102'
Driver info: com.kms.katalon.selenium.driver.CChromeDriver
Capabilities {acceptInsecureCerts: false, acceptSslCerts: false, applicationCacheEnabled: false, browserConnectionEnabled: false, browserName: chrome, chrome: {chromedriverVersion: 2.35.528161 (5b82f2d2aae0ca..., userDataDir: C:\Users\KL49E2~1.CHA\AppDa...}, cssSelectorsEnabled: true, databaseEnabled: false, handlesAlerts: true, hasTouchScreen: false, javascriptEnabled: true, locationContextEnabled: true, mobileEmulationEnabled: false, nativeEvents: true, networkConnectionEnabled: false, pageLoadStrategy: normal, platform: XP, platformName: XP, rotatable: false, setWindowRect: true, takesHeapSnapshot: true, takesScreenshot: true, unexpectedAlertBehaviour: , unhandledPromptBehavior: , version: 67.0.3396.99, webStorageEnabled: true}
Session ID: 00cfde0cb8c59fc63ddccdc866e3344b)]]></system-err>
      </testcase>
      <system-out><![CDATA[2018-08-02 11:16:07 - [TEST_SUITE][ERROR] - TS001 - Edit Profile with verification: Test Cases/Client Portal/Profile/TC002 - Edit Profile with verification FAILED because (of) Variable 'randomWord' is not defined for test case.]]></system-out>
      <system-err><![CDATA[2018-08-02 11:16:07 - [TEST_SUITE][ERROR] - TS001 - Edit Profile with verification: Test Cases/Client Portal/Profile/TC002 - Edit Profile with verification FAILED because (of) Variable 'randomWord' is not defined for test case.]]></system-err>
   </testsuite>
</testsuites>
